[0.151s] DEBUG:colcon:Command line arguments: ['/usr/lib/python3/dist-packages/colcon/__main__.py', 'build']
[0.151s] DEBUG:colcon:Parsed command line arguments: Namespace(log_base=None, log_level=None, verb_name='build', build_base='build', install_base='install', merge_install=False, symlink_install=False, test_result_base=None, continue_on_error=False, executor='parallel', parallel_workers=4, event_handlers=None, ignore_user_meta=False, metas=['./colcon.meta'], base_paths=['.'], packages_ignore=None, packages_ignore_regex=None, paths=None, packages_up_to=None, packages_up_to_regex=None, packages_above=None, packages_above_and_dependencies=None, packages_above_depth=None, packages_select_by_dep=None, packages_skip_by_dep=None, packages_skip_up_to=None, packages_select_build_failed=False, packages_skip_build_finished=False, packages_select_test_failures=False, packages_skip_test_passed=False, packages_select=None, packages_skip=None, packages_select_regex=None, packages_skip_regex=None, packages_start=None, packages_end=None, allow_overriding=[], cmake_args=None, cmake_target=None, cmake_target_skip_unavailable=False, cmake_clean_cache=False, cmake_clean_first=False, cmake_force_configure=False, ament_cmake_args=None, catkin_cmake_args=None, catkin_skip_building_tests=False, mixin_files=None, mixin=None, verb_parser=<colcon_mixin.mixin.mixin_argument.MixinArgumentDecorator object at 0x7d81c71a18e0>, verb_extension=<colcon_core.verb.build.BuildVerb object at 0x7d81c72bdb80>, main=<bound method BuildVerb.main of <colcon_core.verb.build.BuildVerb object at 0x7d81c72bdb80>>, mixin_verb=('build',))
[0.184s] Level 1:colcon.colcon_core.package_discovery:discover_packages(colcon_meta) check parameters
[0.184s] Level 1:colcon.colcon_core.package_discovery:discover_packages(recursive) check parameters
[0.184s] Level 1:colcon.colcon_core.package_discovery:discover_packages(ignore) check parameters
[0.184s] Level 1:colcon.colcon_core.package_discovery:discover_packages(path) check parameters
[0.184s] Level 1:colcon.colcon_core.package_discovery:discover_packages(colcon_meta) discover
[0.184s] Level 1:colcon.colcon_core.package_discovery:discover_packages(recursive) discover
[0.184s] INFO:colcon.colcon_core.package_discovery:Crawling recursively for packages in '/home/robot/ros2jazzy/GitRepo/MXEN3005/mxen_ws'
[0.184s] Level 1:colcon.colcon_core.package_identification:_identify(.) by extensions ['ignore', 'ignore_ament_install']
[0.185s] Level 1:colcon.colcon_core.package_identification:_identify(.) by extension 'ignore'
[0.185s] Level 1:colcon.colcon_core.package_identification:_identify(.) by extension 'ignore_ament_install'
[0.185s] Level 1:colcon.colcon_core.package_identification:_identify(.) by extensions ['colcon_pkg']
[0.185s] Level 1:colcon.colcon_core.package_identification:_identify(.) by extension 'colcon_pkg'
[0.185s] Level 1:colcon.colcon_core.package_identification:_identify(.) by extensions ['colcon_meta']
[0.186s] Level 1:colcon.colcon_core.package_identification:_identify(.) by extension 'colcon_meta'
[0.186s] Level 1:colcon.colcon_core.package_identification:_identify(.) by extensions ['ros']
[0.186s] Level 1:colcon.colcon_core.package_identification:_identify(.) by extension 'ros'
[0.206s] Level 1:colcon.colcon_core.package_identification:_identify(.) by extensions ['cmake', 'python']
[0.206s] Level 1:colcon.colcon_core.package_identification:_identify(.) by extension 'cmake'
[0.207s] Level 1:colcon.colcon_core.package_identification:_identify(.) by extension 'python'
[0.207s] Level 1:colcon.colcon_core.package_identification:_identify(.) by extensions ['python_setup_py']
[0.207s] Level 1:colcon.colcon_core.package_identification:_identify(.) by extension 'python_setup_py'
[0.207s] Level 1:colcon.colcon_core.package_identification:_identify(build) by extensions ['ignore', 'ignore_ament_install']
[0.207s] Level 1:colcon.colcon_core.package_identification:_identify(build) by extension 'ignore'
[0.207s] Level 1:colcon.colcon_core.package_identification:_identify(build) ignored
[0.207s] Level 1:colcon.colcon_core.package_identification:_identify(install) by extensions ['ignore', 'ignore_ament_install']
[0.207s] Level 1:colcon.colcon_core.package_identification:_identify(install) by extension 'ignore'
[0.207s] Level 1:colcon.colcon_core.package_identification:_identify(install) ignored
[0.207s] Level 1:colcon.colcon_core.package_identification:_identify(log) by extensions ['ignore', 'ignore_ament_install']
[0.207s] Level 1:colcon.colcon_core.package_identification:_identify(log) by extension 'ignore'
[0.207s] Level 1:colcon.colcon_core.package_identification:_identify(log) ignored
[0.208s] Level 1:colcon.colcon_core.package_identification:_identify(src) by extensions ['ignore', 'ignore_ament_install']
[0.208s] Level 1:colcon.colcon_core.package_identification:_identify(src) by extension 'ignore'
[0.208s] Level 1:colcon.colcon_core.package_identification:_identify(src) by extension 'ignore_ament_install'
[0.208s] Level 1:colcon.colcon_core.package_identification:_identify(src) by extensions ['colcon_pkg']
[0.208s] Level 1:colcon.colcon_core.package_identification:_identify(src) by extension 'colcon_pkg'
[0.208s] Level 1:colcon.colcon_core.package_identification:_identify(src) by extensions ['colcon_meta']
[0.208s] Level 1:colcon.colcon_core.package_identification:_identify(src) by extension 'colcon_meta'
[0.208s] Level 1:colcon.colcon_core.package_identification:_identify(src) by extensions ['ros']
[0.208s] Level 1:colcon.colcon_core.package_identification:_identify(src) by extension 'ros'
[0.208s] Level 1:colcon.colcon_core.package_identification:_identify(src) by extensions ['cmake', 'python']
[0.208s] Level 1:colcon.colcon_core.package_identification:_identify(src) by extension 'cmake'
[0.208s] Level 1:colcon.colcon_core.package_identification:_identify(src) by extension 'python'
[0.208s] Level 1:colcon.colcon_core.package_identification:_identify(src) by extensions ['python_setup_py']
[0.208s] Level 1:colcon.colcon_core.package_identification:_identify(src) by extension 'python_setup_py'
[0.209s] Level 1:colcon.colcon_core.package_identification:_identify(src/wx250s) by extensions ['ignore', 'ignore_ament_install']
[0.209s] Level 1:colcon.colcon_core.package_identification:_identify(src/wx250s) by extension 'ignore'
[0.209s] Level 1:colcon.colcon_core.package_identification:_identify(src/wx250s) by extension 'ignore_ament_install'
[0.209s] Level 1:colcon.colcon_core.package_identification:_identify(src/wx250s) by extensions ['colcon_pkg']
[0.209s] Level 1:colcon.colcon_core.package_identification:_identify(src/wx250s) by extension 'colcon_pkg'
[0.209s] Level 1:colcon.colcon_core.package_identification:_identify(src/wx250s) by extensions ['colcon_meta']
[0.209s] Level 1:colcon.colcon_core.package_identification:_identify(src/wx250s) by extension 'colcon_meta'
[0.209s] Level 1:colcon.colcon_core.package_identification:_identify(src/wx250s) by extensions ['ros']
[0.209s] Level 1:colcon.colcon_core.package_identification:_identify(src/wx250s) by extension 'ros'
[0.211s] DEBUG:colcon.colcon_core.package_identification:Package 'src/wx250s' with type 'ros.ament_python' and name 'wx250s'
[0.211s] Level 1:colcon.colcon_core.package_identification:_identify(src/wx250s_interface) by extensions ['ignore', 'ignore_ament_install']
[0.212s] Level 1:colcon.colcon_core.package_identification:_identify(src/wx250s_interface) by extension 'ignore'
[0.212s] Level 1:colcon.colcon_core.package_identification:_identify(src/wx250s_interface) by extension 'ignore_ament_install'
[0.212s] Level 1:colcon.colcon_core.package_identification:_identify(src/wx250s_interface) by extensions ['colcon_pkg']
[0.212s] Level 1:colcon.colcon_core.package_identification:_identify(src/wx250s_interface) by extension 'colcon_pkg'
[0.212s] Level 1:colcon.colcon_core.package_identification:_identify(src/wx250s_interface) by extensions ['colcon_meta']
[0.212s] Level 1:colcon.colcon_core.package_identification:_identify(src/wx250s_interface) by extension 'colcon_meta'
[0.212s] Level 1:colcon.colcon_core.package_identification:_identify(src/wx250s_interface) by extensions ['ros']
[0.212s] Level 1:colcon.colcon_core.package_identification:_identify(src/wx250s_interface) by extension 'ros'
[0.212s] DEBUG:colcon.colcon_core.package_identification:Package 'src/wx250s_interface' with type 'ros.ament_cmake' and name 'wx250s_interface'
[0.213s] Level 1:colcon.colcon_core.package_discovery:discover_packages(recursive) using defaults
[0.213s] Level 1:colcon.colcon_core.package_discovery:discover_packages(ignore) discover
[0.213s] Level 1:colcon.colcon_core.package_discovery:discover_packages(ignore) using defaults
[0.213s] Level 1:colcon.colcon_core.package_discovery:discover_packages(path) discover
[0.213s] Level 1:colcon.colcon_core.package_discovery:discover_packages(path) using defaults
[0.227s] Level 1:colcon.colcon_core.package_discovery:discover_packages(prefix_path) check parameters
[0.227s] Level 1:colcon.colcon_core.package_discovery:discover_packages(prefix_path) discover
[0.229s] DEBUG:colcon.colcon_installed_package_information.package_discovery:Found 288 installed packages in /opt/ros/jazzy
[0.231s] Level 1:colcon.colcon_core.package_discovery:discover_packages(prefix_path) using defaults
[0.272s] Level 5:colcon.colcon_core.verb:set package 'wx250s_interface' build argument 'cmake_args' from command line to 'None'
[0.272s] Level 5:colcon.colcon_core.verb:set package 'wx250s_interface' build argument 'cmake_target' from command line to 'None'
[0.272s] Level 5:colcon.colcon_core.verb:set package 'wx250s_interface' build argument 'cmake_target_skip_unavailable' from command line to 'False'
[0.272s] Level 5:colcon.colcon_core.verb:set package 'wx250s_interface' build argument 'cmake_clean_cache' from command line to 'False'
[0.272s] Level 5:colcon.colcon_core.verb:set package 'wx250s_interface' build argument 'cmake_clean_first' from command line to 'False'
[0.272s] Level 5:colcon.colcon_core.verb:set package 'wx250s_interface' build argument 'cmake_force_configure' from command line to 'False'
[0.272s] Level 5:colcon.colcon_core.verb:set package 'wx250s_interface' build argument 'ament_cmake_args' from command line to 'None'
[0.272s] Level 5:colcon.colcon_core.verb:set package 'wx250s_interface' build argument 'catkin_cmake_args' from command line to 'None'
[0.272s] Level 5:colcon.colcon_core.verb:set package 'wx250s_interface' build argument 'catkin_skip_building_tests' from command line to 'False'
[0.272s] DEBUG:colcon.colcon_core.verb:Building package 'wx250s_interface' with the following arguments: {'ament_cmake_args': None, 'build_base': '/home/robot/ros2jazzy/GitRepo/MXEN3005/mxen_ws/build/wx250s_interface', 'catkin_cmake_args': None, 'catkin_skip_building_tests': False, 'cmake_args': None, 'cmake_clean_cache': False, 'cmake_clean_first': False, 'cmake_force_configure': False, 'cmake_target': None, 'cmake_target_skip_unavailable': False, 'install_base': '/home/robot/ros2jazzy/GitRepo/MXEN3005/mxen_ws/install/wx250s_interface', 'merge_install': False, 'path': '/home/robot/ros2jazzy/GitRepo/MXEN3005/mxen_ws/src/wx250s_interface', 'symlink_install': False, 'test_result_base': None}
[0.272s] Level 5:colcon.colcon_core.verb:set package 'wx250s' build argument 'cmake_args' from command line to 'None'
[0.273s] Level 5:colcon.colcon_core.verb:set package 'wx250s' build argument 'cmake_target' from command line to 'None'
[0.273s] Level 5:colcon.colcon_core.verb:set package 'wx250s' build argument 'cmake_target_skip_unavailable' from command line to 'False'
[0.273s] Level 5:colcon.colcon_core.verb:set package 'wx250s' build argument 'cmake_clean_cache' from command line to 'False'
[0.273s] Level 5:colcon.colcon_core.verb:set package 'wx250s' build argument 'cmake_clean_first' from command line to 'False'
[0.273s] Level 5:colcon.colcon_core.verb:set package 'wx250s' build argument 'cmake_force_configure' from command line to 'False'
[0.273s] Level 5:colcon.colcon_core.verb:set package 'wx250s' build argument 'ament_cmake_args' from command line to 'None'
[0.273s] Level 5:colcon.colcon_core.verb:set package 'wx250s' build argument 'catkin_cmake_args' from command line to 'None'
[0.273s] Level 5:colcon.colcon_core.verb:set package 'wx250s' build argument 'catkin_skip_building_tests' from command line to 'False'
[0.273s] DEBUG:colcon.colcon_core.verb:Building package 'wx250s' with the following arguments: {'ament_cmake_args': None, 'build_base': '/home/robot/ros2jazzy/GitRepo/MXEN3005/mxen_ws/build/wx250s', 'catkin_cmake_args': None, 'catkin_skip_building_tests': False, 'cmake_args': None, 'cmake_clean_cache': False, 'cmake_clean_first': False, 'cmake_force_configure': False, 'cmake_target': None, 'cmake_target_skip_unavailable': False, 'install_base': '/home/robot/ros2jazzy/GitRepo/MXEN3005/mxen_ws/install/wx250s', 'merge_install': False, 'path': '/home/robot/ros2jazzy/GitRepo/MXEN3005/mxen_ws/src/wx250s', 'symlink_install': False, 'test_result_base': None}
[0.273s] INFO:colcon.colcon_core.executor:Executing jobs using 'parallel' executor
[0.275s] DEBUG:colcon.colcon_parallel_executor.executor.parallel:run_until_complete
[0.276s] INFO:colcon.colcon_ros.task.ament_cmake.build:Building ROS package in '/home/robot/ros2jazzy/GitRepo/MXEN3005/mxen_ws/src/wx250s_interface' with build type 'ament_cmake'
[0.276s] INFO:colcon.colcon_cmake.task.cmake.build:Building CMake package in '/home/robot/ros2jazzy/GitRepo/MXEN3005/mxen_ws/src/wx250s_interface'
[0.278s] INFO:colcon.colcon_core.plugin_system:Skipping extension 'colcon_core.shell.bat': Not used on non-Windows systems
[0.278s] INFO:colcon.colcon_core.shell:Skip shell extension 'powershell' for command environment: Not usable outside of PowerShell
[0.278s] DEBUG:colcon.colcon_core.shell:Skip shell extension 'dsv' for command environment
[0.300s] DEBUG:colcon.colcon_core.event_handler.log_command:Invoking command in '/home/robot/ros2jazzy/GitRepo/MXEN3005/mxen_ws/build/wx250s_interface': CMAKE_PREFIX_PATH=${CMAKE_PREFIX_PATH}:/opt/ros/jazzy DEBUGINFOD_URLS=https://debuginfod.ubuntu.com VIRTUAL_ENV_PROMPT=(.ros2jazzyvenv) /usr/bin/cmake --build /home/robot/ros2jazzy/GitRepo/MXEN3005/mxen_ws/build/wx250s_interface -- -j4 -l4
[4.357s] DEBUG:colcon.colcon_core.event_handler.log_command:Invoked command in '/home/robot/ros2jazzy/GitRepo/MXEN3005/mxen_ws/build/wx250s_interface' returned '0': CMAKE_PREFIX_PATH=${CMAKE_PREFIX_PATH}:/opt/ros/jazzy DEBUGINFOD_URLS=https://debuginfod.ubuntu.com VIRTUAL_ENV_PROMPT=(.ros2jazzyvenv) /usr/bin/cmake --build /home/robot/ros2jazzy/GitRepo/MXEN3005/mxen_ws/build/wx250s_interface -- -j4 -l4
[4.369s] DEBUG:colcon.colcon_core.event_handler.log_command:Invoking command in '/home/robot/ros2jazzy/GitRepo/MXEN3005/mxen_ws/build/wx250s_interface': CMAKE_PREFIX_PATH=${CMAKE_PREFIX_PATH}:/opt/ros/jazzy DEBUGINFOD_URLS=https://debuginfod.ubuntu.com VIRTUAL_ENV_PROMPT=(.ros2jazzyvenv) /usr/bin/cmake --install /home/robot/ros2jazzy/GitRepo/MXEN3005/mxen_ws/build/wx250s_interface
[4.456s] Level 1:colcon.colcon_core.environment:create_environment_scripts_only(wx250s_interface)
[4.457s] DEBUG:colcon.colcon_core.event_handler.log_command:Invoked command in '/home/robot/ros2jazzy/GitRepo/MXEN3005/mxen_ws/build/wx250s_interface' returned '0': CMAKE_PREFIX_PATH=${CMAKE_PREFIX_PATH}:/opt/ros/jazzy DEBUGINFOD_URLS=https://debuginfod.ubuntu.com VIRTUAL_ENV_PROMPT=(.ros2jazzyvenv) /usr/bin/cmake --install /home/robot/ros2jazzy/GitRepo/MXEN3005/mxen_ws/build/wx250s_interface
[4.458s] Level 1:colcon.colcon_core.environment:checking '/home/robot/ros2jazzy/GitRepo/MXEN3005/mxen_ws/install/wx250s_interface' for CMake module files
[4.459s] Level 1:colcon.colcon_core.environment:checking '/home/robot/ros2jazzy/GitRepo/MXEN3005/mxen_ws/install/wx250s_interface' for CMake config files
[4.459s] Level 1:colcon.colcon_core.shell:create_environment_hook('wx250s_interface', 'cmake_prefix_path')
[4.459s] INFO:colcon.colcon_core.shell:Creating environment hook '/home/robot/ros2jazzy/GitRepo/MXEN3005/mxen_ws/install/wx250s_interface/share/wx250s_interface/hook/cmake_prefix_path.ps1'
[4.460s] INFO:colcon.colcon_core.shell:Creating environment descriptor '/home/robot/ros2jazzy/GitRepo/MXEN3005/mxen_ws/install/wx250s_interface/share/wx250s_interface/hook/cmake_prefix_path.dsv'
[4.461s] INFO:colcon.colcon_core.shell:Creating environment hook '/home/robot/ros2jazzy/GitRepo/MXEN3005/mxen_ws/install/wx250s_interface/share/wx250s_interface/hook/cmake_prefix_path.sh'
[4.462s] Level 1:colcon.colcon_core.environment:checking '/home/robot/ros2jazzy/GitRepo/MXEN3005/mxen_ws/install/wx250s_interface/lib'
[4.462s] Level 1:colcon.colcon_core.shell:create_environment_hook('wx250s_interface', 'ld_library_path_lib')
[4.462s] INFO:colcon.colcon_core.shell:Creating environment hook '/home/robot/ros2jazzy/GitRepo/MXEN3005/mxen_ws/install/wx250s_interface/share/wx250s_interface/hook/ld_library_path_lib.ps1'
[4.463s] INFO:colcon.colcon_core.shell:Creating environment descriptor '/home/robot/ros2jazzy/GitRepo/MXEN3005/mxen_ws/install/wx250s_interface/share/wx250s_interface/hook/ld_library_path_lib.dsv'
[4.463s] INFO:colcon.colcon_core.shell:Creating environment hook '/home/robot/ros2jazzy/GitRepo/MXEN3005/mxen_ws/install/wx250s_interface/share/wx250s_interface/hook/ld_library_path_lib.sh'
[4.464s] Level 1:colcon.colcon_core.environment:checking '/home/robot/ros2jazzy/GitRepo/MXEN3005/mxen_ws/install/wx250s_interface/bin'
[4.464s] Level 1:colcon.colcon_core.environment:checking '/home/robot/ros2jazzy/GitRepo/MXEN3005/mxen_ws/install/wx250s_interface/lib/pkgconfig/wx250s_interface.pc'
[4.464s] Level 1:colcon.colcon_core.environment:checking '/home/robot/ros2jazzy/GitRepo/MXEN3005/mxen_ws/install/wx250s_interface/lib/python3.12/site-packages'
[4.464s] Level 1:colcon.colcon_core.shell:create_environment_hook('wx250s_interface', 'pythonpath')
[4.464s] INFO:colcon.colcon_core.shell:Creating environment hook '/home/robot/ros2jazzy/GitRepo/MXEN3005/mxen_ws/install/wx250s_interface/share/wx250s_interface/hook/pythonpath.ps1'
[4.465s] INFO:colcon.colcon_core.shell:Creating environment descriptor '/home/robot/ros2jazzy/GitRepo/MXEN3005/mxen_ws/install/wx250s_interface/share/wx250s_interface/hook/pythonpath.dsv'
[4.465s] INFO:colcon.colcon_core.shell:Creating environment hook '/home/robot/ros2jazzy/GitRepo/MXEN3005/mxen_ws/install/wx250s_interface/share/wx250s_interface/hook/pythonpath.sh'
[4.466s] Level 1:colcon.colcon_core.environment:checking '/home/robot/ros2jazzy/GitRepo/MXEN3005/mxen_ws/install/wx250s_interface/bin'
[4.466s] INFO:colcon.colcon_core.shell:Creating package script '/home/robot/ros2jazzy/GitRepo/MXEN3005/mxen_ws/install/wx250s_interface/share/wx250s_interface/package.ps1'
[4.467s] INFO:colcon.colcon_core.shell:Creating package descriptor '/home/robot/ros2jazzy/GitRepo/MXEN3005/mxen_ws/install/wx250s_interface/share/wx250s_interface/package.dsv'
[4.468s] INFO:colcon.colcon_core.shell:Creating package script '/home/robot/ros2jazzy/GitRepo/MXEN3005/mxen_ws/install/wx250s_interface/share/wx250s_interface/package.sh'
[4.469s] INFO:colcon.colcon_core.shell:Creating package script '/home/robot/ros2jazzy/GitRepo/MXEN3005/mxen_ws/install/wx250s_interface/share/wx250s_interface/package.bash'
[4.471s] INFO:colcon.colcon_core.shell:Creating package script '/home/robot/ros2jazzy/GitRepo/MXEN3005/mxen_ws/install/wx250s_interface/share/wx250s_interface/package.zsh'
[4.473s] Level 1:colcon.colcon_core.environment:create_file_with_runtime_dependencies(/home/robot/ros2jazzy/GitRepo/MXEN3005/mxen_ws/install/wx250s_interface/share/colcon-core/packages/wx250s_interface)
[4.474s] Level 1:colcon.colcon_core.environment:create_environment_scripts_only(wx250s_interface)
[4.474s] Level 1:colcon.colcon_core.environment:checking '/home/robot/ros2jazzy/GitRepo/MXEN3005/mxen_ws/install/wx250s_interface' for CMake module files
[4.475s] Level 1:colcon.colcon_core.environment:checking '/home/robot/ros2jazzy/GitRepo/MXEN3005/mxen_ws/install/wx250s_interface' for CMake config files
[4.475s] Level 1:colcon.colcon_core.shell:create_environment_hook('wx250s_interface', 'cmake_prefix_path')
[4.476s] INFO:colcon.colcon_core.shell:Creating environment hook '/home/robot/ros2jazzy/GitRepo/MXEN3005/mxen_ws/install/wx250s_interface/share/wx250s_interface/hook/cmake_prefix_path.ps1'
[4.476s] INFO:colcon.colcon_core.shell:Creating environment descriptor '/home/robot/ros2jazzy/GitRepo/MXEN3005/mxen_ws/install/wx250s_interface/share/wx250s_interface/hook/cmake_prefix_path.dsv'
[4.477s] INFO:colcon.colcon_core.shell:Creating environment hook '/home/robot/ros2jazzy/GitRepo/MXEN3005/mxen_ws/install/wx250s_interface/share/wx250s_interface/hook/cmake_prefix_path.sh'
[4.479s] Level 1:colcon.colcon_core.environment:checking '/home/robot/ros2jazzy/GitRepo/MXEN3005/mxen_ws/install/wx250s_interface/lib'
[4.479s] Level 1:colcon.colcon_core.shell:create_environment_hook('wx250s_interface', 'ld_library_path_lib')
[4.479s] INFO:colcon.colcon_core.shell:Creating environment hook '/home/robot/ros2jazzy/GitRepo/MXEN3005/mxen_ws/install/wx250s_interface/share/wx250s_interface/hook/ld_library_path_lib.ps1'
[4.483s] INFO:colcon.colcon_core.shell:Creating environment descriptor '/home/robot/ros2jazzy/GitRepo/MXEN3005/mxen_ws/install/wx250s_interface/share/wx250s_interface/hook/ld_library_path_lib.dsv'
[4.483s] INFO:colcon.colcon_core.shell:Creating environment hook '/home/robot/ros2jazzy/GitRepo/MXEN3005/mxen_ws/install/wx250s_interface/share/wx250s_interface/hook/ld_library_path_lib.sh'
[4.484s] Level 1:colcon.colcon_core.environment:checking '/home/robot/ros2jazzy/GitRepo/MXEN3005/mxen_ws/install/wx250s_interface/bin'
[4.484s] Level 1:colcon.colcon_core.environment:checking '/home/robot/ros2jazzy/GitRepo/MXEN3005/mxen_ws/install/wx250s_interface/lib/pkgconfig/wx250s_interface.pc'
[4.485s] Level 1:colcon.colcon_core.environment:checking '/home/robot/ros2jazzy/GitRepo/MXEN3005/mxen_ws/install/wx250s_interface/lib/python3.12/site-packages'
[4.485s] Level 1:colcon.colcon_core.shell:create_environment_hook('wx250s_interface', 'pythonpath')
[4.485s] INFO:colcon.colcon_core.shell:Creating environment hook '/home/robot/ros2jazzy/GitRepo/MXEN3005/mxen_ws/install/wx250s_interface/share/wx250s_interface/hook/pythonpath.ps1'
[4.485s] INFO:colcon.colcon_core.shell:Creating environment descriptor '/home/robot/ros2jazzy/GitRepo/MXEN3005/mxen_ws/install/wx250s_interface/share/wx250s_interface/hook/pythonpath.dsv'
[4.486s] INFO:colcon.colcon_core.shell:Creating environment hook '/home/robot/ros2jazzy/GitRepo/MXEN3005/mxen_ws/install/wx250s_interface/share/wx250s_interface/hook/pythonpath.sh'
[4.487s] Level 1:colcon.colcon_core.environment:checking '/home/robot/ros2jazzy/GitRepo/MXEN3005/mxen_ws/install/wx250s_interface/bin'
[4.487s] INFO:colcon.colcon_core.shell:Creating package script '/home/robot/ros2jazzy/GitRepo/MXEN3005/mxen_ws/install/wx250s_interface/share/wx250s_interface/package.ps1'
[4.488s] INFO:colcon.colcon_core.shell:Creating package descriptor '/home/robot/ros2jazzy/GitRepo/MXEN3005/mxen_ws/install/wx250s_interface/share/wx250s_interface/package.dsv'
[4.489s] INFO:colcon.colcon_core.shell:Creating package script '/home/robot/ros2jazzy/GitRepo/MXEN3005/mxen_ws/install/wx250s_interface/share/wx250s_interface/package.sh'
[4.490s] INFO:colcon.colcon_core.shell:Creating package script '/home/robot/ros2jazzy/GitRepo/MXEN3005/mxen_ws/install/wx250s_interface/share/wx250s_interface/package.bash'
[4.491s] INFO:colcon.colcon_core.shell:Creating package script '/home/robot/ros2jazzy/GitRepo/MXEN3005/mxen_ws/install/wx250s_interface/share/wx250s_interface/package.zsh'
[4.491s] Level 1:colcon.colcon_core.environment:create_file_with_runtime_dependencies(/home/robot/ros2jazzy/GitRepo/MXEN3005/mxen_ws/install/wx250s_interface/share/colcon-core/packages/wx250s_interface)
[4.492s] INFO:colcon.colcon_ros.task.ament_python.build:Building ROS package in '/home/robot/ros2jazzy/GitRepo/MXEN3005/mxen_ws/src/wx250s' with build type 'ament_python'
[4.492s] Level 1:colcon.colcon_core.shell:create_environment_hook('wx250s', 'ament_prefix_path')
[4.492s] INFO:colcon.colcon_core.shell:Creating environment hook '/home/robot/ros2jazzy/GitRepo/MXEN3005/mxen_ws/install/wx250s/share/wx250s/hook/ament_prefix_path.ps1'
[4.493s] INFO:colcon.colcon_core.shell:Creating environment descriptor '/home/robot/ros2jazzy/GitRepo/MXEN3005/mxen_ws/install/wx250s/share/wx250s/hook/ament_prefix_path.dsv'
[4.494s] INFO:colcon.colcon_core.shell:Creating environment hook '/home/robot/ros2jazzy/GitRepo/MXEN3005/mxen_ws/install/wx250s/share/wx250s/hook/ament_prefix_path.sh'
[4.494s] INFO:colcon.colcon_core.shell:Skip shell extension 'powershell' for command environment: Not usable outside of PowerShell
[4.495s] DEBUG:colcon.colcon_core.shell:Skip shell extension 'dsv' for command environment
[4.749s] INFO:colcon.colcon_core.task.python.build:Building Python package in '/home/robot/ros2jazzy/GitRepo/MXEN3005/mxen_ws/src/wx250s'
[4.751s] INFO:colcon.colcon_core.shell:Skip shell extension 'powershell' for command environment: Not usable outside of PowerShell
[4.751s] DEBUG:colcon.colcon_core.shell:Skip shell extension 'dsv' for command environment
[5.390s] DEBUG:colcon.colcon_core.event_handler.log_command:Invoking command in '/home/robot/ros2jazzy/GitRepo/MXEN3005/mxen_ws/src/wx250s': AMENT_PREFIX_PATH=/home/robot/ros2jazzy/GitRepo/MXEN3005/mxen_ws/install/wx250s_interface:${AMENT_PREFIX_PATH} CMAKE_PREFIX_PATH=/home/robot/ros2jazzy/GitRepo/MXEN3005/mxen_ws/install/wx250s_interface:${CMAKE_PREFIX_PATH} DEBUGINFOD_URLS=https://debuginfod.ubuntu.com LD_LIBRARY_PATH=/home/robot/ros2jazzy/GitRepo/MXEN3005/mxen_ws/install/wx250s_interface/lib:${LD_LIBRARY_PATH} PYTHONPATH=/home/robot/ros2jazzy/GitRepo/MXEN3005/mxen_ws/build/wx250s/prefix_override:/usr/lib/python3/dist-packages/colcon_core/task/python/colcon_distutils_commands:/home/robot/ros2jazzy/GitRepo/MXEN3005/mxen_ws/install/wx250s/lib/python3.12/site-packages:/home/robot/ros2jazzy/GitRepo/MXEN3005/mxen_ws/install/wx250s_interface/lib/python3.12/site-packages:${PYTHONPATH} VIRTUAL_ENV_PROMPT=(.ros2jazzyvenv) /home/robot/ros2jazzy/.ros2jazzyvenv/bin/python -W ignore:setup.py install is deprecated -W ignore:easy_install command is deprecated setup.py egg_info --egg-base ../../build/wx250s build --build-base /home/robot/ros2jazzy/GitRepo/MXEN3005/mxen_ws/build/wx250s/build install --record /home/robot/ros2jazzy/GitRepo/MXEN3005/mxen_ws/build/wx250s/install.log --single-version-externally-managed install_data
[5.982s] Level 1:colcon.colcon_core.environment:checking '/home/robot/ros2jazzy/GitRepo/MXEN3005/mxen_ws/install/wx250s' for CMake module files
[5.984s] DEBUG:colcon.colcon_core.event_handler.log_command:Invoked command in '/home/robot/ros2jazzy/GitRepo/MXEN3005/mxen_ws/src/wx250s' returned '0': AMENT_PREFIX_PATH=/home/robot/ros2jazzy/GitRepo/MXEN3005/mxen_ws/install/wx250s_interface:${AMENT_PREFIX_PATH} CMAKE_PREFIX_PATH=/home/robot/ros2jazzy/GitRepo/MXEN3005/mxen_ws/install/wx250s_interface:${CMAKE_PREFIX_PATH} DEBUGINFOD_URLS=https://debuginfod.ubuntu.com LD_LIBRARY_PATH=/home/robot/ros2jazzy/GitRepo/MXEN3005/mxen_ws/install/wx250s_interface/lib:${LD_LIBRARY_PATH} PYTHONPATH=/home/robot/ros2jazzy/GitRepo/MXEN3005/mxen_ws/build/wx250s/prefix_override:/usr/lib/python3/dist-packages/colcon_core/task/python/colcon_distutils_commands:/home/robot/ros2jazzy/GitRepo/MXEN3005/mxen_ws/install/wx250s/lib/python3.12/site-packages:/home/robot/ros2jazzy/GitRepo/MXEN3005/mxen_ws/install/wx250s_interface/lib/python3.12/site-packages:${PYTHONPATH} VIRTUAL_ENV_PROMPT=(.ros2jazzyvenv) /home/robot/ros2jazzy/.ros2jazzyvenv/bin/python -W ignore:setup.py install is deprecated -W ignore:easy_install command is deprecated setup.py egg_info --egg-base ../../build/wx250s build --build-base /home/robot/ros2jazzy/GitRepo/MXEN3005/mxen_ws/build/wx250s/build install --record /home/robot/ros2jazzy/GitRepo/MXEN3005/mxen_ws/build/wx250s/install.log --single-version-externally-managed install_data
[5.985s] Level 1:colcon.colcon_core.environment:checking '/home/robot/ros2jazzy/GitRepo/MXEN3005/mxen_ws/install/wx250s' for CMake config files
[5.986s] Level 1:colcon.colcon_core.environment:checking '/home/robot/ros2jazzy/GitRepo/MXEN3005/mxen_ws/install/wx250s/lib'
[5.986s] Level 1:colcon.colcon_core.environment:checking '/home/robot/ros2jazzy/GitRepo/MXEN3005/mxen_ws/install/wx250s/bin'
[5.986s] Level 1:colcon.colcon_core.environment:checking '/home/robot/ros2jazzy/GitRepo/MXEN3005/mxen_ws/install/wx250s/lib/pkgconfig/wx250s.pc'
[5.986s] Level 1:colcon.colcon_core.environment:checking '/home/robot/ros2jazzy/GitRepo/MXEN3005/mxen_ws/install/wx250s/lib/python3.12/site-packages'
[5.989s] Level 1:colcon.colcon_core.shell:create_environment_hook('wx250s', 'pythonpath')
[5.989s] INFO:colcon.colcon_core.shell:Creating environment hook '/home/robot/ros2jazzy/GitRepo/MXEN3005/mxen_ws/install/wx250s/share/wx250s/hook/pythonpath.ps1'
[5.990s] INFO:colcon.colcon_core.shell:Creating environment descriptor '/home/robot/ros2jazzy/GitRepo/MXEN3005/mxen_ws/install/wx250s/share/wx250s/hook/pythonpath.dsv'
[5.990s] INFO:colcon.colcon_core.shell:Creating environment hook '/home/robot/ros2jazzy/GitRepo/MXEN3005/mxen_ws/install/wx250s/share/wx250s/hook/pythonpath.sh'
[5.991s] Level 1:colcon.colcon_core.environment:checking '/home/robot/ros2jazzy/GitRepo/MXEN3005/mxen_ws/install/wx250s/bin'
[5.991s] Level 1:colcon.colcon_core.environment:create_environment_scripts_only(wx250s)
[5.992s] INFO:colcon.colcon_core.shell:Creating package script '/home/robot/ros2jazzy/GitRepo/MXEN3005/mxen_ws/install/wx250s/share/wx250s/package.ps1'
[5.992s] INFO:colcon.colcon_core.shell:Creating package descriptor '/home/robot/ros2jazzy/GitRepo/MXEN3005/mxen_ws/install/wx250s/share/wx250s/package.dsv'
[5.993s] INFO:colcon.colcon_core.shell:Creating package script '/home/robot/ros2jazzy/GitRepo/MXEN3005/mxen_ws/install/wx250s/share/wx250s/package.sh'
[5.993s] INFO:colcon.colcon_core.shell:Creating package script '/home/robot/ros2jazzy/GitRepo/MXEN3005/mxen_ws/install/wx250s/share/wx250s/package.bash'
[5.994s] INFO:colcon.colcon_core.shell:Creating package script '/home/robot/ros2jazzy/GitRepo/MXEN3005/mxen_ws/install/wx250s/share/wx250s/package.zsh'
[5.995s] Level 1:colcon.colcon_core.environment:create_file_with_runtime_dependencies(/home/robot/ros2jazzy/GitRepo/MXEN3005/mxen_ws/install/wx250s/share/colcon-core/packages/wx250s)
[5.996s] DEBUG:colcon.colcon_parallel_executor.executor.parallel:closing loop
[5.996s] DEBUG:colcon.colcon_parallel_executor.executor.parallel:loop closed
[5.996s] DEBUG:colcon.colcon_parallel_executor.executor.parallel:run_until_complete finished with '0'
[5.997s] DEBUG:colcon.colcon_core.event_reactor:joining thread
[6.004s] INFO:colcon.colcon_core.plugin_system:Skipping extension 'colcon_notification.desktop_notification.terminal_notifier': Not used on non-Darwin systems
[6.005s] INFO:colcon.colcon_core.plugin_system:Skipping extension 'colcon_notification.desktop_notification.win32': Not used on non-Windows systems
[6.006s] INFO:colcon.colcon_notification.desktop_notification:Sending desktop notification using 'notify2'
[6.032s] DEBUG:colcon.colcon_core.event_reactor:joined thread
[6.033s] INFO:colcon.colcon_core.shell:Creating prefix script '/home/robot/ros2jazzy/GitRepo/MXEN3005/mxen_ws/install/local_setup.ps1'
[6.035s] INFO:colcon.colcon_core.shell:Creating prefix util module '/home/robot/ros2jazzy/GitRepo/MXEN3005/mxen_ws/install/_local_setup_util_ps1.py'
[6.039s] INFO:colcon.colcon_core.shell:Creating prefix chain script '/home/robot/ros2jazzy/GitRepo/MXEN3005/mxen_ws/install/setup.ps1'
[6.041s] INFO:colcon.colcon_core.shell:Creating prefix script '/home/robot/ros2jazzy/GitRepo/MXEN3005/mxen_ws/install/local_setup.sh'
[6.042s] INFO:colcon.colcon_core.shell:Creating prefix util module '/home/robot/ros2jazzy/GitRepo/MXEN3005/mxen_ws/install/_local_setup_util_sh.py'
[6.043s] INFO:colcon.colcon_core.shell:Creating prefix chain script '/home/robot/ros2jazzy/GitRepo/MXEN3005/mxen_ws/install/setup.sh'
[6.046s] INFO:colcon.colcon_core.shell:Creating prefix script '/home/robot/ros2jazzy/GitRepo/MXEN3005/mxen_ws/install/local_setup.bash'
[6.048s] INFO:colcon.colcon_core.shell:Creating prefix chain script '/home/robot/ros2jazzy/GitRepo/MXEN3005/mxen_ws/install/setup.bash'
[6.050s] INFO:colcon.colcon_core.shell:Creating prefix script '/home/robot/ros2jazzy/GitRepo/MXEN3005/mxen_ws/install/local_setup.zsh'
[6.052s] INFO:colcon.colcon_core.shell:Creating prefix chain script '/home/robot/ros2jazzy/GitRepo/MXEN3005/mxen_ws/install/setup.zsh'
