/home/robot/ros2jazzy/GitRepo/MXEN3005/mxen_ws/install/wx250s/lib/python3.12/site-packages/wx250s/gripper_node.py
/home/robot/ros2jazzy/GitRepo/MXEN3005/mxen_ws/install/wx250s/lib/python3.12/site-packages/wx250s/joint_state_node.py
/home/robot/ros2jazzy/GitRepo/MXEN3005/mxen_ws/install/wx250s/lib/python3.12/site-packages/wx250s/__init__.py
/home/robot/ros2jazzy/GitRepo/MXEN3005/mxen_ws/install/wx250s/lib/python3.12/site-packages/wx250s/joint_ptp_node.py
/home/robot/ros2jazzy/GitRepo/MXEN3005/mxen_ws/install/wx250s/lib/python3.12/site-packages/wx250s/git_testing.py
/home/robot/ros2jazzy/GitRepo/MXEN3005/mxen_ws/install/wx250s/lib/python3.12/site-packages/wx250s/homing_node.py
/home/robot/ros2jazzy/GitRepo/MXEN3005/mxen_ws/install/wx250s/lib/python3.12/site-packages/wx250s/__pycache__/gripper_node.cpython-312.pyc
/home/robot/ros2jazzy/GitRepo/MXEN3005/mxen_ws/install/wx250s/lib/python3.12/site-packages/wx250s/__pycache__/joint_state_node.cpython-312.pyc
/home/robot/ros2jazzy/GitRepo/MXEN3005/mxen_ws/install/wx250s/lib/python3.12/site-packages/wx250s/__pycache__/__init__.cpython-312.pyc
/home/robot/ros2jazzy/GitRepo/MXEN3005/mxen_ws/install/wx250s/lib/python3.12/site-packages/wx250s/__pycache__/joint_ptp_node.cpython-312.pyc
/home/robot/ros2jazzy/GitRepo/MXEN3005/mxen_ws/install/wx250s/lib/python3.12/site-packages/wx250s/__pycache__/git_testing.cpython-312.pyc
/home/robot/ros2jazzy/GitRepo/MXEN3005/mxen_ws/install/wx250s/lib/python3.12/site-packages/wx250s/__pycache__/homing_node.cpython-312.pyc
/home/robot/ros2jazzy/GitRepo/MXEN3005/mxen_ws/install/wx250s/share/ament_index/resource_index/packages/wx250s
/home/robot/ros2jazzy/GitRepo/MXEN3005/mxen_ws/install/wx250s/share/wx250s/package.xml
/home/robot/ros2jazzy/GitRepo/MXEN3005/mxen_ws/install/wx250s/share/wx250s/launch/wx250s_launch.xml
/home/robot/ros2jazzy/GitRepo/MXEN3005/mxen_ws/install/wx250s/lib/python3.12/site-packages/wx250s-0.0.0-py3.12.egg-info/zip-safe
/home/robot/ros2jazzy/GitRepo/MXEN3005/mxen_ws/install/wx250s/lib/python3.12/site-packages/wx250s-0.0.0-py3.12.egg-info/top_level.txt
/home/robot/ros2jazzy/GitRepo/MXEN3005/mxen_ws/install/wx250s/lib/python3.12/site-packages/wx250s-0.0.0-py3.12.egg-info/requires.txt
/home/robot/ros2jazzy/GitRepo/MXEN3005/mxen_ws/install/wx250s/lib/python3.12/site-packages/wx250s-0.0.0-py3.12.egg-info/PKG-INFO
/home/robot/ros2jazzy/GitRepo/MXEN3005/mxen_ws/install/wx250s/lib/python3.12/site-packages/wx250s-0.0.0-py3.12.egg-info/entry_points.txt
/home/robot/ros2jazzy/GitRepo/MXEN3005/mxen_ws/install/wx250s/lib/python3.12/site-packages/wx250s-0.0.0-py3.12.egg-info/SOURCES.txt
/home/robot/ros2jazzy/GitRepo/MXEN3005/mxen_ws/install/wx250s/lib/python3.12/site-packages/wx250s-0.0.0-py3.12.egg-info/dependency_links.txt
/home/robot/ros2jazzy/GitRepo/MXEN3005/mxen_ws/install/wx250s/lib/wx250s/gripper_node
/home/robot/ros2jazzy/GitRepo/MXEN3005/mxen_ws/install/wx250s/lib/wx250s/homing_node
/home/robot/ros2jazzy/GitRepo/MXEN3005/mxen_ws/install/wx250s/lib/wx250s/joint_ptp_node
/home/robot/ros2jazzy/GitRepo/MXEN3005/mxen_ws/install/wx250s/lib/wx250s/joint_state_node
