[0.743s] Invoking command in '/home/robot/ros2jazzy/GitRepo/MXEN3005/mxen_ws/src/wx250s': AMENT_PREFIX_PATH=/home/robot/ros2jazzy/GitRepo/MXEN3005/mxen_ws/install/wx250s_interface:${AMENT_PREFIX_PATH} CMAKE_PREFIX_PATH=/home/robot/ros2jazzy/GitRepo/MXEN3005/mxen_ws/install/wx250s_interface:${CMAKE_PREFIX_PATH} DEBUGINFOD_URLS=https://debuginfod.ubuntu.com LD_LIBRARY_PATH=/home/robot/ros2jazzy/GitRepo/MXEN3005/mxen_ws/install/wx250s_interface/lib:${LD_LIBRARY_PATH} PS1=(.ros2jazzyvenv) \[\e]0;\u@\h: \w\a\]${debian_chroot:+($debian_chroot)}\[\033[01;32m\]\u@\h\[\033[00m\]:\[\033[01;34m\]\w\[\033[00m\]\$ PYTHONPATH=/home/robot/ros2jazzy/GitRepo/MXEN3005/mxen_ws/build/wx250s/prefix_override:/usr/lib/python3/dist-packages/colcon_core/task/python/colcon_distutils_commands:/home/robot/ros2jazzy/GitRepo/MXEN3005/mxen_ws/install/wx250s/lib/python3.12/site-packages:/home/robot/ros2jazzy/GitRepo/MXEN3005/mxen_ws/install/wx250s_interface/lib/python3.12/site-packages:${PYTHONPATH} VIRTUAL_ENV_PROMPT=(.ros2jazzyvenv) /home/robot/ros2jazzy/.ros2jazzyvenv/bin/python -W ignore:setup.py install is deprecated -W ignore:easy_install command is deprecated setup.py egg_info --egg-base ../../build/wx250s build --build-base /home/robot/ros2jazzy/GitRepo/MXEN3005/mxen_ws/build/wx250s/build install --record /home/robot/ros2jazzy/GitRepo/MXEN3005/mxen_ws/build/wx250s/install.log --single-version-externally-managed install_data
[0.987s] running egg_info
[0.987s] creating ../../build/wx250s/wx250s.egg-info
[1.008s] writing ../../build/wx250s/wx250s.egg-info/PKG-INFO
[1.008s] writing dependency_links to ../../build/wx250s/wx250s.egg-info/dependency_links.txt
[1.010s] writing entry points to ../../build/wx250s/wx250s.egg-info/entry_points.txt
[1.010s] writing requirements to ../../build/wx250s/wx250s.egg-info/requires.txt
[1.010s] writing top-level names to ../../build/wx250s/wx250s.egg-info/top_level.txt
[1.010s] writing manifest file '../../build/wx250s/wx250s.egg-info/SOURCES.txt'
[1.047s] reading manifest file '../../build/wx250s/wx250s.egg-info/SOURCES.txt'
[1.048s] writing manifest file '../../build/wx250s/wx250s.egg-info/SOURCES.txt'
[1.050s] running build
[1.050s] running build_py
[1.051s] creating /home/robot/ros2jazzy/GitRepo/MXEN3005/mxen_ws/build/wx250s/build
[1.051s] creating /home/robot/ros2jazzy/GitRepo/MXEN3005/mxen_ws/build/wx250s/build/lib
[1.051s] creating /home/robot/ros2jazzy/GitRepo/MXEN3005/mxen_ws/build/wx250s/build/lib/wx250s
[1.051s] copying wx250s/gripper_node.py -> /home/robot/ros2jazzy/GitRepo/MXEN3005/mxen_ws/build/wx250s/build/lib/wx250s
[1.051s] copying wx250s/joint_state_node.py -> /home/robot/ros2jazzy/GitRepo/MXEN3005/mxen_ws/build/wx250s/build/lib/wx250s
[1.051s] copying wx250s/__init__.py -> /home/robot/ros2jazzy/GitRepo/MXEN3005/mxen_ws/build/wx250s/build/lib/wx250s
[1.051s] copying wx250s/joint_ptp_node.py -> /home/robot/ros2jazzy/GitRepo/MXEN3005/mxen_ws/build/wx250s/build/lib/wx250s
[1.051s] copying wx250s/git_testing.py -> /home/robot/ros2jazzy/GitRepo/MXEN3005/mxen_ws/build/wx250s/build/lib/wx250s
[1.051s] copying wx250s/homing_node.py -> /home/robot/ros2jazzy/GitRepo/MXEN3005/mxen_ws/build/wx250s/build/lib/wx250s
[1.051s] running install
[1.057s] running install_lib
[1.077s] creating /home/robot/ros2jazzy/GitRepo/MXEN3005/mxen_ws/install/wx250s/lib/python3.12/site-packages/wx250s
[1.077s] copying /home/robot/ros2jazzy/GitRepo/MXEN3005/mxen_ws/build/wx250s/build/lib/wx250s/gripper_node.py -> /home/robot/ros2jazzy/GitRepo/MXEN3005/mxen_ws/install/wx250s/lib/python3.12/site-packages/wx250s
[1.077s] copying /home/robot/ros2jazzy/GitRepo/MXEN3005/mxen_ws/build/wx250s/build/lib/wx250s/joint_state_node.py -> /home/robot/ros2jazzy/GitRepo/MXEN3005/mxen_ws/install/wx250s/lib/python3.12/site-packages/wx250s
[1.077s] copying /home/robot/ros2jazzy/GitRepo/MXEN3005/mxen_ws/build/wx250s/build/lib/wx250s/__init__.py -> /home/robot/ros2jazzy/GitRepo/MXEN3005/mxen_ws/install/wx250s/lib/python3.12/site-packages/wx250s
[1.077s] copying /home/robot/ros2jazzy/GitRepo/MXEN3005/mxen_ws/build/wx250s/build/lib/wx250s/joint_ptp_node.py -> /home/robot/ros2jazzy/GitRepo/MXEN3005/mxen_ws/install/wx250s/lib/python3.12/site-packages/wx250s
[1.077s] copying /home/robot/ros2jazzy/GitRepo/MXEN3005/mxen_ws/build/wx250s/build/lib/wx250s/git_testing.py -> /home/robot/ros2jazzy/GitRepo/MXEN3005/mxen_ws/install/wx250s/lib/python3.12/site-packages/wx250s
[1.081s] copying /home/robot/ros2jazzy/GitRepo/MXEN3005/mxen_ws/build/wx250s/build/lib/wx250s/homing_node.py -> /home/robot/ros2jazzy/GitRepo/MXEN3005/mxen_ws/install/wx250s/lib/python3.12/site-packages/wx250s
[1.081s] byte-compiling /home/robot/ros2jazzy/GitRepo/MXEN3005/mxen_ws/install/wx250s/lib/python3.12/site-packages/wx250s/gripper_node.py to gripper_node.cpython-312.pyc
[1.081s] byte-compiling /home/robot/ros2jazzy/GitRepo/MXEN3005/mxen_ws/install/wx250s/lib/python3.12/site-packages/wx250s/joint_state_node.py to joint_state_node.cpython-312.pyc
[1.081s] byte-compiling /home/robot/ros2jazzy/GitRepo/MXEN3005/mxen_ws/install/wx250s/lib/python3.12/site-packages/wx250s/__init__.py to __init__.cpython-312.pyc
[1.081s] byte-compiling /home/robot/ros2jazzy/GitRepo/MXEN3005/mxen_ws/install/wx250s/lib/python3.12/site-packages/wx250s/joint_ptp_node.py to joint_ptp_node.cpython-312.pyc
[1.081s] byte-compiling /home/robot/ros2jazzy/GitRepo/MXEN3005/mxen_ws/install/wx250s/lib/python3.12/site-packages/wx250s/git_testing.py to git_testing.cpython-312.pyc
[1.081s] byte-compiling /home/robot/ros2jazzy/GitRepo/MXEN3005/mxen_ws/install/wx250s/lib/python3.12/site-packages/wx250s/homing_node.py to homing_node.cpython-312.pyc
[1.081s] running install_data
[1.082s] creating /home/robot/ros2jazzy/GitRepo/MXEN3005/mxen_ws/install/wx250s/share/ament_index
[1.082s] creating /home/robot/ros2jazzy/GitRepo/MXEN3005/mxen_ws/install/wx250s/share/ament_index/resource_index
[1.082s] creating /home/robot/ros2jazzy/GitRepo/MXEN3005/mxen_ws/install/wx250s/share/ament_index/resource_index/packages
[1.082s] copying resource/wx250s -> /home/robot/ros2jazzy/GitRepo/MXEN3005/mxen_ws/install/wx250s/share/ament_index/resource_index/packages
[1.086s] copying package.xml -> /home/robot/ros2jazzy/GitRepo/MXEN3005/mxen_ws/install/wx250s/share/wx250s
[1.086s] creating /home/robot/ros2jazzy/GitRepo/MXEN3005/mxen_ws/install/wx250s/share/wx250s/launch
[1.086s] copying launch/wx250s_launch.xml -> /home/robot/ros2jazzy/GitRepo/MXEN3005/mxen_ws/install/wx250s/share/wx250s/launch
[1.086s] running install_egg_info
[1.106s] Copying ../../build/wx250s/wx250s.egg-info to /home/robot/ros2jazzy/GitRepo/MXEN3005/mxen_ws/install/wx250s/lib/python3.12/site-packages/wx250s-0.0.0-py3.12.egg-info
[1.107s] running install_scripts
[1.234s] Installing gripper_node script to /home/robot/ros2jazzy/GitRepo/MXEN3005/mxen_ws/install/wx250s/lib/wx250s
[1.234s] Installing homing_node script to /home/robot/ros2jazzy/GitRepo/MXEN3005/mxen_ws/install/wx250s/lib/wx250s
[1.234s] Installing joint_ptp_node script to /home/robot/ros2jazzy/GitRepo/MXEN3005/mxen_ws/install/wx250s/lib/wx250s
[1.234s] Installing joint_state_node script to /home/robot/ros2jazzy/GitRepo/MXEN3005/mxen_ws/install/wx250s/lib/wx250s
[1.234s] writing list of installed files to '/home/robot/ros2jazzy/GitRepo/MXEN3005/mxen_ws/build/wx250s/install.log'
[1.258s] Invoked command in '/home/robot/ros2jazzy/GitRepo/MXEN3005/mxen_ws/src/wx250s' returned '0': AMENT_PREFIX_PATH=/home/robot/ros2jazzy/GitRepo/MXEN3005/mxen_ws/install/wx250s_interface:${AMENT_PREFIX_PATH} CMAKE_PREFIX_PATH=/home/robot/ros2jazzy/GitRepo/MXEN3005/mxen_ws/install/wx250s_interface:${CMAKE_PREFIX_PATH} DEBUGINFOD_URLS=https://debuginfod.ubuntu.com LD_LIBRARY_PATH=/home/robot/ros2jazzy/GitRepo/MXEN3005/mxen_ws/install/wx250s_interface/lib:${LD_LIBRARY_PATH} PS1=(.ros2jazzyvenv) \[\e]0;\u@\h: \w\a\]${debian_chroot:+($debian_chroot)}\[\033[01;32m\]\u@\h\[\033[00m\]:\[\033[01;34m\]\w\[\033[00m\]\$ PYTHONPATH=/home/robot/ros2jazzy/GitRepo/MXEN3005/mxen_ws/build/wx250s/prefix_override:/usr/lib/python3/dist-packages/colcon_core/task/python/colcon_distutils_commands:/home/robot/ros2jazzy/GitRepo/MXEN3005/mxen_ws/install/wx250s/lib/python3.12/site-packages:/home/robot/ros2jazzy/GitRepo/MXEN3005/mxen_ws/install/wx250s_interface/lib/python3.12/site-packages:${PYTHONPATH} VIRTUAL_ENV_PROMPT=(.ros2jazzyvenv) /home/robot/ros2jazzy/.ros2jazzyvenv/bin/python -W ignore:setup.py install is deprecated -W ignore:easy_install command is deprecated setup.py egg_info --egg-base ../../build/wx250s build --build-base /home/robot/ros2jazzy/GitRepo/MXEN3005/mxen_ws/build/wx250s/build install --record /home/robot/ros2jazzy/GitRepo/MXEN3005/mxen_ws/build/wx250s/install.log --single-version-externally-managed install_data
