running egg_info
creating ../../build/wx250s/wx250s.egg-info
writing ../../build/wx250s/wx250s.egg-info/PKG-INFO
writing dependency_links to ../../build/wx250s/wx250s.egg-info/dependency_links.txt
writing entry points to ../../build/wx250s/wx250s.egg-info/entry_points.txt
writing requirements to ../../build/wx250s/wx250s.egg-info/requires.txt
writing top-level names to ../../build/wx250s/wx250s.egg-info/top_level.txt
writing manifest file '../../build/wx250s/wx250s.egg-info/SOURCES.txt'
reading manifest file '../../build/wx250s/wx250s.egg-info/SOURCES.txt'
writing manifest file '../../build/wx250s/wx250s.egg-info/SOURCES.txt'
running build
running build_py
creating /home/robot/ros2jazzy/mxen_ws/build/wx250s/build
creating /home/robot/ros2jazzy/mxen_ws/build/wx250s/build/lib
creating /home/robot/ros2jazzy/mxen_ws/build/wx250s/build/lib/wx250s
copying wx250s/__init__.py -> /home/robot/ros2jazzy/mxen_ws/build/wx250s/build/lib/wx250s
copying wx250s/gripper_node.py -> /home/robot/ros2jazzy/mxen_ws/build/wx250s/build/lib/wx250s
copying wx250s/homing_node.py -> /home/robot/ros2jazzy/mxen_ws/build/wx250s/build/lib/wx250s
copying wx250s/joint_ptp_node.py -> /home/robot/ros2jazzy/mxen_ws/build/wx250s/build/lib/wx250s
copying wx250s/joint_state_node.py -> /home/robot/ros2jazzy/mxen_ws/build/wx250s/build/lib/wx250s
running install
running install_lib
creating /home/robot/ros2jazzy/mxen_ws/install/wx250s/lib/python3.12/site-packages/wx250s
copying /home/robot/ros2jazzy/mxen_ws/build/wx250s/build/lib/wx250s/__init__.py -> /home/robot/ros2jazzy/mxen_ws/install/wx250s/lib/python3.12/site-packages/wx250s
copying /home/robot/ros2jazzy/mxen_ws/build/wx250s/build/lib/wx250s/gripper_node.py -> /home/robot/ros2jazzy/mxen_ws/install/wx250s/lib/python3.12/site-packages/wx250s
copying /home/robot/ros2jazzy/mxen_ws/build/wx250s/build/lib/wx250s/homing_node.py -> /home/robot/ros2jazzy/mxen_ws/install/wx250s/lib/python3.12/site-packages/wx250s
copying /home/robot/ros2jazzy/mxen_ws/build/wx250s/build/lib/wx250s/joint_ptp_node.py -> /home/robot/ros2jazzy/mxen_ws/install/wx250s/lib/python3.12/site-packages/wx250s
copying /home/robot/ros2jazzy/mxen_ws/build/wx250s/build/lib/wx250s/joint_state_node.py -> /home/robot/ros2jazzy/mxen_ws/install/wx250s/lib/python3.12/site-packages/wx250s
byte-compiling /home/robot/ros2jazzy/mxen_ws/install/wx250s/lib/python3.12/site-packages/wx250s/__init__.py to __init__.cpython-312.pyc
byte-compiling /home/robot/ros2jazzy/mxen_ws/install/wx250s/lib/python3.12/site-packages/wx250s/gripper_node.py to gripper_node.cpython-312.pyc
byte-compiling /home/robot/ros2jazzy/mxen_ws/install/wx250s/lib/python3.12/site-packages/wx250s/homing_node.py to homing_node.cpython-312.pyc
byte-compiling /home/robot/ros2jazzy/mxen_ws/install/wx250s/lib/python3.12/site-packages/wx250s/joint_ptp_node.py to joint_ptp_node.cpython-312.pyc
byte-compiling /home/robot/ros2jazzy/mxen_ws/install/wx250s/lib/python3.12/site-packages/wx250s/joint_state_node.py to joint_state_node.cpython-312.pyc
running install_data
creating /home/robot/ros2jazzy/mxen_ws/install/wx250s/share/ament_index
creating /home/robot/ros2jazzy/mxen_ws/install/wx250s/share/ament_index/resource_index
creating /home/robot/ros2jazzy/mxen_ws/install/wx250s/share/ament_index/resource_index/packages
copying resource/wx250s -> /home/robot/ros2jazzy/mxen_ws/install/wx250s/share/ament_index/resource_index/packages
copying package.xml -> /home/robot/ros2jazzy/mxen_ws/install/wx250s/share/wx250s
creating /home/robot/ros2jazzy/mxen_ws/install/wx250s/share/wx250s/launch
copying launch/wx250s_launch.xml -> /home/robot/ros2jazzy/mxen_ws/install/wx250s/share/wx250s/launch
running install_egg_info
Copying ../../build/wx250s/wx250s.egg-info to /home/robot/ros2jazzy/mxen_ws/install/wx250s/lib/python3.12/site-packages/wx250s-0.0.0-py3.12.egg-info
running install_scripts
Installing gripper_node script to /home/robot/ros2jazzy/mxen_ws/install/wx250s/lib/wx250s
Installing homing_node script to /home/robot/ros2jazzy/mxen_ws/install/wx250s/lib/wx250s
Installing joint_ptp_node script to /home/robot/ros2jazzy/mxen_ws/install/wx250s/lib/wx250s
Installing joint_state_node script to /home/robot/ros2jazzy/mxen_ws/install/wx250s/lib/wx250s
writing list of installed files to '/home/robot/ros2jazzy/mxen_ws/build/wx250s/install.log'
