[0.909s] Invoking command in '/home/robot/ros2jazzy/mxen_ws/src/wx250s': AMENT_PREFIX_PATH=/home/robot/ros2jazzy/mxen_ws/install/wx250s_interface:${AMENT_PREFIX_PATH} CMAKE_PREFIX_PATH=/home/robot/ros2jazzy/mxen_ws/install/wx250s_interface:${CMAKE_PREFIX_PATH} LD_LIBRARY_PATH=/home/robot/ros2jazzy/mxen_ws/install/wx250s_interface/lib:${LD_LIBRARY_PATH} PS1=(.ros2jazzyvenv) \[\e]0;\u@\h: \w\a\]${debian_chroot:+($debian_chroot)}\[\033[01;32m\]\u@\h\[\033[00m\]:\[\033[01;34m\]\w\[\033[00m\]\$ PYTHONPATH=/home/robot/ros2jazzy/mxen_ws/build/wx250s/prefix_override:/usr/lib/python3/dist-packages/colcon_core/task/python/colcon_distutils_commands:/home/robot/ros2jazzy/mxen_ws/install/wx250s/lib/python3.12/site-packages:/home/robot/ros2jazzy/mxen_ws/install/wx250s_interface/lib/python3.12/site-packages:${PYTHONPATH} VIRTUAL_ENV_PROMPT=(.ros2jazzyvenv) /usr/bin/python3 -W ignore:setup.py install is deprecated -W ignore:easy_install command is deprecated setup.py egg_info --egg-base ../../build/wx250s build --build-base /home/robot/ros2jazzy/mxen_ws/build/wx250s/build install --record /home/robot/ros2jazzy/mxen_ws/build/wx250s/install.log --single-version-externally-managed install_data
[1.217s] running egg_info
[1.217s] creating ../../build/wx250s/wx250s.egg-info
[1.241s] writing ../../build/wx250s/wx250s.egg-info/PKG-INFO
[1.241s] writing dependency_links to ../../build/wx250s/wx250s.egg-info/dependency_links.txt
[1.242s] writing entry points to ../../build/wx250s/wx250s.egg-info/entry_points.txt
[1.242s] writing requirements to ../../build/wx250s/wx250s.egg-info/requires.txt
[1.242s] writing top-level names to ../../build/wx250s/wx250s.egg-info/top_level.txt
[1.242s] writing manifest file '../../build/wx250s/wx250s.egg-info/SOURCES.txt'
[1.293s] reading manifest file '../../build/wx250s/wx250s.egg-info/SOURCES.txt'
[1.294s] writing manifest file '../../build/wx250s/wx250s.egg-info/SOURCES.txt'
[1.294s] running build
[1.295s] running build_py
[1.295s] creating /home/robot/ros2jazzy/mxen_ws/build/wx250s/build
[1.295s] creating /home/robot/ros2jazzy/mxen_ws/build/wx250s/build/lib
[1.295s] creating /home/robot/ros2jazzy/mxen_ws/build/wx250s/build/lib/wx250s
[1.295s] copying wx250s/__init__.py -> /home/robot/ros2jazzy/mxen_ws/build/wx250s/build/lib/wx250s
[1.295s] copying wx250s/gripper_node.py -> /home/robot/ros2jazzy/mxen_ws/build/wx250s/build/lib/wx250s
[1.296s] copying wx250s/homing_node.py -> /home/robot/ros2jazzy/mxen_ws/build/wx250s/build/lib/wx250s
[1.296s] copying wx250s/joint_ptp_node.py -> /home/robot/ros2jazzy/mxen_ws/build/wx250s/build/lib/wx250s
[1.296s] copying wx250s/joint_state_node.py -> /home/robot/ros2jazzy/mxen_ws/build/wx250s/build/lib/wx250s
[1.296s] running install
[1.302s] running install_lib
[1.326s] creating /home/robot/ros2jazzy/mxen_ws/install/wx250s/lib/python3.12/site-packages/wx250s
[1.327s] copying /home/robot/ros2jazzy/mxen_ws/build/wx250s/build/lib/wx250s/__init__.py -> /home/robot/ros2jazzy/mxen_ws/install/wx250s/lib/python3.12/site-packages/wx250s
[1.327s] copying /home/robot/ros2jazzy/mxen_ws/build/wx250s/build/lib/wx250s/gripper_node.py -> /home/robot/ros2jazzy/mxen_ws/install/wx250s/lib/python3.12/site-packages/wx250s
[1.327s] copying /home/robot/ros2jazzy/mxen_ws/build/wx250s/build/lib/wx250s/homing_node.py -> /home/robot/ros2jazzy/mxen_ws/install/wx250s/lib/python3.12/site-packages/wx250s
[1.327s] copying /home/robot/ros2jazzy/mxen_ws/build/wx250s/build/lib/wx250s/joint_ptp_node.py -> /home/robot/ros2jazzy/mxen_ws/install/wx250s/lib/python3.12/site-packages/wx250s
[1.327s] copying /home/robot/ros2jazzy/mxen_ws/build/wx250s/build/lib/wx250s/joint_state_node.py -> /home/robot/ros2jazzy/mxen_ws/install/wx250s/lib/python3.12/site-packages/wx250s
[1.328s] byte-compiling /home/robot/ros2jazzy/mxen_ws/install/wx250s/lib/python3.12/site-packages/wx250s/__init__.py to __init__.cpython-312.pyc
[1.328s] byte-compiling /home/robot/ros2jazzy/mxen_ws/install/wx250s/lib/python3.12/site-packages/wx250s/gripper_node.py to gripper_node.cpython-312.pyc
[1.329s] byte-compiling /home/robot/ros2jazzy/mxen_ws/install/wx250s/lib/python3.12/site-packages/wx250s/homing_node.py to homing_node.cpython-312.pyc
[1.329s] byte-compiling /home/robot/ros2jazzy/mxen_ws/install/wx250s/lib/python3.12/site-packages/wx250s/joint_ptp_node.py to joint_ptp_node.cpython-312.pyc
[1.330s] byte-compiling /home/robot/ros2jazzy/mxen_ws/install/wx250s/lib/python3.12/site-packages/wx250s/joint_state_node.py to joint_state_node.cpython-312.pyc
[1.331s] running install_data
[1.331s] creating /home/robot/ros2jazzy/mxen_ws/install/wx250s/share/ament_index
[1.331s] creating /home/robot/ros2jazzy/mxen_ws/install/wx250s/share/ament_index/resource_index
[1.332s] creating /home/robot/ros2jazzy/mxen_ws/install/wx250s/share/ament_index/resource_index/packages
[1.332s] copying resource/wx250s -> /home/robot/ros2jazzy/mxen_ws/install/wx250s/share/ament_index/resource_index/packages
[1.332s] copying package.xml -> /home/robot/ros2jazzy/mxen_ws/install/wx250s/share/wx250s
[1.332s] creating /home/robot/ros2jazzy/mxen_ws/install/wx250s/share/wx250s/launch
[1.332s] copying launch/wx250s_launch.xml -> /home/robot/ros2jazzy/mxen_ws/install/wx250s/share/wx250s/launch
[1.332s] running install_egg_info
[1.359s] Copying ../../build/wx250s/wx250s.egg-info to /home/robot/ros2jazzy/mxen_ws/install/wx250s/lib/python3.12/site-packages/wx250s-0.0.0-py3.12.egg-info
[1.360s] running install_scripts
[1.531s] Installing gripper_node script to /home/robot/ros2jazzy/mxen_ws/install/wx250s/lib/wx250s
[1.532s] Installing homing_node script to /home/robot/ros2jazzy/mxen_ws/install/wx250s/lib/wx250s
[1.532s] Installing joint_ptp_node script to /home/robot/ros2jazzy/mxen_ws/install/wx250s/lib/wx250s
[1.532s] Installing joint_state_node script to /home/robot/ros2jazzy/mxen_ws/install/wx250s/lib/wx250s
[1.532s] writing list of installed files to '/home/robot/ros2jazzy/mxen_ws/build/wx250s/install.log'
[1.559s] Invoked command in '/home/robot/ros2jazzy/mxen_ws/src/wx250s' returned '0': AMENT_PREFIX_PATH=/home/robot/ros2jazzy/mxen_ws/install/wx250s_interface:${AMENT_PREFIX_PATH} CMAKE_PREFIX_PATH=/home/robot/ros2jazzy/mxen_ws/install/wx250s_interface:${CMAKE_PREFIX_PATH} LD_LIBRARY_PATH=/home/robot/ros2jazzy/mxen_ws/install/wx250s_interface/lib:${LD_LIBRARY_PATH} PS1=(.ros2jazzyvenv) \[\e]0;\u@\h: \w\a\]${debian_chroot:+($debian_chroot)}\[\033[01;32m\]\u@\h\[\033[00m\]:\[\033[01;34m\]\w\[\033[00m\]\$ PYTHONPATH=/home/robot/ros2jazzy/mxen_ws/build/wx250s/prefix_override:/usr/lib/python3/dist-packages/colcon_core/task/python/colcon_distutils_commands:/home/robot/ros2jazzy/mxen_ws/install/wx250s/lib/python3.12/site-packages:/home/robot/ros2jazzy/mxen_ws/install/wx250s_interface/lib/python3.12/site-packages:${PYTHONPATH} VIRTUAL_ENV_PROMPT=(.ros2jazzyvenv) /usr/bin/python3 -W ignore:setup.py install is deprecated -W ignore:easy_install command is deprecated setup.py egg_info --egg-base ../../build/wx250s build --build-base /home/robot/ros2jazzy/mxen_ws/build/wx250s/build install --record /home/robot/ros2jazzy/mxen_ws/build/wx250s/install.log --single-version-externally-managed install_data
