[0.987s] Invoking command in '/home/robot/ros2jazzy/GitRepo/MXEN3005/mxen_ws/src/wx250s': AMENT_PREFIX_PATH=/home/robot/ros2jazzy/GitRepo/MXEN3005/mxen_ws/install/wx250s_interface:${AMENT_PREFIX_PATH} CMAKE_PREFIX_PATH=/home/robot/ros2jazzy/GitRepo/MXEN3005/mxen_ws/install/wx250s_interface:${CMAKE_PREFIX_PATH} DEBUGINFOD_URLS=https://debuginfod.ubuntu.com LD_LIBRARY_PATH=/home/robot/ros2jazzy/GitRepo/MXEN3005/mxen_ws/install/wx250s_interface/lib:${LD_LIBRARY_PATH} PYTHONPATH=/home/robot/ros2jazzy/GitRepo/MXEN3005/mxen_ws/build/wx250s/prefix_override:/usr/lib/python3/dist-packages/colcon_core/task/python/colcon_distutils_commands:/home/robot/ros2jazzy/GitRepo/MXEN3005/mxen_ws/install/wx250s/lib/python3.12/site-packages:/home/robot/ros2jazzy/GitRepo/MXEN3005/mxen_ws/install/wx250s_interface/lib/python3.12/site-packages:${PYTHONPATH} VIRTUAL_ENV_PROMPT=(.ros2jazzyvenv) /home/robot/ros2jazzy/.ros2jazzyvenv/bin/python -W ignore:setup.py install is deprecated -W ignore:easy_install command is deprecated setup.py egg_info --egg-base ../../build/wx250s build --build-base /home/robot/ros2jazzy/GitRepo/MXEN3005/mxen_ws/build/wx250s/build install --record /home/robot/ros2jazzy/GitRepo/MXEN3005/mxen_ws/build/wx250s/install.log --single-version-externally-managed install_data
[1.305s] running egg_info
[1.329s] writing ../../build/wx250s/wx250s.egg-info/PKG-INFO
[1.330s] writing dependency_links to ../../build/wx250s/wx250s.egg-info/dependency_links.txt
[1.330s] writing entry points to ../../build/wx250s/wx250s.egg-info/entry_points.txt
[1.331s] writing requirements to ../../build/wx250s/wx250s.egg-info/requires.txt
[1.331s] writing top-level names to ../../build/wx250s/wx250s.egg-info/top_level.txt
[1.380s] reading manifest file '../../build/wx250s/wx250s.egg-info/SOURCES.txt'
[1.382s] writing manifest file '../../build/wx250s/wx250s.egg-info/SOURCES.txt'
[1.383s] running build
[1.383s] running build_py
[1.383s] copying wx250s/git_testing.py -> /home/robot/ros2jazzy/GitRepo/MXEN3005/mxen_ws/build/wx250s/build/lib/wx250s
[1.384s] running install
[1.390s] running install_lib
[1.413s] copying /home/robot/ros2jazzy/GitRepo/MXEN3005/mxen_ws/build/wx250s/build/lib/wx250s/git_testing.py -> /home/robot/ros2jazzy/GitRepo/MXEN3005/mxen_ws/install/wx250s/lib/python3.12/site-packages/wx250s
[1.415s] byte-compiling /home/robot/ros2jazzy/GitRepo/MXEN3005/mxen_ws/install/wx250s/lib/python3.12/site-packages/wx250s/git_testing.py to git_testing.cpython-312.pyc
[1.416s] running install_data
[1.416s] running install_egg_info
[1.449s] removing '/home/robot/ros2jazzy/GitRepo/MXEN3005/mxen_ws/install/wx250s/lib/python3.12/site-packages/wx250s-0.0.0-py3.12.egg-info' (and everything under it)
[1.451s] Copying ../../build/wx250s/wx250s.egg-info to /home/robot/ros2jazzy/GitRepo/MXEN3005/mxen_ws/install/wx250s/lib/python3.12/site-packages/wx250s-0.0.0-py3.12.egg-info
[1.452s] running install_scripts
[1.598s] Installing gripper_node script to /home/robot/ros2jazzy/GitRepo/MXEN3005/mxen_ws/install/wx250s/lib/wx250s
[1.600s] Installing homing_node script to /home/robot/ros2jazzy/GitRepo/MXEN3005/mxen_ws/install/wx250s/lib/wx250s
[1.600s] Installing joint_ptp_node script to /home/robot/ros2jazzy/GitRepo/MXEN3005/mxen_ws/install/wx250s/lib/wx250s
[1.600s] Installing joint_state_node script to /home/robot/ros2jazzy/GitRepo/MXEN3005/mxen_ws/install/wx250s/lib/wx250s
[1.600s] writing list of installed files to '/home/robot/ros2jazzy/GitRepo/MXEN3005/mxen_ws/build/wx250s/install.log'
[1.635s] Invoked command in '/home/robot/ros2jazzy/GitRepo/MXEN3005/mxen_ws/src/wx250s' returned '0': AMENT_PREFIX_PATH=/home/robot/ros2jazzy/GitRepo/MXEN3005/mxen_ws/install/wx250s_interface:${AMENT_PREFIX_PATH} CMAKE_PREFIX_PATH=/home/robot/ros2jazzy/GitRepo/MXEN3005/mxen_ws/install/wx250s_interface:${CMAKE_PREFIX_PATH} DEBUGINFOD_URLS=https://debuginfod.ubuntu.com LD_LIBRARY_PATH=/home/robot/ros2jazzy/GitRepo/MXEN3005/mxen_ws/install/wx250s_interface/lib:${LD_LIBRARY_PATH} PYTHONPATH=/home/robot/ros2jazzy/GitRepo/MXEN3005/mxen_ws/build/wx250s/prefix_override:/usr/lib/python3/dist-packages/colcon_core/task/python/colcon_distutils_commands:/home/robot/ros2jazzy/GitRepo/MXEN3005/mxen_ws/install/wx250s/lib/python3.12/site-packages:/home/robot/ros2jazzy/GitRepo/MXEN3005/mxen_ws/install/wx250s_interface/lib/python3.12/site-packages:${PYTHONPATH} VIRTUAL_ENV_PROMPT=(.ros2jazzyvenv) /home/robot/ros2jazzy/.ros2jazzyvenv/bin/python -W ignore:setup.py install is deprecated -W ignore:easy_install command is deprecated setup.py egg_info --egg-base ../../build/wx250s build --build-base /home/robot/ros2jazzy/GitRepo/MXEN3005/mxen_ws/build/wx250s/build install --record /home/robot/ros2jazzy/GitRepo/MXEN3005/mxen_ws/build/wx250s/install.log --single-version-externally-managed install_data
