[0.024s] Invoking command in '/home/robot/ros2jazzy/GitRepo/MXEN3005/mxen_ws/build/wx250s_interface': CMAKE_PREFIX_PATH=${CMAKE_PREFIX_PATH}:/opt/ros/jazzy DEBUGINFOD_URLS=https://debuginfod.ubuntu.com PS1=(.ros2jazzyvenv) \[\e]0;\u@\h: \w\a\]${debian_chroot:+($debian_chroot)}\[\033[01;32m\]\u@\h\[\033[00m\]:\[\033[01;34m\]\w\[\033[00m\]\$ VIRTUAL_ENV_PROMPT=(.ros2jazzyvenv) /usr/bin/cmake /home/robot/ros2jazzy/GitRepo/MXEN3005/mxen_ws/src/wx250s_interface -DCMAKE_INSTALL_PREFIX=/home/robot/ros2jazzy/GitRepo/MXEN3005/mxen_ws/install/wx250s_interface
[0.085s] -- The C compiler identification is GNU 13.3.0
[0.151s] -- The CXX compiler identification is GNU 13.3.0
[0.173s] -- Detecting C compiler ABI info
[0.282s] -- Detecting C compiler ABI info - done
[0.290s] -- Check for working C compiler: /usr/bin/cc - skipped
[0.290s] -- Detecting C compile features
[0.290s] -- Detecting C compile features - done
[0.305s] -- Detecting CXX compiler ABI info
[0.430s] -- Detecting CXX compiler ABI info - done
[0.438s] -- Check for working CXX compiler: /usr/bin/c++ - skipped
[0.438s] -- Detecting CXX compile features
[0.439s] -- Detecting CXX compile features - done
[0.453s] -- Found ament_cmake: 2.5.3 (/opt/ros/jazzy/share/ament_cmake/cmake)
[0.622s] -- Found Python3: /home/robot/ros2jazzy/.ros2jazzyvenv/bin/python3 (found version "3.12.3") found components: Interpreter 
[0.714s] -- Found rosidl_default_generators: 1.6.0 (/opt/ros/jazzy/share/rosidl_default_generators/cmake)
[0.716s] -- Using all available rosidl_typesupport_c: rosidl_typesupport_fastrtps_c;rosidl_typesupport_introspection_c
[0.754s] -- Using all available rosidl_typesupport_cpp: rosidl_typesupport_fastrtps_cpp;rosidl_typesupport_introspection_cpp
[0.781s] -- Found rosidl_adapter: 4.6.5 (/opt/ros/jazzy/share/rosidl_adapter/cmake)
[1.519s] -- Found ament_cmake_ros: 0.12.0 (/opt/ros/jazzy/share/ament_cmake_ros/cmake)
[2.089s] -- Using all available rosidl_typesupport_c: rosidl_typesupport_fastrtps_c;rosidl_typesupport_introspection_c
[2.855s] -- Using all available rosidl_typesupport_cpp: rosidl_typesupport_fastrtps_cpp;rosidl_typesupport_introspection_cpp
[2.860s] -- Found python_cmake_module: 0.11.1 (/opt/ros/jazzy/share/python_cmake_module/cmake)
[3.059s] -- Found PythonExtra: /home/robot/ros2jazzy/.ros2jazzyvenv/bin/python3  
[3.542s] -- Found Python3: /home/robot/ros2jazzy/.ros2jazzyvenv/bin/python3 (found version "3.12.3") found components: Interpreter Development NumPy Development.Module Development.Embed 
[3.575s] -- Found ament_lint_auto: 0.17.1 (/opt/ros/jazzy/share/ament_lint_auto/cmake)
[3.590s] -- Added test 'lint_cmake' to check CMake code style
[3.591s] -- Added test 'xmllint' to check XML markup files
[3.594s] -- Configuring done (3.6s)
[3.622s] -- Generating done (0.0s)
[3.632s] -- Build files have been written to: /home/robot/ros2jazzy/GitRepo/MXEN3005/mxen_ws/build/wx250s_interface
[3.645s] Invoked command in '/home/robot/ros2jazzy/GitRepo/MXEN3005/mxen_ws/build/wx250s_interface' returned '0': CMAKE_PREFIX_PATH=${CMAKE_PREFIX_PATH}:/opt/ros/jazzy DEBUGINFOD_URLS=https://debuginfod.ubuntu.com PS1=(.ros2jazzyvenv) \[\e]0;\u@\h: \w\a\]${debian_chroot:+($debian_chroot)}\[\033[01;32m\]\u@\h\[\033[00m\]:\[\033[01;34m\]\w\[\033[00m\]\$ VIRTUAL_ENV_PROMPT=(.ros2jazzyvenv) /usr/bin/cmake /home/robot/ros2jazzy/GitRepo/MXEN3005/mxen_ws/src/wx250s_interface -DCMAKE_INSTALL_PREFIX=/home/robot/ros2jazzy/GitRepo/MXEN3005/mxen_ws/install/wx250s_interface
[3.646s] Invoking command in '/home/robot/ros2jazzy/GitRepo/MXEN3005/mxen_ws/build/wx250s_interface': CMAKE_PREFIX_PATH=${CMAKE_PREFIX_PATH}:/opt/ros/jazzy DEBUGINFOD_URLS=https://debuginfod.ubuntu.com PS1=(.ros2jazzyvenv) \[\e]0;\u@\h: \w\a\]${debian_chroot:+($debian_chroot)}\[\033[01;32m\]\u@\h\[\033[00m\]:\[\033[01;34m\]\w\[\033[00m\]\$ VIRTUAL_ENV_PROMPT=(.ros2jazzyvenv) /usr/bin/cmake --build /home/robot/ros2jazzy/GitRepo/MXEN3005/mxen_ws/build/wx250s_interface -- -j4 -l4
[3.713s] [  2%] [34m[1mGenerating type hashes for ROS interfaces[0m
[3.724s] [  2%] Built target ament_cmake_python_copy_wx250s_interface
[3.903s] [  2%] Built target wx250s_interface__rosidl_generator_type_description
[3.918s] [  5%] [34m[1mGenerating C code for ROS interfaces[0m
[3.934s] [  8%] [34m[1mGenerating C++ code for ROS interfaces[0m
[3.973s] running egg_info
[3.975s] creating wx250s_interface.egg-info
[3.998s] writing wx250s_interface.egg-info/PKG-INFO
[3.998s] writing dependency_links to wx250s_interface.egg-info/dependency_links.txt
[3.999s] writing top-level names to wx250s_interface.egg-info/top_level.txt
[3.999s] writing manifest file 'wx250s_interface.egg-info/SOURCES.txt'
[4.072s] reading manifest file 'wx250s_interface.egg-info/SOURCES.txt'
[4.073s] writing manifest file 'wx250s_interface.egg-info/SOURCES.txt'
[4.116s] [  8%] Built target ament_cmake_python_build_wx250s_interface_egg
[4.344s] [  8%] Built target wx250s_interface__cpp
[4.377s] [ 14%] [32mBuilding C object CMakeFiles/wx250s_interface__rosidl_generator_c.dir/rosidl_generator_c/wx250s_interface/action/detail/joint_ptp__functions.c.o[0m
[4.377s] [ 17%] [32mBuilding C object CMakeFiles/wx250s_interface__rosidl_generator_c.dir/rosidl_generator_c/wx250s_interface/action/detail/joint_ptp__type_support.c.o[0m
[4.378s] [ 14%] [32mBuilding C object CMakeFiles/wx250s_interface__rosidl_generator_c.dir/rosidl_generator_c/wx250s_interface/action/detail/joint_ptp__description.c.o[0m
[4.532s] [ 20%] [32m[1mLinking C shared library libwx250s_interface__rosidl_generator_c.so[0m
[4.579s] [ 20%] Built target wx250s_interface__rosidl_generator_c
[4.594s] [ 23%] [34m[1mGenerating C++ type support dispatch for ROS interfaces[0m
[4.594s] [ 29%] [34m[1mGenerating C++ introspection for ROS interfaces[0m
[4.596s] [ 32%] [34m[1mGenerating C introspection for ROS interfaces[0m
[4.596s] [ 32%] [34m[1mGenerating C type support for eProsima Fast-RTPS[0m
[4.869s] [ 35%] [32mBuilding CXX object CMakeFiles/wx250s_interface__rosidl_typesupport_cpp.dir/rosidl_typesupport_cpp/wx250s_interface/action/joint_ptp__type_support.cpp.o[0m
[4.921s] [ 38%] [32mBuilding CXX object CMakeFiles/wx250s_interface__rosidl_typesupport_introspection_cpp.dir/rosidl_typesupport_introspection_cpp/wx250s_interface/action/detail/joint_ptp__type_support.cpp.o[0m
[4.926s] [ 41%] [32mBuilding C object CMakeFiles/wx250s_interface__rosidl_typesupport_introspection_c.dir/rosidl_typesupport_introspection_c/wx250s_interface/action/detail/joint_ptp__type_support.c.o[0m
[4.995s] [ 44%] [32m[1mLinking C shared library libwx250s_interface__rosidl_typesupport_introspection_c.so[0m
[5.043s] [ 44%] Built target wx250s_interface__rosidl_typesupport_introspection_c
[5.054s] [ 47%] [34m[1mGenerating C type support dispatch for ROS interfaces[0m
[5.128s] [ 50%] [32mBuilding CXX object CMakeFiles/wx250s_interface__rosidl_typesupport_fastrtps_c.dir/rosidl_typesupport_fastrtps_c/wx250s_interface/action/detail/joint_ptp__type_support_c.cpp.o[0m
[5.316s] [ 52%] [32mBuilding CXX object CMakeFiles/wx250s_interface__rosidl_typesupport_c.dir/rosidl_typesupport_c/wx250s_interface/action/joint_ptp__type_support.cpp.o[0m
[5.372s] [ 55%] [32m[1mLinking CXX shared library libwx250s_interface__rosidl_typesupport_c.so[0m
[5.520s] [ 55%] Built target wx250s_interface__rosidl_typesupport_c
[5.525s] [ 58%] [32m[1mLinking CXX shared library libwx250s_interface__rosidl_typesupport_cpp.so[0m
[5.534s] [ 61%] [34m[1mGenerating C++ type support for eProsima Fast-RTPS[0m
[5.623s] [ 61%] Built target wx250s_interface__rosidl_typesupport_cpp
[5.649s] [ 64%] [32m[1mLinking CXX shared library libwx250s_interface__rosidl_typesupport_introspection_cpp.so[0m
[5.707s] [ 67%] [32m[1mLinking CXX shared library libwx250s_interface__rosidl_typesupport_fastrtps_c.so[0m
[5.763s] [ 67%] Built target wx250s_interface__rosidl_typesupport_introspection_cpp
[5.767s] [ 67%] Built target wx250s_interface__rosidl_typesupport_fastrtps_c
[5.976s] [ 70%] [32mBuilding CXX object CMakeFiles/wx250s_interface__rosidl_typesupport_fastrtps_cpp.dir/rosidl_typesupport_fastrtps_cpp/wx250s_interface/action/detail/dds_fastrtps/joint_ptp__type_support.cpp.o[0m
[6.724s] [ 73%] [32m[1mLinking CXX shared library libwx250s_interface__rosidl_typesupport_fastrtps_cpp.so[0m
[6.808s] [ 73%] Built target wx250s_interface__rosidl_typesupport_fastrtps_cpp
[6.838s] [ 73%] Built target wx250s_interface
[6.866s] [ 76%] [34m[1mGenerating Python code for ROS interfaces[0m
[7.362s] [ 76%] Built target wx250s_interface__py
[7.413s] [ 79%] [32mBuilding C object CMakeFiles/wx250s_interface__rosidl_generator_py.dir/rosidl_generator_py/wx250s_interface/action/_joint_ptp_s.c.o[0m
[7.587s] [ 82%] [32m[1mLinking C shared library libwx250s_interface__rosidl_generator_py.so[0m
[7.637s] [ 82%] Built target wx250s_interface__rosidl_generator_py
[7.670s] [ 85%] [32mBuilding C object CMakeFiles/wx250s_interface_s__rosidl_typesupport_fastrtps_c.dir/rosidl_generator_py/wx250s_interface/_wx250s_interface_s.ep.rosidl_typesupport_fastrtps_c.c.o[0m
[7.670s] [ 88%] [32mBuilding C object CMakeFiles/wx250s_interface_s__rosidl_typesupport_c.dir/rosidl_generator_py/wx250s_interface/_wx250s_interface_s.ep.rosidl_typesupport_c.c.o[0m
[7.670s] [ 91%] [32mBuilding C object CMakeFiles/wx250s_interface_s__rosidl_typesupport_introspection_c.dir/rosidl_generator_py/wx250s_interface/_wx250s_interface_s.ep.rosidl_typesupport_introspection_c.c.o[0m
[7.793s] [ 94%] [32m[1mLinking C shared module rosidl_generator_py/wx250s_interface/wx250s_interface_s__rosidl_typesupport_introspection_c.so[0m
[7.798s] [ 97%] [32m[1mLinking C shared module rosidl_generator_py/wx250s_interface/wx250s_interface_s__rosidl_typesupport_fastrtps_c.so[0m
[7.804s] [100%] [32m[1mLinking C shared module rosidl_generator_py/wx250s_interface/wx250s_interface_s__rosidl_typesupport_c.so[0m
[7.835s] [100%] Built target wx250s_interface_s__rosidl_typesupport_introspection_c
[7.843s] [100%] Built target wx250s_interface_s__rosidl_typesupport_fastrtps_c
[7.848s] [100%] Built target wx250s_interface_s__rosidl_typesupport_c
[7.864s] Invoked command in '/home/robot/ros2jazzy/GitRepo/MXEN3005/mxen_ws/build/wx250s_interface' returned '0': CMAKE_PREFIX_PATH=${CMAKE_PREFIX_PATH}:/opt/ros/jazzy DEBUGINFOD_URLS=https://debuginfod.ubuntu.com PS1=(.ros2jazzyvenv) \[\e]0;\u@\h: \w\a\]${debian_chroot:+($debian_chroot)}\[\033[01;32m\]\u@\h\[\033[00m\]:\[\033[01;34m\]\w\[\033[00m\]\$ VIRTUAL_ENV_PROMPT=(.ros2jazzyvenv) /usr/bin/cmake --build /home/robot/ros2jazzy/GitRepo/MXEN3005/mxen_ws/build/wx250s_interface -- -j4 -l4
[7.876s] Invoking command in '/home/robot/ros2jazzy/GitRepo/MXEN3005/mxen_ws/build/wx250s_interface': CMAKE_PREFIX_PATH=${CMAKE_PREFIX_PATH}:/opt/ros/jazzy DEBUGINFOD_URLS=https://debuginfod.ubuntu.com PS1=(.ros2jazzyvenv) \[\e]0;\u@\h: \w\a\]${debian_chroot:+($debian_chroot)}\[\033[01;32m\]\u@\h\[\033[00m\]:\[\033[01;34m\]\w\[\033[00m\]\$ VIRTUAL_ENV_PROMPT=(.ros2jazzyvenv) /usr/bin/cmake --install /home/robot/ros2jazzy/GitRepo/MXEN3005/mxen_ws/build/wx250s_interface
[7.889s] -- Install configuration: ""
[7.889s] -- Installing: /home/robot/ros2jazzy/GitRepo/MXEN3005/mxen_ws/install/wx250s_interface/share/ament_index/resource_index/rosidl_interfaces/wx250s_interface
[7.889s] -- Installing: /home/robot/ros2jazzy/GitRepo/MXEN3005/mxen_ws/install/wx250s_interface/share/wx250s_interface/action/JointPTP.json
[7.889s] -- Installing: /home/robot/ros2jazzy/GitRepo/MXEN3005/mxen_ws/install/wx250s_interface/include/wx250s_interface/wx250s_interface
[7.889s] -- Installing: /home/robot/ros2jazzy/GitRepo/MXEN3005/mxen_ws/install/wx250s_interface/include/wx250s_interface/wx250s_interface/action
[7.889s] -- Installing: /home/robot/ros2jazzy/GitRepo/MXEN3005/mxen_ws/install/wx250s_interface/include/wx250s_interface/wx250s_interface/action/joint_ptp.h
[7.889s] -- Installing: /home/robot/ros2jazzy/GitRepo/MXEN3005/mxen_ws/install/wx250s_interface/include/wx250s_interface/wx250s_interface/action/detail
[7.889s] -- Installing: /home/robot/ros2jazzy/GitRepo/MXEN3005/mxen_ws/install/wx250s_interface/include/wx250s_interface/wx250s_interface/action/detail/joint_ptp__description.c
[7.889s] -- Installing: /home/robot/ros2jazzy/GitRepo/MXEN3005/mxen_ws/install/wx250s_interface/include/wx250s_interface/wx250s_interface/action/detail/joint_ptp__struct.h
[7.890s] -- Installing: /home/robot/ros2jazzy/GitRepo/MXEN3005/mxen_ws/install/wx250s_interface/include/wx250s_interface/wx250s_interface/action/detail/joint_ptp__type_support.h
[7.890s] -- Installing: /home/robot/ros2jazzy/GitRepo/MXEN3005/mxen_ws/install/wx250s_interface/include/wx250s_interface/wx250s_interface/action/detail/joint_ptp__functions.h
[7.890s] -- Installing: /home/robot/ros2jazzy/GitRepo/MXEN3005/mxen_ws/install/wx250s_interface/include/wx250s_interface/wx250s_interface/action/detail/joint_ptp__functions.c
[7.890s] -- Installing: /home/robot/ros2jazzy/GitRepo/MXEN3005/mxen_ws/install/wx250s_interface/include/wx250s_interface/wx250s_interface/action/detail/joint_ptp__type_support.c
[7.890s] -- Installing: /home/robot/ros2jazzy/GitRepo/MXEN3005/mxen_ws/install/wx250s_interface/include/wx250s_interface/wx250s_interface/msg
[7.890s] -- Installing: /home/robot/ros2jazzy/GitRepo/MXEN3005/mxen_ws/install/wx250s_interface/include/wx250s_interface/wx250s_interface/msg/rosidl_generator_c__visibility_control.h
[7.890s] -- Installing: /home/robot/ros2jazzy/GitRepo/MXEN3005/mxen_ws/install/wx250s_interface/share/wx250s_interface/environment/library_path.sh
[7.891s] -- Installing: /home/robot/ros2jazzy/GitRepo/MXEN3005/mxen_ws/install/wx250s_interface/share/wx250s_interface/environment/library_path.dsv
[7.891s] -- Installing: /home/robot/ros2jazzy/GitRepo/MXEN3005/mxen_ws/install/wx250s_interface/lib/libwx250s_interface__rosidl_generator_c.so
[7.891s] -- Set non-toolchain portion of runtime path of "/home/robot/ros2jazzy/GitRepo/MXEN3005/mxen_ws/install/wx250s_interface/lib/libwx250s_interface__rosidl_generator_c.so" to ""
[7.891s] -- Up-to-date: /home/robot/ros2jazzy/GitRepo/MXEN3005/mxen_ws/install/wx250s_interface/include/wx250s_interface/wx250s_interface
[7.891s] -- Up-to-date: /home/robot/ros2jazzy/GitRepo/MXEN3005/mxen_ws/install/wx250s_interface/include/wx250s_interface/wx250s_interface/action
[7.891s] -- Up-to-date: /home/robot/ros2jazzy/GitRepo/MXEN3005/mxen_ws/install/wx250s_interface/include/wx250s_interface/wx250s_interface/action/detail
[7.891s] -- Installing: /home/robot/ros2jazzy/GitRepo/MXEN3005/mxen_ws/install/wx250s_interface/include/wx250s_interface/wx250s_interface/action/detail/joint_ptp__rosidl_typesupport_fastrtps_c.h
[7.891s] -- Up-to-date: /home/robot/ros2jazzy/GitRepo/MXEN3005/mxen_ws/install/wx250s_interface/include/wx250s_interface/wx250s_interface/msg
[7.892s] -- Installing: /home/robot/ros2jazzy/GitRepo/MXEN3005/mxen_ws/install/wx250s_interface/include/wx250s_interface/wx250s_interface/msg/rosidl_typesupport_fastrtps_c__visibility_control.h
[7.892s] -- Installing: /home/robot/ros2jazzy/GitRepo/MXEN3005/mxen_ws/install/wx250s_interface/lib/libwx250s_interface__rosidl_typesupport_fastrtps_c.so
[7.892s] -- Set non-toolchain portion of runtime path of "/home/robot/ros2jazzy/GitRepo/MXEN3005/mxen_ws/install/wx250s_interface/lib/libwx250s_interface__rosidl_typesupport_fastrtps_c.so" to ""
[7.892s] -- Up-to-date: /home/robot/ros2jazzy/GitRepo/MXEN3005/mxen_ws/install/wx250s_interface/include/wx250s_interface/wx250s_interface
[7.892s] -- Up-to-date: /home/robot/ros2jazzy/GitRepo/MXEN3005/mxen_ws/install/wx250s_interface/include/wx250s_interface/wx250s_interface/action
[7.892s] -- Up-to-date: /home/robot/ros2jazzy/GitRepo/MXEN3005/mxen_ws/install/wx250s_interface/include/wx250s_interface/wx250s_interface/action/detail
[7.892s] -- Installing: /home/robot/ros2jazzy/GitRepo/MXEN3005/mxen_ws/install/wx250s_interface/include/wx250s_interface/wx250s_interface/action/detail/joint_ptp__rosidl_typesupport_introspection_c.h
[7.892s] -- Up-to-date: /home/robot/ros2jazzy/GitRepo/MXEN3005/mxen_ws/install/wx250s_interface/include/wx250s_interface/wx250s_interface/action/detail/joint_ptp__type_support.c
[7.892s] -- Up-to-date: /home/robot/ros2jazzy/GitRepo/MXEN3005/mxen_ws/install/wx250s_interface/include/wx250s_interface/wx250s_interface/msg
[7.892s] -- Installing: /home/robot/ros2jazzy/GitRepo/MXEN3005/mxen_ws/install/wx250s_interface/include/wx250s_interface/wx250s_interface/msg/rosidl_typesupport_introspection_c__visibility_control.h
[7.892s] -- Installing: /home/robot/ros2jazzy/GitRepo/MXEN3005/mxen_ws/install/wx250s_interface/lib/libwx250s_interface__rosidl_typesupport_introspection_c.so
[7.892s] -- Set non-toolchain portion of runtime path of "/home/robot/ros2jazzy/GitRepo/MXEN3005/mxen_ws/install/wx250s_interface/lib/libwx250s_interface__rosidl_typesupport_introspection_c.so" to ""
[7.893s] -- Installing: /home/robot/ros2jazzy/GitRepo/MXEN3005/mxen_ws/install/wx250s_interface/lib/libwx250s_interface__rosidl_typesupport_c.so
[7.893s] -- Set non-toolchain portion of runtime path of "/home/robot/ros2jazzy/GitRepo/MXEN3005/mxen_ws/install/wx250s_interface/lib/libwx250s_interface__rosidl_typesupport_c.so" to ""
[7.893s] -- Up-to-date: /home/robot/ros2jazzy/GitRepo/MXEN3005/mxen_ws/install/wx250s_interface/include/wx250s_interface/wx250s_interface
[7.893s] -- Up-to-date: /home/robot/ros2jazzy/GitRepo/MXEN3005/mxen_ws/install/wx250s_interface/include/wx250s_interface/wx250s_interface/action
[7.893s] -- Up-to-date: /home/robot/ros2jazzy/GitRepo/MXEN3005/mxen_ws/install/wx250s_interface/include/wx250s_interface/wx250s_interface/action/detail
[7.893s] -- Installing: /home/robot/ros2jazzy/GitRepo/MXEN3005/mxen_ws/install/wx250s_interface/include/wx250s_interface/wx250s_interface/action/detail/joint_ptp__type_support.hpp
[7.893s] -- Installing: /home/robot/ros2jazzy/GitRepo/MXEN3005/mxen_ws/install/wx250s_interface/include/wx250s_interface/wx250s_interface/action/detail/joint_ptp__struct.hpp
[7.893s] -- Installing: /home/robot/ros2jazzy/GitRepo/MXEN3005/mxen_ws/install/wx250s_interface/include/wx250s_interface/wx250s_interface/action/detail/joint_ptp__builder.hpp
[7.893s] -- Installing: /home/robot/ros2jazzy/GitRepo/MXEN3005/mxen_ws/install/wx250s_interface/include/wx250s_interface/wx250s_interface/action/detail/joint_ptp__traits.hpp
[7.893s] -- Installing: /home/robot/ros2jazzy/GitRepo/MXEN3005/mxen_ws/install/wx250s_interface/include/wx250s_interface/wx250s_interface/action/joint_ptp.hpp
[7.893s] -- Up-to-date: /home/robot/ros2jazzy/GitRepo/MXEN3005/mxen_ws/install/wx250s_interface/include/wx250s_interface/wx250s_interface/msg
[7.893s] -- Installing: /home/robot/ros2jazzy/GitRepo/MXEN3005/mxen_ws/install/wx250s_interface/include/wx250s_interface/wx250s_interface/msg/rosidl_generator_cpp__visibility_control.hpp
[7.894s] -- Up-to-date: /home/robot/ros2jazzy/GitRepo/MXEN3005/mxen_ws/install/wx250s_interface/include/wx250s_interface/wx250s_interface
[7.894s] -- Up-to-date: /home/robot/ros2jazzy/GitRepo/MXEN3005/mxen_ws/install/wx250s_interface/include/wx250s_interface/wx250s_interface/action
[7.894s] -- Up-to-date: /home/robot/ros2jazzy/GitRepo/MXEN3005/mxen_ws/install/wx250s_interface/include/wx250s_interface/wx250s_interface/action/detail
[7.894s] -- Installing: /home/robot/ros2jazzy/GitRepo/MXEN3005/mxen_ws/install/wx250s_interface/include/wx250s_interface/wx250s_interface/action/detail/joint_ptp__rosidl_typesupport_fastrtps_cpp.hpp
[7.894s] -- Installing: /home/robot/ros2jazzy/GitRepo/MXEN3005/mxen_ws/install/wx250s_interface/include/wx250s_interface/wx250s_interface/action/detail/dds_fastrtps
[7.894s] -- Up-to-date: /home/robot/ros2jazzy/GitRepo/MXEN3005/mxen_ws/install/wx250s_interface/include/wx250s_interface/wx250s_interface/msg
[7.894s] -- Installing: /home/robot/ros2jazzy/GitRepo/MXEN3005/mxen_ws/install/wx250s_interface/include/wx250s_interface/wx250s_interface/msg/rosidl_typesupport_fastrtps_cpp__visibility_control.h
[7.894s] -- Installing: /home/robot/ros2jazzy/GitRepo/MXEN3005/mxen_ws/install/wx250s_interface/lib/libwx250s_interface__rosidl_typesupport_fastrtps_cpp.so
[7.894s] -- Set non-toolchain portion of runtime path of "/home/robot/ros2jazzy/GitRepo/MXEN3005/mxen_ws/install/wx250s_interface/lib/libwx250s_interface__rosidl_typesupport_fastrtps_cpp.so" to ""
[7.895s] -- Up-to-date: /home/robot/ros2jazzy/GitRepo/MXEN3005/mxen_ws/install/wx250s_interface/include/wx250s_interface/wx250s_interface
[7.895s] -- Up-to-date: /home/robot/ros2jazzy/GitRepo/MXEN3005/mxen_ws/install/wx250s_interface/include/wx250s_interface/wx250s_interface/action
[7.895s] -- Up-to-date: /home/robot/ros2jazzy/GitRepo/MXEN3005/mxen_ws/install/wx250s_interface/include/wx250s_interface/wx250s_interface/action/detail
[7.895s] -- Installing: /home/robot/ros2jazzy/GitRepo/MXEN3005/mxen_ws/install/wx250s_interface/include/wx250s_interface/wx250s_interface/action/detail/joint_ptp__rosidl_typesupport_introspection_cpp.hpp
[7.895s] -- Installing: /home/robot/ros2jazzy/GitRepo/MXEN3005/mxen_ws/install/wx250s_interface/include/wx250s_interface/wx250s_interface/action/detail/joint_ptp__type_support.cpp
[7.895s] -- Installing: /home/robot/ros2jazzy/GitRepo/MXEN3005/mxen_ws/install/wx250s_interface/lib/libwx250s_interface__rosidl_typesupport_introspection_cpp.so
[7.895s] -- Set non-toolchain portion of runtime path of "/home/robot/ros2jazzy/GitRepo/MXEN3005/mxen_ws/install/wx250s_interface/lib/libwx250s_interface__rosidl_typesupport_introspection_cpp.so" to ""
[7.896s] -- Installing: /home/robot/ros2jazzy/GitRepo/MXEN3005/mxen_ws/install/wx250s_interface/lib/libwx250s_interface__rosidl_typesupport_cpp.so
[7.896s] -- Set non-toolchain portion of runtime path of "/home/robot/ros2jazzy/GitRepo/MXEN3005/mxen_ws/install/wx250s_interface/lib/libwx250s_interface__rosidl_typesupport_cpp.so" to ""
[7.896s] -- Installing: /home/robot/ros2jazzy/GitRepo/MXEN3005/mxen_ws/install/wx250s_interface/share/wx250s_interface/environment/pythonpath.sh
[7.896s] -- Installing: /home/robot/ros2jazzy/GitRepo/MXEN3005/mxen_ws/install/wx250s_interface/share/wx250s_interface/environment/pythonpath.dsv
[7.896s] -- Installing: /home/robot/ros2jazzy/GitRepo/MXEN3005/mxen_ws/install/wx250s_interface/lib/python3.12/site-packages/wx250s_interface-0.0.0-py3.12.egg-info
[7.896s] -- Installing: /home/robot/ros2jazzy/GitRepo/MXEN3005/mxen_ws/install/wx250s_interface/lib/python3.12/site-packages/wx250s_interface-0.0.0-py3.12.egg-info/top_level.txt
[7.896s] -- Installing: /home/robot/ros2jazzy/GitRepo/MXEN3005/mxen_ws/install/wx250s_interface/lib/python3.12/site-packages/wx250s_interface-0.0.0-py3.12.egg-info/PKG-INFO
[7.896s] -- Installing: /home/robot/ros2jazzy/GitRepo/MXEN3005/mxen_ws/install/wx250s_interface/lib/python3.12/site-packages/wx250s_interface-0.0.0-py3.12.egg-info/SOURCES.txt
[7.896s] -- Installing: /home/robot/ros2jazzy/GitRepo/MXEN3005/mxen_ws/install/wx250s_interface/lib/python3.12/site-packages/wx250s_interface-0.0.0-py3.12.egg-info/dependency_links.txt
[7.896s] -- Installing: /home/robot/ros2jazzy/GitRepo/MXEN3005/mxen_ws/install/wx250s_interface/lib/python3.12/site-packages/wx250s_interface
[7.896s] -- Installing: /home/robot/ros2jazzy/GitRepo/MXEN3005/mxen_ws/install/wx250s_interface/lib/python3.12/site-packages/wx250s_interface/action
[7.896s] -- Installing: /home/robot/ros2jazzy/GitRepo/MXEN3005/mxen_ws/install/wx250s_interface/lib/python3.12/site-packages/wx250s_interface/action/__init__.py
[7.896s] -- Installing: /home/robot/ros2jazzy/GitRepo/MXEN3005/mxen_ws/install/wx250s_interface/lib/python3.12/site-packages/wx250s_interface/action/_joint_ptp_s.c
[7.896s] -- Installing: /home/robot/ros2jazzy/GitRepo/MXEN3005/mxen_ws/install/wx250s_interface/lib/python3.12/site-packages/wx250s_interface/action/_joint_ptp.py
[7.896s] -- Installing: /home/robot/ros2jazzy/GitRepo/MXEN3005/mxen_ws/install/wx250s_interface/lib/python3.12/site-packages/wx250s_interface/__init__.py
[7.897s] -- Installing: /home/robot/ros2jazzy/GitRepo/MXEN3005/mxen_ws/install/wx250s_interface/lib/python3.12/site-packages/wx250s_interface/wx250s_interface_s__rosidl_typesupport_fastrtps_c.so
[7.897s] -- Installing: /home/robot/ros2jazzy/GitRepo/MXEN3005/mxen_ws/install/wx250s_interface/lib/python3.12/site-packages/wx250s_interface/_wx250s_interface_s.ep.rosidl_typesupport_c.c
[7.897s] -- Installing: /home/robot/ros2jazzy/GitRepo/MXEN3005/mxen_ws/install/wx250s_interface/lib/python3.12/site-packages/wx250s_interface/_wx250s_interface_s.ep.rosidl_typesupport_introspection_c.c
[7.897s] -- Installing: /home/robot/ros2jazzy/GitRepo/MXEN3005/mxen_ws/install/wx250s_interface/lib/python3.12/site-packages/wx250s_interface/wx250s_interface_s__rosidl_typesupport_c.so
[7.897s] -- Installing: /home/robot/ros2jazzy/GitRepo/MXEN3005/mxen_ws/install/wx250s_interface/lib/python3.12/site-packages/wx250s_interface/_wx250s_interface_s.ep.rosidl_typesupport_fastrtps_c.c
[7.897s] -- Installing: /home/robot/ros2jazzy/GitRepo/MXEN3005/mxen_ws/install/wx250s_interface/lib/python3.12/site-packages/wx250s_interface/wx250s_interface_s__rosidl_typesupport_introspection_c.so
[7.939s] Listing '/home/robot/ros2jazzy/GitRepo/MXEN3005/mxen_ws/install/wx250s_interface/lib/python3.12/site-packages/wx250s_interface'...
[7.939s] Compiling '/home/robot/ros2jazzy/GitRepo/MXEN3005/mxen_ws/install/wx250s_interface/lib/python3.12/site-packages/wx250s_interface/__init__.py'...
[7.939s] Listing '/home/robot/ros2jazzy/GitRepo/MXEN3005/mxen_ws/install/wx250s_interface/lib/python3.12/site-packages/wx250s_interface/action'...
[7.939s] Compiling '/home/robot/ros2jazzy/GitRepo/MXEN3005/mxen_ws/install/wx250s_interface/lib/python3.12/site-packages/wx250s_interface/action/__init__.py'...
[7.939s] Compiling '/home/robot/ros2jazzy/GitRepo/MXEN3005/mxen_ws/install/wx250s_interface/lib/python3.12/site-packages/wx250s_interface/action/_joint_ptp.py'...
[7.945s] -- Installing: /home/robot/ros2jazzy/GitRepo/MXEN3005/mxen_ws/install/wx250s_interface/lib/python3.12/site-packages/wx250s_interface/wx250s_interface_s__rosidl_typesupport_fastrtps_c.so
[7.946s] -- Set non-toolchain portion of runtime path of "/home/robot/ros2jazzy/GitRepo/MXEN3005/mxen_ws/install/wx250s_interface/lib/python3.12/site-packages/wx250s_interface/wx250s_interface_s__rosidl_typesupport_fastrtps_c.so" to ""
[7.946s] -- Installing: /home/robot/ros2jazzy/GitRepo/MXEN3005/mxen_ws/install/wx250s_interface/lib/python3.12/site-packages/wx250s_interface/wx250s_interface_s__rosidl_typesupport_introspection_c.so
[7.947s] -- Set non-toolchain portion of runtime path of "/home/robot/ros2jazzy/GitRepo/MXEN3005/mxen_ws/install/wx250s_interface/lib/python3.12/site-packages/wx250s_interface/wx250s_interface_s__rosidl_typesupport_introspection_c.so" to ""
[7.947s] -- Installing: /home/robot/ros2jazzy/GitRepo/MXEN3005/mxen_ws/install/wx250s_interface/lib/python3.12/site-packages/wx250s_interface/wx250s_interface_s__rosidl_typesupport_c.so
[7.947s] -- Set non-toolchain portion of runtime path of "/home/robot/ros2jazzy/GitRepo/MXEN3005/mxen_ws/install/wx250s_interface/lib/python3.12/site-packages/wx250s_interface/wx250s_interface_s__rosidl_typesupport_c.so" to ""
[7.947s] -- Installing: /home/robot/ros2jazzy/GitRepo/MXEN3005/mxen_ws/install/wx250s_interface/lib/libwx250s_interface__rosidl_generator_py.so
[7.947s] -- Set non-toolchain portion of runtime path of "/home/robot/ros2jazzy/GitRepo/MXEN3005/mxen_ws/install/wx250s_interface/lib/libwx250s_interface__rosidl_generator_py.so" to ""
[7.947s] -- Installing: /home/robot/ros2jazzy/GitRepo/MXEN3005/mxen_ws/install/wx250s_interface/share/wx250s_interface/action/JointPTP.idl
[7.947s] -- Installing: /home/robot/ros2jazzy/GitRepo/MXEN3005/mxen_ws/install/wx250s_interface/share/wx250s_interface/action/JointPTP.action
[7.947s] -- Installing: /home/robot/ros2jazzy/GitRepo/MXEN3005/mxen_ws/install/wx250s_interface/share/ament_index/resource_index/package_run_dependencies/wx250s_interface
[7.948s] -- Installing: /home/robot/ros2jazzy/GitRepo/MXEN3005/mxen_ws/install/wx250s_interface/share/ament_index/resource_index/parent_prefix_path/wx250s_interface
[7.948s] -- Installing: /home/robot/ros2jazzy/GitRepo/MXEN3005/mxen_ws/install/wx250s_interface/share/wx250s_interface/environment/ament_prefix_path.sh
[7.948s] -- Installing: /home/robot/ros2jazzy/GitRepo/MXEN3005/mxen_ws/install/wx250s_interface/share/wx250s_interface/environment/ament_prefix_path.dsv
[7.948s] -- Installing: /home/robot/ros2jazzy/GitRepo/MXEN3005/mxen_ws/install/wx250s_interface/share/wx250s_interface/environment/path.sh
[7.949s] -- Installing: /home/robot/ros2jazzy/GitRepo/MXEN3005/mxen_ws/install/wx250s_interface/share/wx250s_interface/environment/path.dsv
[7.949s] -- Installing: /home/robot/ros2jazzy/GitRepo/MXEN3005/mxen_ws/install/wx250s_interface/share/wx250s_interface/local_setup.bash
[7.949s] -- Installing: /home/robot/ros2jazzy/GitRepo/MXEN3005/mxen_ws/install/wx250s_interface/share/wx250s_interface/local_setup.sh
[7.949s] -- Installing: /home/robot/ros2jazzy/GitRepo/MXEN3005/mxen_ws/install/wx250s_interface/share/wx250s_interface/local_setup.zsh
[7.949s] -- Installing: /home/robot/ros2jazzy/GitRepo/MXEN3005/mxen_ws/install/wx250s_interface/share/wx250s_interface/local_setup.dsv
[7.949s] -- Installing: /home/robot/ros2jazzy/GitRepo/MXEN3005/mxen_ws/install/wx250s_interface/share/wx250s_interface/package.dsv
[7.950s] -- Installing: /home/robot/ros2jazzy/GitRepo/MXEN3005/mxen_ws/install/wx250s_interface/share/ament_index/resource_index/packages/wx250s_interface
[7.950s] -- Installing: /home/robot/ros2jazzy/GitRepo/MXEN3005/mxen_ws/install/wx250s_interface/share/wx250s_interface/cmake/export_wx250s_interface__rosidl_generator_cExport.cmake
[7.950s] -- Installing: /home/robot/ros2jazzy/GitRepo/MXEN3005/mxen_ws/install/wx250s_interface/share/wx250s_interface/cmake/export_wx250s_interface__rosidl_generator_cExport-noconfig.cmake
[7.950s] -- Installing: /home/robot/ros2jazzy/GitRepo/MXEN3005/mxen_ws/install/wx250s_interface/share/wx250s_interface/cmake/export_wx250s_interface__rosidl_typesupport_fastrtps_cExport.cmake
[7.950s] -- Installing: /home/robot/ros2jazzy/GitRepo/MXEN3005/mxen_ws/install/wx250s_interface/share/wx250s_interface/cmake/export_wx250s_interface__rosidl_typesupport_fastrtps_cExport-noconfig.cmake
[7.950s] -- Installing: /home/robot/ros2jazzy/GitRepo/MXEN3005/mxen_ws/install/wx250s_interface/share/wx250s_interface/cmake/wx250s_interface__rosidl_typesupport_introspection_cExport.cmake
[7.951s] -- Installing: /home/robot/ros2jazzy/GitRepo/MXEN3005/mxen_ws/install/wx250s_interface/share/wx250s_interface/cmake/wx250s_interface__rosidl_typesupport_introspection_cExport-noconfig.cmake
[7.954s] -- Installing: /home/robot/ros2jazzy/GitRepo/MXEN3005/mxen_ws/install/wx250s_interface/share/wx250s_interface/cmake/wx250s_interface__rosidl_typesupport_cExport.cmake
[7.954s] -- Installing: /home/robot/ros2jazzy/GitRepo/MXEN3005/mxen_ws/install/wx250s_interface/share/wx250s_interface/cmake/wx250s_interface__rosidl_typesupport_cExport-noconfig.cmake
[7.955s] -- Installing: /home/robot/ros2jazzy/GitRepo/MXEN3005/mxen_ws/install/wx250s_interface/share/wx250s_interface/cmake/export_wx250s_interface__rosidl_generator_cppExport.cmake
[7.955s] -- Installing: /home/robot/ros2jazzy/GitRepo/MXEN3005/mxen_ws/install/wx250s_interface/share/wx250s_interface/cmake/export_wx250s_interface__rosidl_typesupport_fastrtps_cppExport.cmake
[7.955s] -- Installing: /home/robot/ros2jazzy/GitRepo/MXEN3005/mxen_ws/install/wx250s_interface/share/wx250s_interface/cmake/export_wx250s_interface__rosidl_typesupport_fastrtps_cppExport-noconfig.cmake
[7.955s] -- Installing: /home/robot/ros2jazzy/GitRepo/MXEN3005/mxen_ws/install/wx250s_interface/share/wx250s_interface/cmake/wx250s_interface__rosidl_typesupport_introspection_cppExport.cmake
[7.955s] -- Installing: /home/robot/ros2jazzy/GitRepo/MXEN3005/mxen_ws/install/wx250s_interface/share/wx250s_interface/cmake/wx250s_interface__rosidl_typesupport_introspection_cppExport-noconfig.cmake
[7.956s] -- Installing: /home/robot/ros2jazzy/GitRepo/MXEN3005/mxen_ws/install/wx250s_interface/share/wx250s_interface/cmake/wx250s_interface__rosidl_typesupport_cppExport.cmake
[7.956s] -- Installing: /home/robot/ros2jazzy/GitRepo/MXEN3005/mxen_ws/install/wx250s_interface/share/wx250s_interface/cmake/wx250s_interface__rosidl_typesupport_cppExport-noconfig.cmake
[7.956s] -- Installing: /home/robot/ros2jazzy/GitRepo/MXEN3005/mxen_ws/install/wx250s_interface/share/wx250s_interface/cmake/export_wx250s_interface__rosidl_generator_pyExport.cmake
[7.956s] -- Installing: /home/robot/ros2jazzy/GitRepo/MXEN3005/mxen_ws/install/wx250s_interface/share/wx250s_interface/cmake/export_wx250s_interface__rosidl_generator_pyExport-noconfig.cmake
[7.956s] -- Installing: /home/robot/ros2jazzy/GitRepo/MXEN3005/mxen_ws/install/wx250s_interface/share/wx250s_interface/cmake/rosidl_cmake-extras.cmake
[7.957s] -- Installing: /home/robot/ros2jazzy/GitRepo/MXEN3005/mxen_ws/install/wx250s_interface/share/wx250s_interface/cmake/ament_cmake_export_dependencies-extras.cmake
[7.957s] -- Installing: /home/robot/ros2jazzy/GitRepo/MXEN3005/mxen_ws/install/wx250s_interface/share/wx250s_interface/cmake/ament_cmake_export_include_directories-extras.cmake
[7.957s] -- Installing: /home/robot/ros2jazzy/GitRepo/MXEN3005/mxen_ws/install/wx250s_interface/share/wx250s_interface/cmake/ament_cmake_export_libraries-extras.cmake
[7.958s] -- Installing: /home/robot/ros2jazzy/GitRepo/MXEN3005/mxen_ws/install/wx250s_interface/share/wx250s_interface/cmake/ament_cmake_export_targets-extras.cmake
[7.958s] -- Installing: /home/robot/ros2jazzy/GitRepo/MXEN3005/mxen_ws/install/wx250s_interface/share/wx250s_interface/cmake/rosidl_cmake_export_typesupport_targets-extras.cmake
[7.958s] -- Installing: /home/robot/ros2jazzy/GitRepo/MXEN3005/mxen_ws/install/wx250s_interface/share/wx250s_interface/cmake/rosidl_cmake_export_typesupport_libraries-extras.cmake
[7.959s] -- Installing: /home/robot/ros2jazzy/GitRepo/MXEN3005/mxen_ws/install/wx250s_interface/share/wx250s_interface/cmake/wx250s_interfaceConfig.cmake
[7.959s] -- Installing: /home/robot/ros2jazzy/GitRepo/MXEN3005/mxen_ws/install/wx250s_interface/share/wx250s_interface/cmake/wx250s_interfaceConfig-version.cmake
[7.959s] -- Installing: /home/robot/ros2jazzy/GitRepo/MXEN3005/mxen_ws/install/wx250s_interface/share/wx250s_interface/package.xml
[7.959s] Invoked command in '/home/robot/ros2jazzy/GitRepo/MXEN3005/mxen_ws/build/wx250s_interface' returned '0': CMAKE_PREFIX_PATH=${CMAKE_PREFIX_PATH}:/opt/ros/jazzy DEBUGINFOD_URLS=https://debuginfod.ubuntu.com PS1=(.ros2jazzyvenv) \[\e]0;\u@\h: \w\a\]${debian_chroot:+($debian_chroot)}\[\033[01;32m\]\u@\h\[\033[00m\]:\[\033[01;34m\]\w\[\033[00m\]\$ VIRTUAL_ENV_PROMPT=(.ros2jazzyvenv) /usr/bin/cmake --install /home/robot/ros2jazzy/GitRepo/MXEN3005/mxen_ws/build/wx250s_interface
