[0.014s] Invoking command in '/home/robot/ros2jazzy/mxen_ws/build/wx250s_interface': CMAKE_PREFIX_PATH=${CMAKE_PREFIX_PATH}:/opt/ros/jazzy PS1=(.ros2jazzyvenv) \[\e]0;\u@\h: \w\a\]${debian_chroot:+($debian_chroot)}\[\033[01;32m\]\u@\h\[\033[00m\]:\[\033[01;34m\]\w\[\033[00m\]\$ VIRTUAL_ENV_PROMPT=(.ros2jazzyvenv) /usr/bin/cmake /home/robot/ros2jazzy/mxen_ws/src/wx250s_interface -DCMAKE_INSTALL_PREFIX=/home/robot/ros2jazzy/mxen_ws/install/wx250s_interface
[0.079s] -- The C compiler identification is GNU 13.3.0
[0.145s] -- The CXX compiler identification is GNU 13.3.0
[0.165s] -- Detecting C compiler ABI info
[0.276s] -- Detecting C compiler ABI info - done
[0.286s] -- Check for working C compiler: /usr/bin/cc - skipped
[0.287s] -- Detecting C compile features
[0.287s] -- Detecting C compile features - done
[0.298s] -- Detecting CXX compiler ABI info
[0.420s] -- Detecting CXX compiler ABI info - done
[0.431s] -- Check for working CXX compiler: /usr/bin/c++ - skipped
[0.432s] -- Detecting CXX compile features
[0.432s] -- Detecting CXX compile features - done
[0.454s] -- Found ament_cmake: 2.5.3 (/opt/ros/jazzy/share/ament_cmake/cmake)
[0.699s] -- Found Python3: /home/robot/ros2jazzy/.ros2jazzyvenv/bin/python3 (found version "3.12.3") found components: Interpreter 
[0.930s] -- Found rosidl_default_generators: 1.6.0 (/opt/ros/jazzy/share/rosidl_default_generators/cmake)
[0.954s] -- Using all available rosidl_typesupport_c: rosidl_typesupport_fastrtps_c;rosidl_typesupport_introspection_c
[1.106s] -- Using all available rosidl_typesupport_cpp: rosidl_typesupport_fastrtps_cpp;rosidl_typesupport_introspection_cpp
[1.235s] -- Found rosidl_adapter: 4.6.5 (/opt/ros/jazzy/share/rosidl_adapter/cmake)
[2.139s] -- Found ament_cmake_ros: 0.12.0 (/opt/ros/jazzy/share/ament_cmake_ros/cmake)
[2.790s] -- Using all available rosidl_typesupport_c: rosidl_typesupport_fastrtps_c;rosidl_typesupport_introspection_c
[3.603s] -- Using all available rosidl_typesupport_cpp: rosidl_typesupport_fastrtps_cpp;rosidl_typesupport_introspection_cpp
[3.616s] -- Found python_cmake_module: 0.11.1 (/opt/ros/jazzy/share/python_cmake_module/cmake)
[3.810s] -- Found PythonExtra: /home/robot/ros2jazzy/.ros2jazzyvenv/bin/python3  
[4.355s] -- Found Python3: /home/robot/ros2jazzy/.ros2jazzyvenv/bin/python3 (found version "3.12.3") found components: Interpreter Development NumPy Development.Module Development.Embed 
[4.415s] -- Found ament_lint_auto: 0.17.1 (/opt/ros/jazzy/share/ament_lint_auto/cmake)
[4.501s] -- Added test 'lint_cmake' to check CMake code style
[4.503s] -- Added test 'xmllint' to check XML markup files
[4.508s] -- Configuring done (4.5s)
[4.558s] -- Generating done (0.0s)
[4.572s] -- Build files have been written to: /home/robot/ros2jazzy/mxen_ws/build/wx250s_interface
[4.581s] Invoked command in '/home/robot/ros2jazzy/mxen_ws/build/wx250s_interface' returned '0': CMAKE_PREFIX_PATH=${CMAKE_PREFIX_PATH}:/opt/ros/jazzy PS1=(.ros2jazzyvenv) \[\e]0;\u@\h: \w\a\]${debian_chroot:+($debian_chroot)}\[\033[01;32m\]\u@\h\[\033[00m\]:\[\033[01;34m\]\w\[\033[00m\]\$ VIRTUAL_ENV_PROMPT=(.ros2jazzyvenv) /usr/bin/cmake /home/robot/ros2jazzy/mxen_ws/src/wx250s_interface -DCMAKE_INSTALL_PREFIX=/home/robot/ros2jazzy/mxen_ws/install/wx250s_interface
[4.582s] Invoking command in '/home/robot/ros2jazzy/mxen_ws/build/wx250s_interface': CMAKE_PREFIX_PATH=${CMAKE_PREFIX_PATH}:/opt/ros/jazzy PS1=(.ros2jazzyvenv) \[\e]0;\u@\h: \w\a\]${debian_chroot:+($debian_chroot)}\[\033[01;32m\]\u@\h\[\033[00m\]:\[\033[01;34m\]\w\[\033[00m\]\$ VIRTUAL_ENV_PROMPT=(.ros2jazzyvenv) /usr/bin/cmake --build /home/robot/ros2jazzy/mxen_ws/build/wx250s_interface -- -j8 -l8
[4.651s] [  2%] [34m[1mGenerating type hashes for ROS interfaces[0m
[4.663s] [  2%] Built target ament_cmake_python_copy_wx250s_interface
[4.852s] [  2%] Built target wx250s_interface__rosidl_generator_type_description
[4.867s] [  5%] [34m[1mGenerating C code for ROS interfaces[0m
[4.881s] [  8%] [34m[1mGenerating C++ code for ROS interfaces[0m
[4.933s] running egg_info
[4.934s] creating wx250s_interface.egg-info
[4.960s] writing wx250s_interface.egg-info/PKG-INFO
[4.960s] writing dependency_links to wx250s_interface.egg-info/dependency_links.txt
[4.961s] writing top-level names to wx250s_interface.egg-info/top_level.txt
[4.961s] writing manifest file 'wx250s_interface.egg-info/SOURCES.txt'
[5.039s] reading manifest file 'wx250s_interface.egg-info/SOURCES.txt'
[5.039s] writing manifest file 'wx250s_interface.egg-info/SOURCES.txt'
[5.070s] [  8%] Built target ament_cmake_python_build_wx250s_interface_egg
[5.298s] [  8%] Built target wx250s_interface__cpp
[5.328s] [ 17%] [32mBuilding C object CMakeFiles/wx250s_interface__rosidl_generator_c.dir/rosidl_generator_c/wx250s_interface/action/detail/joint_ptp__type_support.c.o[0m
[5.328s] [ 17%] [32mBuilding C object CMakeFiles/wx250s_interface__rosidl_generator_c.dir/rosidl_generator_c/wx250s_interface/action/detail/joint_ptp__description.c.o[0m
[5.328s] [ 17%] [32mBuilding C object CMakeFiles/wx250s_interface__rosidl_generator_c.dir/rosidl_generator_c/wx250s_interface/action/detail/joint_ptp__functions.c.o[0m
[5.492s] [ 20%] [32m[1mLinking C shared library libwx250s_interface__rosidl_generator_c.so[0m
[5.540s] [ 20%] Built target wx250s_interface__rosidl_generator_c
[5.555s] [ 26%] [34m[1mGenerating C type support dispatch for ROS interfaces[0m
[5.555s] [ 26%] [34m[1mGenerating C type support for eProsima Fast-RTPS[0m
[5.559s] [ 32%] [34m[1mGenerating C++ type support for eProsima Fast-RTPS[0m
[5.559s] [ 32%] [34m[1mGenerating C introspection for ROS interfaces[0m
[5.560s] [ 38%] [34m[1mGenerating C++ type support dispatch for ROS interfaces[0m
[5.560s] [ 38%] [34m[1mGenerating C++ introspection for ROS interfaces[0m
[5.928s] [ 41%] [32mBuilding C object CMakeFiles/wx250s_interface__rosidl_typesupport_introspection_c.dir/rosidl_typesupport_introspection_c/wx250s_interface/action/detail/joint_ptp__type_support.c.o[0m
[6.017s] [ 44%] [32m[1mLinking C shared library libwx250s_interface__rosidl_typesupport_introspection_c.so[0m
[6.030s] [ 47%] [32mBuilding CXX object CMakeFiles/wx250s_interface__rosidl_typesupport_c.dir/rosidl_typesupport_c/wx250s_interface/action/joint_ptp__type_support.cpp.o[0m
[6.048s] [ 50%] [32mBuilding CXX object CMakeFiles/wx250s_interface__rosidl_typesupport_cpp.dir/rosidl_typesupport_cpp/wx250s_interface/action/joint_ptp__type_support.cpp.o[0m
[6.078s] [ 50%] Built target wx250s_interface__rosidl_typesupport_introspection_c
[6.079s] [ 52%] [32mBuilding CXX object CMakeFiles/wx250s_interface__rosidl_typesupport_fastrtps_c.dir/rosidl_typesupport_fastrtps_c/wx250s_interface/action/detail/joint_ptp__type_support_c.cpp.o[0m
[6.125s] [ 55%] [32m[1mLinking CXX shared library libwx250s_interface__rosidl_typesupport_c.so[0m
[6.147s] [ 58%] [32mBuilding CXX object CMakeFiles/wx250s_interface__rosidl_typesupport_introspection_cpp.dir/rosidl_typesupport_introspection_cpp/wx250s_interface/action/detail/joint_ptp__type_support.cpp.o[0m
[6.200s] [ 58%] Built target wx250s_interface__rosidl_typesupport_c
[6.238s] [ 61%] [32mBuilding CXX object CMakeFiles/wx250s_interface__rosidl_typesupport_fastrtps_cpp.dir/rosidl_typesupport_fastrtps_cpp/wx250s_interface/action/detail/dds_fastrtps/joint_ptp__type_support.cpp.o[0m
[6.697s] [ 64%] [32m[1mLinking CXX shared library libwx250s_interface__rosidl_typesupport_fastrtps_c.so[0m
[6.763s] [ 64%] Built target wx250s_interface__rosidl_typesupport_fastrtps_c
[6.774s] [ 67%] [32m[1mLinking CXX shared library libwx250s_interface__rosidl_typesupport_cpp.so[0m
[6.873s] [ 67%] Built target wx250s_interface__rosidl_typesupport_cpp
[6.935s] [ 70%] [32m[1mLinking CXX shared library libwx250s_interface__rosidl_typesupport_introspection_cpp.so[0m
[7.030s] [ 70%] Built target wx250s_interface__rosidl_typesupport_introspection_cpp
[7.254s] [ 73%] [32m[1mLinking CXX shared library libwx250s_interface__rosidl_typesupport_fastrtps_cpp.so[0m
[7.343s] [ 73%] Built target wx250s_interface__rosidl_typesupport_fastrtps_cpp
[7.370s] [ 73%] Built target wx250s_interface
[7.397s] [ 76%] [34m[1mGenerating Python code for ROS interfaces[0m
[8.012s] [ 76%] Built target wx250s_interface__py
[8.041s] [ 79%] [32mBuilding C object CMakeFiles/wx250s_interface__rosidl_generator_py.dir/rosidl_generator_py/wx250s_interface/action/_joint_ptp_s.c.o[0m
[8.263s] [ 82%] [32m[1mLinking C shared library libwx250s_interface__rosidl_generator_py.so[0m
[8.318s] [ 82%] Built target wx250s_interface__rosidl_generator_py
[8.347s] [ 91%] [32mBuilding C object CMakeFiles/wx250s_interface_s__rosidl_typesupport_c.dir/rosidl_generator_py/wx250s_interface/_wx250s_interface_s.ep.rosidl_typesupport_c.c.o[0m
[8.347s] [ 91%] [32mBuilding C object CMakeFiles/wx250s_interface_s__rosidl_typesupport_fastrtps_c.dir/rosidl_generator_py/wx250s_interface/_wx250s_interface_s.ep.rosidl_typesupport_fastrtps_c.c.o[0m
[8.347s] [ 91%] [32mBuilding C object CMakeFiles/wx250s_interface_s__rosidl_typesupport_introspection_c.dir/rosidl_generator_py/wx250s_interface/_wx250s_interface_s.ep.rosidl_typesupport_introspection_c.c.o[0m
[8.501s] [ 94%] [32m[1mLinking C shared module rosidl_generator_py/wx250s_interface/wx250s_interface_s__rosidl_typesupport_c.so[0m
[8.502s] [ 97%] [32m[1mLinking C shared module rosidl_generator_py/wx250s_interface/wx250s_interface_s__rosidl_typesupport_introspection_c.so[0m
[8.510s] [100%] [32m[1mLinking C shared module rosidl_generator_py/wx250s_interface/wx250s_interface_s__rosidl_typesupport_fastrtps_c.so[0m
[8.545s] [100%] Built target wx250s_interface_s__rosidl_typesupport_c
[8.545s] [100%] Built target wx250s_interface_s__rosidl_typesupport_introspection_c
[8.557s] [100%] Built target wx250s_interface_s__rosidl_typesupport_fastrtps_c
[8.572s] Invoked command in '/home/robot/ros2jazzy/mxen_ws/build/wx250s_interface' returned '0': CMAKE_PREFIX_PATH=${CMAKE_PREFIX_PATH}:/opt/ros/jazzy PS1=(.ros2jazzyvenv) \[\e]0;\u@\h: \w\a\]${debian_chroot:+($debian_chroot)}\[\033[01;32m\]\u@\h\[\033[00m\]:\[\033[01;34m\]\w\[\033[00m\]\$ VIRTUAL_ENV_PROMPT=(.ros2jazzyvenv) /usr/bin/cmake --build /home/robot/ros2jazzy/mxen_ws/build/wx250s_interface -- -j8 -l8
[8.584s] Invoking command in '/home/robot/ros2jazzy/mxen_ws/build/wx250s_interface': CMAKE_PREFIX_PATH=${CMAKE_PREFIX_PATH}:/opt/ros/jazzy PS1=(.ros2jazzyvenv) \[\e]0;\u@\h: \w\a\]${debian_chroot:+($debian_chroot)}\[\033[01;32m\]\u@\h\[\033[00m\]:\[\033[01;34m\]\w\[\033[00m\]\$ VIRTUAL_ENV_PROMPT=(.ros2jazzyvenv) /usr/bin/cmake --install /home/robot/ros2jazzy/mxen_ws/build/wx250s_interface
[8.595s] -- Install configuration: ""
[8.596s] -- Installing: /home/robot/ros2jazzy/mxen_ws/install/wx250s_interface/share/ament_index/resource_index/rosidl_interfaces/wx250s_interface
[8.596s] -- Installing: /home/robot/ros2jazzy/mxen_ws/install/wx250s_interface/share/wx250s_interface/action/JointPTP.json
[8.599s] -- Installing: /home/robot/ros2jazzy/mxen_ws/install/wx250s_interface/include/wx250s_interface/wx250s_interface
[8.599s] -- Installing: /home/robot/ros2jazzy/mxen_ws/install/wx250s_interface/include/wx250s_interface/wx250s_interface/msg
[8.600s] -- Installing: /home/robot/ros2jazzy/mxen_ws/install/wx250s_interface/include/wx250s_interface/wx250s_interface/msg/rosidl_generator_c__visibility_control.h
[8.600s] -- Installing: /home/robot/ros2jazzy/mxen_ws/install/wx250s_interface/include/wx250s_interface/wx250s_interface/action
[8.600s] -- Installing: /home/robot/ros2jazzy/mxen_ws/install/wx250s_interface/include/wx250s_interface/wx250s_interface/action/joint_ptp.h
[8.600s] -- Installing: /home/robot/ros2jazzy/mxen_ws/install/wx250s_interface/include/wx250s_interface/wx250s_interface/action/detail
[8.600s] -- Installing: /home/robot/ros2jazzy/mxen_ws/install/wx250s_interface/include/wx250s_interface/wx250s_interface/action/detail/joint_ptp__description.c
[8.601s] -- Installing: /home/robot/ros2jazzy/mxen_ws/install/wx250s_interface/include/wx250s_interface/wx250s_interface/action/detail/joint_ptp__functions.c
[8.601s] -- Installing: /home/robot/ros2jazzy/mxen_ws/install/wx250s_interface/include/wx250s_interface/wx250s_interface/action/detail/joint_ptp__functions.h
[8.602s] -- Installing: /home/robot/ros2jazzy/mxen_ws/install/wx250s_interface/include/wx250s_interface/wx250s_interface/action/detail/joint_ptp__struct.h
[8.603s] -- Installing: /home/robot/ros2jazzy/mxen_ws/install/wx250s_interface/include/wx250s_interface/wx250s_interface/action/detail/joint_ptp__type_support.c
[8.603s] -- Installing: /home/robot/ros2jazzy/mxen_ws/install/wx250s_interface/include/wx250s_interface/wx250s_interface/action/detail/joint_ptp__type_support.h
[8.603s] -- Installing: /home/robot/ros2jazzy/mxen_ws/install/wx250s_interface/share/wx250s_interface/environment/library_path.sh
[8.604s] -- Installing: /home/robot/ros2jazzy/mxen_ws/install/wx250s_interface/share/wx250s_interface/environment/library_path.dsv
[8.604s] -- Installing: /home/robot/ros2jazzy/mxen_ws/install/wx250s_interface/lib/libwx250s_interface__rosidl_generator_c.so
[8.606s] -- Set non-toolchain portion of runtime path of "/home/robot/ros2jazzy/mxen_ws/install/wx250s_interface/lib/libwx250s_interface__rosidl_generator_c.so" to ""
[8.606s] -- Up-to-date: /home/robot/ros2jazzy/mxen_ws/install/wx250s_interface/include/wx250s_interface/wx250s_interface
[8.607s] -- Up-to-date: /home/robot/ros2jazzy/mxen_ws/install/wx250s_interface/include/wx250s_interface/wx250s_interface/msg
[8.607s] -- Installing: /home/robot/ros2jazzy/mxen_ws/install/wx250s_interface/include/wx250s_interface/wx250s_interface/msg/rosidl_typesupport_fastrtps_c__visibility_control.h
[8.607s] -- Up-to-date: /home/robot/ros2jazzy/mxen_ws/install/wx250s_interface/include/wx250s_interface/wx250s_interface/action
[8.607s] -- Up-to-date: /home/robot/ros2jazzy/mxen_ws/install/wx250s_interface/include/wx250s_interface/wx250s_interface/action/detail
[8.607s] -- Installing: /home/robot/ros2jazzy/mxen_ws/install/wx250s_interface/include/wx250s_interface/wx250s_interface/action/detail/joint_ptp__rosidl_typesupport_fastrtps_c.h
[8.626s] -- Installing: /home/robot/ros2jazzy/mxen_ws/install/wx250s_interface/lib/libwx250s_interface__rosidl_typesupport_fastrtps_c.so
[8.629s] -- Set non-toolchain portion of runtime path of "/home/robot/ros2jazzy/mxen_ws/install/wx250s_interface/lib/libwx250s_interface__rosidl_typesupport_fastrtps_c.so" to ""
[8.629s] -- Up-to-date: /home/robot/ros2jazzy/mxen_ws/install/wx250s_interface/include/wx250s_interface/wx250s_interface
[8.630s] -- Up-to-date: /home/robot/ros2jazzy/mxen_ws/install/wx250s_interface/include/wx250s_interface/wx250s_interface/msg
[8.630s] -- Installing: /home/robot/ros2jazzy/mxen_ws/install/wx250s_interface/include/wx250s_interface/wx250s_interface/msg/rosidl_typesupport_introspection_c__visibility_control.h
[8.630s] -- Up-to-date: /home/robot/ros2jazzy/mxen_ws/install/wx250s_interface/include/wx250s_interface/wx250s_interface/action
[8.630s] -- Up-to-date: /home/robot/ros2jazzy/mxen_ws/install/wx250s_interface/include/wx250s_interface/wx250s_interface/action/detail
[8.630s] -- Installing: /home/robot/ros2jazzy/mxen_ws/install/wx250s_interface/include/wx250s_interface/wx250s_interface/action/detail/joint_ptp__rosidl_typesupport_introspection_c.h
[8.649s] -- Up-to-date: /home/robot/ros2jazzy/mxen_ws/install/wx250s_interface/include/wx250s_interface/wx250s_interface/action/detail/joint_ptp__type_support.c
[8.649s] -- Installing: /home/robot/ros2jazzy/mxen_ws/install/wx250s_interface/lib/libwx250s_interface__rosidl_typesupport_introspection_c.so
[8.651s] -- Set non-toolchain portion of runtime path of "/home/robot/ros2jazzy/mxen_ws/install/wx250s_interface/lib/libwx250s_interface__rosidl_typesupport_introspection_c.so" to ""
[8.651s] -- Installing: /home/robot/ros2jazzy/mxen_ws/install/wx250s_interface/lib/libwx250s_interface__rosidl_typesupport_c.so
[8.653s] -- Set non-toolchain portion of runtime path of "/home/robot/ros2jazzy/mxen_ws/install/wx250s_interface/lib/libwx250s_interface__rosidl_typesupport_c.so" to ""
[8.653s] -- Up-to-date: /home/robot/ros2jazzy/mxen_ws/install/wx250s_interface/include/wx250s_interface/wx250s_interface
[8.653s] -- Up-to-date: /home/robot/ros2jazzy/mxen_ws/install/wx250s_interface/include/wx250s_interface/wx250s_interface/msg
[8.653s] -- Installing: /home/robot/ros2jazzy/mxen_ws/install/wx250s_interface/include/wx250s_interface/wx250s_interface/msg/rosidl_generator_cpp__visibility_control.hpp
[8.654s] -- Up-to-date: /home/robot/ros2jazzy/mxen_ws/install/wx250s_interface/include/wx250s_interface/wx250s_interface/action
[8.654s] -- Installing: /home/robot/ros2jazzy/mxen_ws/install/wx250s_interface/include/wx250s_interface/wx250s_interface/action/joint_ptp.hpp
[8.654s] -- Up-to-date: /home/robot/ros2jazzy/mxen_ws/install/wx250s_interface/include/wx250s_interface/wx250s_interface/action/detail
[8.654s] -- Installing: /home/robot/ros2jazzy/mxen_ws/install/wx250s_interface/include/wx250s_interface/wx250s_interface/action/detail/joint_ptp__builder.hpp
[8.654s] -- Installing: /home/robot/ros2jazzy/mxen_ws/install/wx250s_interface/include/wx250s_interface/wx250s_interface/action/detail/joint_ptp__struct.hpp
[8.655s] -- Installing: /home/robot/ros2jazzy/mxen_ws/install/wx250s_interface/include/wx250s_interface/wx250s_interface/action/detail/joint_ptp__traits.hpp
[8.655s] -- Installing: /home/robot/ros2jazzy/mxen_ws/install/wx250s_interface/include/wx250s_interface/wx250s_interface/action/detail/joint_ptp__type_support.hpp
[8.655s] -- Up-to-date: /home/robot/ros2jazzy/mxen_ws/install/wx250s_interface/include/wx250s_interface/wx250s_interface
[8.656s] -- Up-to-date: /home/robot/ros2jazzy/mxen_ws/install/wx250s_interface/include/wx250s_interface/wx250s_interface/msg
[8.656s] -- Installing: /home/robot/ros2jazzy/mxen_ws/install/wx250s_interface/include/wx250s_interface/wx250s_interface/msg/rosidl_typesupport_fastrtps_cpp__visibility_control.h
[8.656s] -- Up-to-date: /home/robot/ros2jazzy/mxen_ws/install/wx250s_interface/include/wx250s_interface/wx250s_interface/action
[8.656s] -- Up-to-date: /home/robot/ros2jazzy/mxen_ws/install/wx250s_interface/include/wx250s_interface/wx250s_interface/action/detail
[8.656s] -- Installing: /home/robot/ros2jazzy/mxen_ws/install/wx250s_interface/include/wx250s_interface/wx250s_interface/action/detail/joint_ptp__rosidl_typesupport_fastrtps_cpp.hpp
[8.656s] -- Installing: /home/robot/ros2jazzy/mxen_ws/install/wx250s_interface/include/wx250s_interface/wx250s_interface/action/detail/dds_fastrtps
[8.657s] -- Installing: /home/robot/ros2jazzy/mxen_ws/install/wx250s_interface/lib/libwx250s_interface__rosidl_typesupport_fastrtps_cpp.so
[8.661s] -- Set non-toolchain portion of runtime path of "/home/robot/ros2jazzy/mxen_ws/install/wx250s_interface/lib/libwx250s_interface__rosidl_typesupport_fastrtps_cpp.so" to ""
[8.661s] -- Up-to-date: /home/robot/ros2jazzy/mxen_ws/install/wx250s_interface/include/wx250s_interface/wx250s_interface
[8.662s] -- Up-to-date: /home/robot/ros2jazzy/mxen_ws/install/wx250s_interface/include/wx250s_interface/wx250s_interface/action
[8.662s] -- Up-to-date: /home/robot/ros2jazzy/mxen_ws/install/wx250s_interface/include/wx250s_interface/wx250s_interface/action/detail
[8.662s] -- Installing: /home/robot/ros2jazzy/mxen_ws/install/wx250s_interface/include/wx250s_interface/wx250s_interface/action/detail/joint_ptp__rosidl_typesupport_introspection_cpp.hpp
[8.662s] -- Installing: /home/robot/ros2jazzy/mxen_ws/install/wx250s_interface/include/wx250s_interface/wx250s_interface/action/detail/joint_ptp__type_support.cpp
[8.662s] -- Installing: /home/robot/ros2jazzy/mxen_ws/install/wx250s_interface/lib/libwx250s_interface__rosidl_typesupport_introspection_cpp.so
[8.667s] -- Set non-toolchain portion of runtime path of "/home/robot/ros2jazzy/mxen_ws/install/wx250s_interface/lib/libwx250s_interface__rosidl_typesupport_introspection_cpp.so" to ""
[8.667s] -- Installing: /home/robot/ros2jazzy/mxen_ws/install/wx250s_interface/lib/libwx250s_interface__rosidl_typesupport_cpp.so
[8.670s] -- Set non-toolchain portion of runtime path of "/home/robot/ros2jazzy/mxen_ws/install/wx250s_interface/lib/libwx250s_interface__rosidl_typesupport_cpp.so" to ""
[8.671s] -- Installing: /home/robot/ros2jazzy/mxen_ws/install/wx250s_interface/share/wx250s_interface/environment/pythonpath.sh
[8.671s] -- Installing: /home/robot/ros2jazzy/mxen_ws/install/wx250s_interface/share/wx250s_interface/environment/pythonpath.dsv
[8.671s] -- Installing: /home/robot/ros2jazzy/mxen_ws/install/wx250s_interface/lib/python3.12/site-packages/wx250s_interface-0.0.0-py3.12.egg-info
[8.671s] -- Installing: /home/robot/ros2jazzy/mxen_ws/install/wx250s_interface/lib/python3.12/site-packages/wx250s_interface-0.0.0-py3.12.egg-info/PKG-INFO
[8.672s] -- Installing: /home/robot/ros2jazzy/mxen_ws/install/wx250s_interface/lib/python3.12/site-packages/wx250s_interface-0.0.0-py3.12.egg-info/dependency_links.txt
[8.672s] -- Installing: /home/robot/ros2jazzy/mxen_ws/install/wx250s_interface/lib/python3.12/site-packages/wx250s_interface-0.0.0-py3.12.egg-info/top_level.txt
[8.672s] -- Installing: /home/robot/ros2jazzy/mxen_ws/install/wx250s_interface/lib/python3.12/site-packages/wx250s_interface-0.0.0-py3.12.egg-info/SOURCES.txt
[8.672s] -- Installing: /home/robot/ros2jazzy/mxen_ws/install/wx250s_interface/lib/python3.12/site-packages/wx250s_interface
[8.672s] -- Installing: /home/robot/ros2jazzy/mxen_ws/install/wx250s_interface/lib/python3.12/site-packages/wx250s_interface/__init__.py
[8.673s] -- Installing: /home/robot/ros2jazzy/mxen_ws/install/wx250s_interface/lib/python3.12/site-packages/wx250s_interface/action
[8.673s] -- Installing: /home/robot/ros2jazzy/mxen_ws/install/wx250s_interface/lib/python3.12/site-packages/wx250s_interface/action/_joint_ptp.py
[8.673s] -- Installing: /home/robot/ros2jazzy/mxen_ws/install/wx250s_interface/lib/python3.12/site-packages/wx250s_interface/action/_joint_ptp_s.c
[8.673s] -- Installing: /home/robot/ros2jazzy/mxen_ws/install/wx250s_interface/lib/python3.12/site-packages/wx250s_interface/action/__init__.py
[8.674s] -- Installing: /home/robot/ros2jazzy/mxen_ws/install/wx250s_interface/lib/python3.12/site-packages/wx250s_interface/_wx250s_interface_s.ep.rosidl_typesupport_fastrtps_c.c
[8.674s] -- Installing: /home/robot/ros2jazzy/mxen_ws/install/wx250s_interface/lib/python3.12/site-packages/wx250s_interface/_wx250s_interface_s.ep.rosidl_typesupport_introspection_c.c
[8.674s] -- Installing: /home/robot/ros2jazzy/mxen_ws/install/wx250s_interface/lib/python3.12/site-packages/wx250s_interface/_wx250s_interface_s.ep.rosidl_typesupport_c.c
[8.675s] -- Installing: /home/robot/ros2jazzy/mxen_ws/install/wx250s_interface/lib/python3.12/site-packages/wx250s_interface/wx250s_interface_s__rosidl_typesupport_c.so
[8.675s] -- Installing: /home/robot/ros2jazzy/mxen_ws/install/wx250s_interface/lib/python3.12/site-packages/wx250s_interface/wx250s_interface_s__rosidl_typesupport_introspection_c.so
[8.676s] -- Installing: /home/robot/ros2jazzy/mxen_ws/install/wx250s_interface/lib/python3.12/site-packages/wx250s_interface/wx250s_interface_s__rosidl_typesupport_fastrtps_c.so
[8.727s] Listing '/home/robot/ros2jazzy/mxen_ws/install/wx250s_interface/lib/python3.12/site-packages/wx250s_interface'...
[8.727s] Compiling '/home/robot/ros2jazzy/mxen_ws/install/wx250s_interface/lib/python3.12/site-packages/wx250s_interface/__init__.py'...
[8.728s] Listing '/home/robot/ros2jazzy/mxen_ws/install/wx250s_interface/lib/python3.12/site-packages/wx250s_interface/action'...
[8.728s] Compiling '/home/robot/ros2jazzy/mxen_ws/install/wx250s_interface/lib/python3.12/site-packages/wx250s_interface/action/__init__.py'...
[8.728s] Compiling '/home/robot/ros2jazzy/mxen_ws/install/wx250s_interface/lib/python3.12/site-packages/wx250s_interface/action/_joint_ptp.py'...
[8.734s] -- Installing: /home/robot/ros2jazzy/mxen_ws/install/wx250s_interface/lib/python3.12/site-packages/wx250s_interface/wx250s_interface_s__rosidl_typesupport_fastrtps_c.so
[8.734s] -- Set non-toolchain portion of runtime path of "/home/robot/ros2jazzy/mxen_ws/install/wx250s_interface/lib/python3.12/site-packages/wx250s_interface/wx250s_interface_s__rosidl_typesupport_fastrtps_c.so" to ""
[8.735s] -- Installing: /home/robot/ros2jazzy/mxen_ws/install/wx250s_interface/lib/python3.12/site-packages/wx250s_interface/wx250s_interface_s__rosidl_typesupport_introspection_c.so
[8.736s] -- Set non-toolchain portion of runtime path of "/home/robot/ros2jazzy/mxen_ws/install/wx250s_interface/lib/python3.12/site-packages/wx250s_interface/wx250s_interface_s__rosidl_typesupport_introspection_c.so" to ""
[8.737s] -- Installing: /home/robot/ros2jazzy/mxen_ws/install/wx250s_interface/lib/python3.12/site-packages/wx250s_interface/wx250s_interface_s__rosidl_typesupport_c.so
[8.737s] -- Set non-toolchain portion of runtime path of "/home/robot/ros2jazzy/mxen_ws/install/wx250s_interface/lib/python3.12/site-packages/wx250s_interface/wx250s_interface_s__rosidl_typesupport_c.so" to ""
[8.738s] -- Installing: /home/robot/ros2jazzy/mxen_ws/install/wx250s_interface/lib/libwx250s_interface__rosidl_generator_py.so
[8.740s] -- Set non-toolchain portion of runtime path of "/home/robot/ros2jazzy/mxen_ws/install/wx250s_interface/lib/libwx250s_interface__rosidl_generator_py.so" to ""
[8.740s] -- Installing: /home/robot/ros2jazzy/mxen_ws/install/wx250s_interface/share/wx250s_interface/action/JointPTP.idl
[8.740s] -- Installing: /home/robot/ros2jazzy/mxen_ws/install/wx250s_interface/share/wx250s_interface/action/JointPTP.action
[8.740s] -- Installing: /home/robot/ros2jazzy/mxen_ws/install/wx250s_interface/share/ament_index/resource_index/package_run_dependencies/wx250s_interface
[8.740s] -- Installing: /home/robot/ros2jazzy/mxen_ws/install/wx250s_interface/share/ament_index/resource_index/parent_prefix_path/wx250s_interface
[8.741s] -- Installing: /home/robot/ros2jazzy/mxen_ws/install/wx250s_interface/share/wx250s_interface/environment/ament_prefix_path.sh
[8.741s] -- Installing: /home/robot/ros2jazzy/mxen_ws/install/wx250s_interface/share/wx250s_interface/environment/ament_prefix_path.dsv
[8.741s] -- Installing: /home/robot/ros2jazzy/mxen_ws/install/wx250s_interface/share/wx250s_interface/environment/path.sh
[8.742s] -- Installing: /home/robot/ros2jazzy/mxen_ws/install/wx250s_interface/share/wx250s_interface/environment/path.dsv
[8.742s] -- Installing: /home/robot/ros2jazzy/mxen_ws/install/wx250s_interface/share/wx250s_interface/local_setup.bash
[8.742s] -- Installing: /home/robot/ros2jazzy/mxen_ws/install/wx250s_interface/share/wx250s_interface/local_setup.sh
[8.742s] -- Installing: /home/robot/ros2jazzy/mxen_ws/install/wx250s_interface/share/wx250s_interface/local_setup.zsh
[8.742s] -- Installing: /home/robot/ros2jazzy/mxen_ws/install/wx250s_interface/share/wx250s_interface/local_setup.dsv
[8.743s] -- Installing: /home/robot/ros2jazzy/mxen_ws/install/wx250s_interface/share/wx250s_interface/package.dsv
[8.743s] -- Installing: /home/robot/ros2jazzy/mxen_ws/install/wx250s_interface/share/ament_index/resource_index/packages/wx250s_interface
[8.743s] -- Installing: /home/robot/ros2jazzy/mxen_ws/install/wx250s_interface/share/wx250s_interface/cmake/export_wx250s_interface__rosidl_generator_cExport.cmake
[8.743s] -- Installing: /home/robot/ros2jazzy/mxen_ws/install/wx250s_interface/share/wx250s_interface/cmake/export_wx250s_interface__rosidl_generator_cExport-noconfig.cmake
[8.744s] -- Installing: /home/robot/ros2jazzy/mxen_ws/install/wx250s_interface/share/wx250s_interface/cmake/export_wx250s_interface__rosidl_typesupport_fastrtps_cExport.cmake
[8.744s] -- Installing: /home/robot/ros2jazzy/mxen_ws/install/wx250s_interface/share/wx250s_interface/cmake/export_wx250s_interface__rosidl_typesupport_fastrtps_cExport-noconfig.cmake
[8.744s] -- Installing: /home/robot/ros2jazzy/mxen_ws/install/wx250s_interface/share/wx250s_interface/cmake/wx250s_interface__rosidl_typesupport_introspection_cExport.cmake
[8.745s] -- Installing: /home/robot/ros2jazzy/mxen_ws/install/wx250s_interface/share/wx250s_interface/cmake/wx250s_interface__rosidl_typesupport_introspection_cExport-noconfig.cmake
[8.745s] -- Installing: /home/robot/ros2jazzy/mxen_ws/install/wx250s_interface/share/wx250s_interface/cmake/wx250s_interface__rosidl_typesupport_cExport.cmake
[8.746s] -- Installing: /home/robot/ros2jazzy/mxen_ws/install/wx250s_interface/share/wx250s_interface/cmake/wx250s_interface__rosidl_typesupport_cExport-noconfig.cmake
[8.746s] -- Installing: /home/robot/ros2jazzy/mxen_ws/install/wx250s_interface/share/wx250s_interface/cmake/export_wx250s_interface__rosidl_generator_cppExport.cmake
[8.746s] -- Installing: /home/robot/ros2jazzy/mxen_ws/install/wx250s_interface/share/wx250s_interface/cmake/export_wx250s_interface__rosidl_typesupport_fastrtps_cppExport.cmake
[8.747s] -- Installing: /home/robot/ros2jazzy/mxen_ws/install/wx250s_interface/share/wx250s_interface/cmake/export_wx250s_interface__rosidl_typesupport_fastrtps_cppExport-noconfig.cmake
[8.747s] -- Installing: /home/robot/ros2jazzy/mxen_ws/install/wx250s_interface/share/wx250s_interface/cmake/wx250s_interface__rosidl_typesupport_introspection_cppExport.cmake
[8.747s] -- Installing: /home/robot/ros2jazzy/mxen_ws/install/wx250s_interface/share/wx250s_interface/cmake/wx250s_interface__rosidl_typesupport_introspection_cppExport-noconfig.cmake
[8.748s] -- Installing: /home/robot/ros2jazzy/mxen_ws/install/wx250s_interface/share/wx250s_interface/cmake/wx250s_interface__rosidl_typesupport_cppExport.cmake
[8.748s] -- Installing: /home/robot/ros2jazzy/mxen_ws/install/wx250s_interface/share/wx250s_interface/cmake/wx250s_interface__rosidl_typesupport_cppExport-noconfig.cmake
[8.748s] -- Installing: /home/robot/ros2jazzy/mxen_ws/install/wx250s_interface/share/wx250s_interface/cmake/export_wx250s_interface__rosidl_generator_pyExport.cmake
[8.749s] -- Installing: /home/robot/ros2jazzy/mxen_ws/install/wx250s_interface/share/wx250s_interface/cmake/export_wx250s_interface__rosidl_generator_pyExport-noconfig.cmake
[8.749s] -- Installing: /home/robot/ros2jazzy/mxen_ws/install/wx250s_interface/share/wx250s_interface/cmake/rosidl_cmake-extras.cmake
[8.749s] -- Installing: /home/robot/ros2jazzy/mxen_ws/install/wx250s_interface/share/wx250s_interface/cmake/ament_cmake_export_dependencies-extras.cmake
[8.749s] -- Installing: /home/robot/ros2jazzy/mxen_ws/install/wx250s_interface/share/wx250s_interface/cmake/ament_cmake_export_include_directories-extras.cmake
[8.750s] -- Installing: /home/robot/ros2jazzy/mxen_ws/install/wx250s_interface/share/wx250s_interface/cmake/ament_cmake_export_libraries-extras.cmake
[8.750s] -- Installing: /home/robot/ros2jazzy/mxen_ws/install/wx250s_interface/share/wx250s_interface/cmake/ament_cmake_export_targets-extras.cmake
[8.750s] -- Installing: /home/robot/ros2jazzy/mxen_ws/install/wx250s_interface/share/wx250s_interface/cmake/rosidl_cmake_export_typesupport_targets-extras.cmake
[8.750s] -- Installing: /home/robot/ros2jazzy/mxen_ws/install/wx250s_interface/share/wx250s_interface/cmake/rosidl_cmake_export_typesupport_libraries-extras.cmake
[8.750s] -- Installing: /home/robot/ros2jazzy/mxen_ws/install/wx250s_interface/share/wx250s_interface/cmake/wx250s_interfaceConfig.cmake
[8.751s] -- Installing: /home/robot/ros2jazzy/mxen_ws/install/wx250s_interface/share/wx250s_interface/cmake/wx250s_interfaceConfig-version.cmake
[8.751s] -- Installing: /home/robot/ros2jazzy/mxen_ws/install/wx250s_interface/share/wx250s_interface/package.xml
[8.753s] Invoked command in '/home/robot/ros2jazzy/mxen_ws/build/wx250s_interface' returned '0': CMAKE_PREFIX_PATH=${CMAKE_PREFIX_PATH}:/opt/ros/jazzy PS1=(.ros2jazzyvenv) \[\e]0;\u@\h: \w\a\]${debian_chroot:+($debian_chroot)}\[\033[01;32m\]\u@\h\[\033[00m\]:\[\033[01;34m\]\w\[\033[00m\]\$ VIRTUAL_ENV_PROMPT=(.ros2jazzyvenv) /usr/bin/cmake --install /home/robot/ros2jazzy/mxen_ws/build/wx250s_interface
