[  2%] Built target wx250s_interface__rosidl_generator_type_description
[  2%] Built target ament_cmake_python_copy_wx250s_interface
[  5%] Built target wx250s_interface__cpp
[ 20%] Built target wx250s_interface__rosidl_generator_c
[ 29%] Built target wx250s_interface__rosidl_typesupport_fastrtps_c
[ 38%] Built target wx250s_interface__rosidl_typesupport_introspection_c
[ 47%] Built target wx250s_interface__rosidl_typesupport_cpp
[ 55%] Built target wx250s_interface__rosidl_typesupport_fastrtps_cpp
[ 64%] Built target wx250s_interface__rosidl_typesupport_introspection_cpp
[ 73%] Built target wx250s_interface__rosidl_typesupport_c
[ 73%] Built target wx250s_interface
[ 76%] Built target wx250s_interface__py
[ 82%] Built target wx250s_interface__rosidl_generator_py
running egg_info
[ 88%] Built target wx250s_interface_s__rosidl_typesupport_introspection_c
[ 94%] Built target wx250s_interface_s__rosidl_typesupport_c
[100%] Built target wx250s_interface_s__rosidl_typesupport_fastrtps_c
writing wx250s_interface.egg-info/PKG-INFO
writing dependency_links to wx250s_interface.egg-info/dependency_links.txt
writing top-level names to wx250s_interface.egg-info/top_level.txt
reading manifest file 'wx250s_interface.egg-info/SOURCES.txt'
writing manifest file 'wx250s_interface.egg-info/SOURCES.txt'
[100%] Built target ament_cmake_python_build_wx250s_interface_egg
-- Install configuration: ""
-- Up-to-date: /home/robot/ros2jazzy/GitRepo/MXEN3005/mxen_ws/install/wx250s_interface/share/ament_index/resource_index/rosidl_interfaces/wx250s_interface
-- Up-to-date: /home/robot/ros2jazzy/GitRepo/MXEN3005/mxen_ws/install/wx250s_interface/share/wx250s_interface/action/JointPTP.json
-- Up-to-date: /home/robot/ros2jazzy/GitRepo/MXEN3005/mxen_ws/install/wx250s_interface/include/wx250s_interface/wx250s_interface
-- Up-to-date: /home/robot/ros2jazzy/GitRepo/MXEN3005/mxen_ws/install/wx250s_interface/include/wx250s_interface/wx250s_interface/action
-- Up-to-date: /home/robot/ros2jazzy/GitRepo/MXEN3005/mxen_ws/install/wx250s_interface/include/wx250s_interface/wx250s_interface/action/joint_ptp.h
-- Up-to-date: /home/robot/ros2jazzy/GitRepo/MXEN3005/mxen_ws/install/wx250s_interface/include/wx250s_interface/wx250s_interface/action/detail
-- Up-to-date: /home/robot/ros2jazzy/GitRepo/MXEN3005/mxen_ws/install/wx250s_interface/include/wx250s_interface/wx250s_interface/action/detail/joint_ptp__description.c
-- Up-to-date: /home/robot/ros2jazzy/GitRepo/MXEN3005/mxen_ws/install/wx250s_interface/include/wx250s_interface/wx250s_interface/action/detail/joint_ptp__struct.h
-- Up-to-date: /home/robot/ros2jazzy/GitRepo/MXEN3005/mxen_ws/install/wx250s_interface/include/wx250s_interface/wx250s_interface/action/detail/joint_ptp__type_support.h
-- Up-to-date: /home/robot/ros2jazzy/GitRepo/MXEN3005/mxen_ws/install/wx250s_interface/include/wx250s_interface/wx250s_interface/action/detail/joint_ptp__functions.h
-- Up-to-date: /home/robot/ros2jazzy/GitRepo/MXEN3005/mxen_ws/install/wx250s_interface/include/wx250s_interface/wx250s_interface/action/detail/joint_ptp__functions.c
-- Up-to-date: /home/robot/ros2jazzy/GitRepo/MXEN3005/mxen_ws/install/wx250s_interface/include/wx250s_interface/wx250s_interface/action/detail/joint_ptp__type_support.c
-- Up-to-date: /home/robot/ros2jazzy/GitRepo/MXEN3005/mxen_ws/install/wx250s_interface/include/wx250s_interface/wx250s_interface/msg
-- Up-to-date: /home/robot/ros2jazzy/GitRepo/MXEN3005/mxen_ws/install/wx250s_interface/include/wx250s_interface/wx250s_interface/msg/rosidl_generator_c__visibility_control.h
-- Up-to-date: /home/robot/ros2jazzy/GitRepo/MXEN3005/mxen_ws/install/wx250s_interface/share/wx250s_interface/environment/library_path.sh
-- Up-to-date: /home/robot/ros2jazzy/GitRepo/MXEN3005/mxen_ws/install/wx250s_interface/share/wx250s_interface/environment/library_path.dsv
-- Up-to-date: /home/robot/ros2jazzy/GitRepo/MXEN3005/mxen_ws/install/wx250s_interface/lib/libwx250s_interface__rosidl_generator_c.so
-- Up-to-date: /home/robot/ros2jazzy/GitRepo/MXEN3005/mxen_ws/install/wx250s_interface/include/wx250s_interface/wx250s_interface
-- Up-to-date: /home/robot/ros2jazzy/GitRepo/MXEN3005/mxen_ws/install/wx250s_interface/include/wx250s_interface/wx250s_interface/action
-- Up-to-date: /home/robot/ros2jazzy/GitRepo/MXEN3005/mxen_ws/install/wx250s_interface/include/wx250s_interface/wx250s_interface/action/detail
-- Up-to-date: /home/robot/ros2jazzy/GitRepo/MXEN3005/mxen_ws/install/wx250s_interface/include/wx250s_interface/wx250s_interface/action/detail/joint_ptp__rosidl_typesupport_fastrtps_c.h
-- Up-to-date: /home/robot/ros2jazzy/GitRepo/MXEN3005/mxen_ws/install/wx250s_interface/include/wx250s_interface/wx250s_interface/msg
-- Up-to-date: /home/robot/ros2jazzy/GitRepo/MXEN3005/mxen_ws/install/wx250s_interface/include/wx250s_interface/wx250s_interface/msg/rosidl_typesupport_fastrtps_c__visibility_control.h
-- Up-to-date: /home/robot/ros2jazzy/GitRepo/MXEN3005/mxen_ws/install/wx250s_interface/lib/libwx250s_interface__rosidl_typesupport_fastrtps_c.so
-- Up-to-date: /home/robot/ros2jazzy/GitRepo/MXEN3005/mxen_ws/install/wx250s_interface/include/wx250s_interface/wx250s_interface
-- Up-to-date: /home/robot/ros2jazzy/GitRepo/MXEN3005/mxen_ws/install/wx250s_interface/include/wx250s_interface/wx250s_interface/action
-- Up-to-date: /home/robot/ros2jazzy/GitRepo/MXEN3005/mxen_ws/install/wx250s_interface/include/wx250s_interface/wx250s_interface/action/detail
-- Up-to-date: /home/robot/ros2jazzy/GitRepo/MXEN3005/mxen_ws/install/wx250s_interface/include/wx250s_interface/wx250s_interface/action/detail/joint_ptp__rosidl_typesupport_introspection_c.h
-- Up-to-date: /home/robot/ros2jazzy/GitRepo/MXEN3005/mxen_ws/install/wx250s_interface/include/wx250s_interface/wx250s_interface/action/detail/joint_ptp__type_support.c
-- Up-to-date: /home/robot/ros2jazzy/GitRepo/MXEN3005/mxen_ws/install/wx250s_interface/include/wx250s_interface/wx250s_interface/msg
-- Up-to-date: /home/robot/ros2jazzy/GitRepo/MXEN3005/mxen_ws/install/wx250s_interface/include/wx250s_interface/wx250s_interface/msg/rosidl_typesupport_introspection_c__visibility_control.h
-- Up-to-date: /home/robot/ros2jazzy/GitRepo/MXEN3005/mxen_ws/install/wx250s_interface/lib/libwx250s_interface__rosidl_typesupport_introspection_c.so
-- Up-to-date: /home/robot/ros2jazzy/GitRepo/MXEN3005/mxen_ws/install/wx250s_interface/lib/libwx250s_interface__rosidl_typesupport_c.so
-- Up-to-date: /home/robot/ros2jazzy/GitRepo/MXEN3005/mxen_ws/install/wx250s_interface/include/wx250s_interface/wx250s_interface
-- Up-to-date: /home/robot/ros2jazzy/GitRepo/MXEN3005/mxen_ws/install/wx250s_interface/include/wx250s_interface/wx250s_interface/action
-- Up-to-date: /home/robot/ros2jazzy/GitRepo/MXEN3005/mxen_ws/install/wx250s_interface/include/wx250s_interface/wx250s_interface/action/detail
-- Up-to-date: /home/robot/ros2jazzy/GitRepo/MXEN3005/mxen_ws/install/wx250s_interface/include/wx250s_interface/wx250s_interface/action/detail/joint_ptp__type_support.hpp
-- Up-to-date: /home/robot/ros2jazzy/GitRepo/MXEN3005/mxen_ws/install/wx250s_interface/include/wx250s_interface/wx250s_interface/action/detail/joint_ptp__struct.hpp
-- Up-to-date: /home/robot/ros2jazzy/GitRepo/MXEN3005/mxen_ws/install/wx250s_interface/include/wx250s_interface/wx250s_interface/action/detail/joint_ptp__builder.hpp
-- Up-to-date: /home/robot/ros2jazzy/GitRepo/MXEN3005/mxen_ws/install/wx250s_interface/include/wx250s_interface/wx250s_interface/action/detail/joint_ptp__traits.hpp
-- Up-to-date: /home/robot/ros2jazzy/GitRepo/MXEN3005/mxen_ws/install/wx250s_interface/include/wx250s_interface/wx250s_interface/action/joint_ptp.hpp
-- Up-to-date: /home/robot/ros2jazzy/GitRepo/MXEN3005/mxen_ws/install/wx250s_interface/include/wx250s_interface/wx250s_interface/msg
-- Up-to-date: /home/robot/ros2jazzy/GitRepo/MXEN3005/mxen_ws/install/wx250s_interface/include/wx250s_interface/wx250s_interface/msg/rosidl_generator_cpp__visibility_control.hpp
-- Up-to-date: /home/robot/ros2jazzy/GitRepo/MXEN3005/mxen_ws/install/wx250s_interface/include/wx250s_interface/wx250s_interface
-- Up-to-date: /home/robot/ros2jazzy/GitRepo/MXEN3005/mxen_ws/install/wx250s_interface/include/wx250s_interface/wx250s_interface/action
-- Up-to-date: /home/robot/ros2jazzy/GitRepo/MXEN3005/mxen_ws/install/wx250s_interface/include/wx250s_interface/wx250s_interface/action/detail
-- Up-to-date: /home/robot/ros2jazzy/GitRepo/MXEN3005/mxen_ws/install/wx250s_interface/include/wx250s_interface/wx250s_interface/action/detail/joint_ptp__rosidl_typesupport_fastrtps_cpp.hpp
-- Up-to-date: /home/robot/ros2jazzy/GitRepo/MXEN3005/mxen_ws/install/wx250s_interface/include/wx250s_interface/wx250s_interface/action/detail/dds_fastrtps
-- Up-to-date: /home/robot/ros2jazzy/GitRepo/MXEN3005/mxen_ws/install/wx250s_interface/include/wx250s_interface/wx250s_interface/msg
-- Up-to-date: /home/robot/ros2jazzy/GitRepo/MXEN3005/mxen_ws/install/wx250s_interface/include/wx250s_interface/wx250s_interface/msg/rosidl_typesupport_fastrtps_cpp__visibility_control.h
-- Up-to-date: /home/robot/ros2jazzy/GitRepo/MXEN3005/mxen_ws/install/wx250s_interface/lib/libwx250s_interface__rosidl_typesupport_fastrtps_cpp.so
-- Up-to-date: /home/robot/ros2jazzy/GitRepo/MXEN3005/mxen_ws/install/wx250s_interface/include/wx250s_interface/wx250s_interface
-- Up-to-date: /home/robot/ros2jazzy/GitRepo/MXEN3005/mxen_ws/install/wx250s_interface/include/wx250s_interface/wx250s_interface/action
-- Up-to-date: /home/robot/ros2jazzy/GitRepo/MXEN3005/mxen_ws/install/wx250s_interface/include/wx250s_interface/wx250s_interface/action/detail
-- Up-to-date: /home/robot/ros2jazzy/GitRepo/MXEN3005/mxen_ws/install/wx250s_interface/include/wx250s_interface/wx250s_interface/action/detail/joint_ptp__rosidl_typesupport_introspection_cpp.hpp
-- Up-to-date: /home/robot/ros2jazzy/GitRepo/MXEN3005/mxen_ws/install/wx250s_interface/include/wx250s_interface/wx250s_interface/action/detail/joint_ptp__type_support.cpp
-- Up-to-date: /home/robot/ros2jazzy/GitRepo/MXEN3005/mxen_ws/install/wx250s_interface/lib/libwx250s_interface__rosidl_typesupport_introspection_cpp.so
-- Up-to-date: /home/robot/ros2jazzy/GitRepo/MXEN3005/mxen_ws/install/wx250s_interface/lib/libwx250s_interface__rosidl_typesupport_cpp.so
-- Up-to-date: /home/robot/ros2jazzy/GitRepo/MXEN3005/mxen_ws/install/wx250s_interface/share/wx250s_interface/environment/pythonpath.sh
-- Up-to-date: /home/robot/ros2jazzy/GitRepo/MXEN3005/mxen_ws/install/wx250s_interface/share/wx250s_interface/environment/pythonpath.dsv
-- Up-to-date: /home/robot/ros2jazzy/GitRepo/MXEN3005/mxen_ws/install/wx250s_interface/lib/python3.12/site-packages/wx250s_interface-0.0.0-py3.12.egg-info
-- Installing: /home/robot/ros2jazzy/GitRepo/MXEN3005/mxen_ws/install/wx250s_interface/lib/python3.12/site-packages/wx250s_interface-0.0.0-py3.12.egg-info/top_level.txt
-- Installing: /home/robot/ros2jazzy/GitRepo/MXEN3005/mxen_ws/install/wx250s_interface/lib/python3.12/site-packages/wx250s_interface-0.0.0-py3.12.egg-info/PKG-INFO
-- Installing: /home/robot/ros2jazzy/GitRepo/MXEN3005/mxen_ws/install/wx250s_interface/lib/python3.12/site-packages/wx250s_interface-0.0.0-py3.12.egg-info/SOURCES.txt
-- Installing: /home/robot/ros2jazzy/GitRepo/MXEN3005/mxen_ws/install/wx250s_interface/lib/python3.12/site-packages/wx250s_interface-0.0.0-py3.12.egg-info/dependency_links.txt
-- Up-to-date: /home/robot/ros2jazzy/GitRepo/MXEN3005/mxen_ws/install/wx250s_interface/lib/python3.12/site-packages/wx250s_interface
-- Up-to-date: /home/robot/ros2jazzy/GitRepo/MXEN3005/mxen_ws/install/wx250s_interface/lib/python3.12/site-packages/wx250s_interface/action
-- Up-to-date: /home/robot/ros2jazzy/GitRepo/MXEN3005/mxen_ws/install/wx250s_interface/lib/python3.12/site-packages/wx250s_interface/action/__init__.py
-- Up-to-date: /home/robot/ros2jazzy/GitRepo/MXEN3005/mxen_ws/install/wx250s_interface/lib/python3.12/site-packages/wx250s_interface/action/_joint_ptp_s.c
-- Up-to-date: /home/robot/ros2jazzy/GitRepo/MXEN3005/mxen_ws/install/wx250s_interface/lib/python3.12/site-packages/wx250s_interface/action/_joint_ptp.py
-- Up-to-date: /home/robot/ros2jazzy/GitRepo/MXEN3005/mxen_ws/install/wx250s_interface/lib/python3.12/site-packages/wx250s_interface/__init__.py
-- Up-to-date: /home/robot/ros2jazzy/GitRepo/MXEN3005/mxen_ws/install/wx250s_interface/lib/python3.12/site-packages/wx250s_interface/wx250s_interface_s__rosidl_typesupport_fastrtps_c.so
-- Up-to-date: /home/robot/ros2jazzy/GitRepo/MXEN3005/mxen_ws/install/wx250s_interface/lib/python3.12/site-packages/wx250s_interface/_wx250s_interface_s.ep.rosidl_typesupport_c.c
-- Up-to-date: /home/robot/ros2jazzy/GitRepo/MXEN3005/mxen_ws/install/wx250s_interface/lib/python3.12/site-packages/wx250s_interface/_wx250s_interface_s.ep.rosidl_typesupport_introspection_c.c
-- Up-to-date: /home/robot/ros2jazzy/GitRepo/MXEN3005/mxen_ws/install/wx250s_interface/lib/python3.12/site-packages/wx250s_interface/wx250s_interface_s__rosidl_typesupport_c.so
-- Up-to-date: /home/robot/ros2jazzy/GitRepo/MXEN3005/mxen_ws/install/wx250s_interface/lib/python3.12/site-packages/wx250s_interface/_wx250s_interface_s.ep.rosidl_typesupport_fastrtps_c.c
-- Up-to-date: /home/robot/ros2jazzy/GitRepo/MXEN3005/mxen_ws/install/wx250s_interface/lib/python3.12/site-packages/wx250s_interface/wx250s_interface_s__rosidl_typesupport_introspection_c.so
Listing '/home/robot/ros2jazzy/GitRepo/MXEN3005/mxen_ws/install/wx250s_interface/lib/python3.12/site-packages/wx250s_interface'...
Listing '/home/robot/ros2jazzy/GitRepo/MXEN3005/mxen_ws/install/wx250s_interface/lib/python3.12/site-packages/wx250s_interface/action'...
-- Up-to-date: /home/robot/ros2jazzy/GitRepo/MXEN3005/mxen_ws/install/wx250s_interface/lib/python3.12/site-packages/wx250s_interface/wx250s_interface_s__rosidl_typesupport_fastrtps_c.so
-- Up-to-date: /home/robot/ros2jazzy/GitRepo/MXEN3005/mxen_ws/install/wx250s_interface/lib/python3.12/site-packages/wx250s_interface/wx250s_interface_s__rosidl_typesupport_introspection_c.so
-- Up-to-date: /home/robot/ros2jazzy/GitRepo/MXEN3005/mxen_ws/install/wx250s_interface/lib/python3.12/site-packages/wx250s_interface/wx250s_interface_s__rosidl_typesupport_c.so
-- Up-to-date: /home/robot/ros2jazzy/GitRepo/MXEN3005/mxen_ws/install/wx250s_interface/lib/libwx250s_interface__rosidl_generator_py.so
-- Up-to-date: /home/robot/ros2jazzy/GitRepo/MXEN3005/mxen_ws/install/wx250s_interface/share/wx250s_interface/action/JointPTP.idl
-- Up-to-date: /home/robot/ros2jazzy/GitRepo/MXEN3005/mxen_ws/install/wx250s_interface/share/wx250s_interface/action/JointPTP.action
-- Up-to-date: /home/robot/ros2jazzy/GitRepo/MXEN3005/mxen_ws/install/wx250s_interface/share/ament_index/resource_index/package_run_dependencies/wx250s_interface
-- Up-to-date: /home/robot/ros2jazzy/GitRepo/MXEN3005/mxen_ws/install/wx250s_interface/share/ament_index/resource_index/parent_prefix_path/wx250s_interface
-- Up-to-date: /home/robot/ros2jazzy/GitRepo/MXEN3005/mxen_ws/install/wx250s_interface/share/wx250s_interface/environment/ament_prefix_path.sh
-- Up-to-date: /home/robot/ros2jazzy/GitRepo/MXEN3005/mxen_ws/install/wx250s_interface/share/wx250s_interface/environment/ament_prefix_path.dsv
-- Up-to-date: /home/robot/ros2jazzy/GitRepo/MXEN3005/mxen_ws/install/wx250s_interface/share/wx250s_interface/environment/path.sh
-- Up-to-date: /home/robot/ros2jazzy/GitRepo/MXEN3005/mxen_ws/install/wx250s_interface/share/wx250s_interface/environment/path.dsv
-- Up-to-date: /home/robot/ros2jazzy/GitRepo/MXEN3005/mxen_ws/install/wx250s_interface/share/wx250s_interface/local_setup.bash
-- Up-to-date: /home/robot/ros2jazzy/GitRepo/MXEN3005/mxen_ws/install/wx250s_interface/share/wx250s_interface/local_setup.sh
-- Up-to-date: /home/robot/ros2jazzy/GitRepo/MXEN3005/mxen_ws/install/wx250s_interface/share/wx250s_interface/local_setup.zsh
-- Up-to-date: /home/robot/ros2jazzy/GitRepo/MXEN3005/mxen_ws/install/wx250s_interface/share/wx250s_interface/local_setup.dsv
-- Installing: /home/robot/ros2jazzy/GitRepo/MXEN3005/mxen_ws/install/wx250s_interface/share/wx250s_interface/package.dsv
-- Up-to-date: /home/robot/ros2jazzy/GitRepo/MXEN3005/mxen_ws/install/wx250s_interface/share/ament_index/resource_index/packages/wx250s_interface
-- Up-to-date: /home/robot/ros2jazzy/GitRepo/MXEN3005/mxen_ws/install/wx250s_interface/share/wx250s_interface/cmake/export_wx250s_interface__rosidl_generator_cExport.cmake
-- Up-to-date: /home/robot/ros2jazzy/GitRepo/MXEN3005/mxen_ws/install/wx250s_interface/share/wx250s_interface/cmake/export_wx250s_interface__rosidl_generator_cExport-noconfig.cmake
-- Up-to-date: /home/robot/ros2jazzy/GitRepo/MXEN3005/mxen_ws/install/wx250s_interface/share/wx250s_interface/cmake/export_wx250s_interface__rosidl_typesupport_fastrtps_cExport.cmake
-- Up-to-date: /home/robot/ros2jazzy/GitRepo/MXEN3005/mxen_ws/install/wx250s_interface/share/wx250s_interface/cmake/export_wx250s_interface__rosidl_typesupport_fastrtps_cExport-noconfig.cmake
-- Up-to-date: /home/robot/ros2jazzy/GitRepo/MXEN3005/mxen_ws/install/wx250s_interface/share/wx250s_interface/cmake/wx250s_interface__rosidl_typesupport_introspection_cExport.cmake
-- Up-to-date: /home/robot/ros2jazzy/GitRepo/MXEN3005/mxen_ws/install/wx250s_interface/share/wx250s_interface/cmake/wx250s_interface__rosidl_typesupport_introspection_cExport-noconfig.cmake
-- Up-to-date: /home/robot/ros2jazzy/GitRepo/MXEN3005/mxen_ws/install/wx250s_interface/share/wx250s_interface/cmake/wx250s_interface__rosidl_typesupport_cExport.cmake
-- Up-to-date: /home/robot/ros2jazzy/GitRepo/MXEN3005/mxen_ws/install/wx250s_interface/share/wx250s_interface/cmake/wx250s_interface__rosidl_typesupport_cExport-noconfig.cmake
-- Up-to-date: /home/robot/ros2jazzy/GitRepo/MXEN3005/mxen_ws/install/wx250s_interface/share/wx250s_interface/cmake/export_wx250s_interface__rosidl_generator_cppExport.cmake
-- Up-to-date: /home/robot/ros2jazzy/GitRepo/MXEN3005/mxen_ws/install/wx250s_interface/share/wx250s_interface/cmake/export_wx250s_interface__rosidl_typesupport_fastrtps_cppExport.cmake
-- Up-to-date: /home/robot/ros2jazzy/GitRepo/MXEN3005/mxen_ws/install/wx250s_interface/share/wx250s_interface/cmake/export_wx250s_interface__rosidl_typesupport_fastrtps_cppExport-noconfig.cmake
-- Up-to-date: /home/robot/ros2jazzy/GitRepo/MXEN3005/mxen_ws/install/wx250s_interface/share/wx250s_interface/cmake/wx250s_interface__rosidl_typesupport_introspection_cppExport.cmake
-- Up-to-date: /home/robot/ros2jazzy/GitRepo/MXEN3005/mxen_ws/install/wx250s_interface/share/wx250s_interface/cmake/wx250s_interface__rosidl_typesupport_introspection_cppExport-noconfig.cmake
-- Up-to-date: /home/robot/ros2jazzy/GitRepo/MXEN3005/mxen_ws/install/wx250s_interface/share/wx250s_interface/cmake/wx250s_interface__rosidl_typesupport_cppExport.cmake
-- Up-to-date: /home/robot/ros2jazzy/GitRepo/MXEN3005/mxen_ws/install/wx250s_interface/share/wx250s_interface/cmake/wx250s_interface__rosidl_typesupport_cppExport-noconfig.cmake
-- Up-to-date: /home/robot/ros2jazzy/GitRepo/MXEN3005/mxen_ws/install/wx250s_interface/share/wx250s_interface/cmake/export_wx250s_interface__rosidl_generator_pyExport.cmake
-- Up-to-date: /home/robot/ros2jazzy/GitRepo/MXEN3005/mxen_ws/install/wx250s_interface/share/wx250s_interface/cmake/export_wx250s_interface__rosidl_generator_pyExport-noconfig.cmake
-- Up-to-date: /home/robot/ros2jazzy/GitRepo/MXEN3005/mxen_ws/install/wx250s_interface/share/wx250s_interface/cmake/rosidl_cmake-extras.cmake
-- Up-to-date: /home/robot/ros2jazzy/GitRepo/MXEN3005/mxen_ws/install/wx250s_interface/share/wx250s_interface/cmake/ament_cmake_export_dependencies-extras.cmake
-- Up-to-date: /home/robot/ros2jazzy/GitRepo/MXEN3005/mxen_ws/install/wx250s_interface/share/wx250s_interface/cmake/ament_cmake_export_include_directories-extras.cmake
-- Up-to-date: /home/robot/ros2jazzy/GitRepo/MXEN3005/mxen_ws/install/wx250s_interface/share/wx250s_interface/cmake/ament_cmake_export_libraries-extras.cmake
-- Up-to-date: /home/robot/ros2jazzy/GitRepo/MXEN3005/mxen_ws/install/wx250s_interface/share/wx250s_interface/cmake/ament_cmake_export_targets-extras.cmake
-- Up-to-date: /home/robot/ros2jazzy/GitRepo/MXEN3005/mxen_ws/install/wx250s_interface/share/wx250s_interface/cmake/rosidl_cmake_export_typesupport_targets-extras.cmake
-- Up-to-date: /home/robot/ros2jazzy/GitRepo/MXEN3005/mxen_ws/install/wx250s_interface/share/wx250s_interface/cmake/rosidl_cmake_export_typesupport_libraries-extras.cmake
-- Up-to-date: /home/robot/ros2jazzy/GitRepo/MXEN3005/mxen_ws/install/wx250s_interface/share/wx250s_interface/cmake/wx250s_interfaceConfig.cmake
-- Up-to-date: /home/robot/ros2jazzy/GitRepo/MXEN3005/mxen_ws/install/wx250s_interface/share/wx250s_interface/cmake/wx250s_interfaceConfig-version.cmake
-- Up-to-date: /home/robot/ros2jazzy/GitRepo/MXEN3005/mxen_ws/install/wx250s_interface/share/wx250s_interface/package.xml
