[0.017s] Invoking command in '/home/robot/ros2jazzy/GitRepo/MXEN3005/mxen_ws/build/wx250s_interface': CMAKE_PREFIX_PATH=${CMAKE_PREFIX_PATH}:/opt/ros/jazzy DEBUGINFOD_URLS=https://debuginfod.ubuntu.com VIRTUAL_ENV_PROMPT=(.ros2jazzyvenv) /usr/bin/cmake --build /home/robot/ros2jazzy/GitRepo/MXEN3005/mxen_ws/build/wx250s_interface -- -j4 -l4
[0.095s] [  2%] Built target wx250s_interface__rosidl_generator_type_description
[0.109s] [  2%] Built target ament_cmake_python_copy_wx250s_interface
[0.155s] [  5%] Built target wx250s_interface__cpp
[0.155s] [ 20%] Built target wx250s_interface__rosidl_generator_c
[0.199s] [ 29%] Built target wx250s_interface__rosidl_typesupport_fastrtps_c
[0.204s] [ 38%] Built target wx250s_interface__rosidl_typesupport_introspection_c
[0.215s] [ 47%] Built target wx250s_interface__rosidl_typesupport_cpp
[0.277s] [ 55%] Built target wx250s_interface__rosidl_typesupport_fastrtps_cpp
[0.281s] [ 64%] Built target wx250s_interface__rosidl_typesupport_introspection_cpp
[0.288s] [ 73%] Built target wx250s_interface__rosidl_typesupport_c
[0.334s] [ 73%] Built target wx250s_interface
[0.372s] [ 76%] Built target wx250s_interface__py
[0.406s] [ 82%] Built target wx250s_interface__rosidl_generator_py
[0.468s] running egg_info
[0.473s] [ 88%] Built target wx250s_interface_s__rosidl_typesupport_introspection_c
[0.489s] [ 94%] Built target wx250s_interface_s__rosidl_typesupport_c
[0.494s] [100%] Built target wx250s_interface_s__rosidl_typesupport_fastrtps_c
[0.508s] writing wx250s_interface.egg-info/PKG-INFO
[0.509s] writing dependency_links to wx250s_interface.egg-info/dependency_links.txt
[0.510s] writing top-level names to wx250s_interface.egg-info/top_level.txt
[0.589s] reading manifest file 'wx250s_interface.egg-info/SOURCES.txt'
[0.592s] writing manifest file 'wx250s_interface.egg-info/SOURCES.txt'
[0.630s] [100%] Built target ament_cmake_python_build_wx250s_interface_egg
[0.649s] Invoked command in '/home/robot/ros2jazzy/GitRepo/MXEN3005/mxen_ws/build/wx250s_interface' returned '0': CMAKE_PREFIX_PATH=${CMAKE_PREFIX_PATH}:/opt/ros/jazzy DEBUGINFOD_URLS=https://debuginfod.ubuntu.com VIRTUAL_ENV_PROMPT=(.ros2jazzyvenv) /usr/bin/cmake --build /home/robot/ros2jazzy/GitRepo/MXEN3005/mxen_ws/build/wx250s_interface -- -j4 -l4
[0.671s] Invoking command in '/home/robot/ros2jazzy/GitRepo/MXEN3005/mxen_ws/build/wx250s_interface': CMAKE_PREFIX_PATH=${CMAKE_PREFIX_PATH}:/opt/ros/jazzy DEBUGINFOD_URLS=https://debuginfod.ubuntu.com VIRTUAL_ENV_PROMPT=(.ros2jazzyvenv) /usr/bin/cmake --install /home/robot/ros2jazzy/GitRepo/MXEN3005/mxen_ws/build/wx250s_interface
[0.686s] -- Install configuration: ""
[0.686s] -- Up-to-date: /home/robot/ros2jazzy/GitRepo/MXEN3005/mxen_ws/install/wx250s_interface/share/ament_index/resource_index/rosidl_interfaces/wx250s_interface
[0.686s] -- Up-to-date: /home/robot/ros2jazzy/GitRepo/MXEN3005/mxen_ws/install/wx250s_interface/share/wx250s_interface/action/JointPTP.json
[0.686s] -- Up-to-date: /home/robot/ros2jazzy/GitRepo/MXEN3005/mxen_ws/install/wx250s_interface/include/wx250s_interface/wx250s_interface
[0.686s] -- Up-to-date: /home/robot/ros2jazzy/GitRepo/MXEN3005/mxen_ws/install/wx250s_interface/include/wx250s_interface/wx250s_interface/action
[0.686s] -- Up-to-date: /home/robot/ros2jazzy/GitRepo/MXEN3005/mxen_ws/install/wx250s_interface/include/wx250s_interface/wx250s_interface/action/joint_ptp.h
[0.686s] -- Up-to-date: /home/robot/ros2jazzy/GitRepo/MXEN3005/mxen_ws/install/wx250s_interface/include/wx250s_interface/wx250s_interface/action/detail
[0.687s] -- Up-to-date: /home/robot/ros2jazzy/GitRepo/MXEN3005/mxen_ws/install/wx250s_interface/include/wx250s_interface/wx250s_interface/action/detail/joint_ptp__description.c
[0.687s] -- Up-to-date: /home/robot/ros2jazzy/GitRepo/MXEN3005/mxen_ws/install/wx250s_interface/include/wx250s_interface/wx250s_interface/action/detail/joint_ptp__struct.h
[0.687s] -- Up-to-date: /home/robot/ros2jazzy/GitRepo/MXEN3005/mxen_ws/install/wx250s_interface/include/wx250s_interface/wx250s_interface/action/detail/joint_ptp__type_support.h
[0.687s] -- Up-to-date: /home/robot/ros2jazzy/GitRepo/MXEN3005/mxen_ws/install/wx250s_interface/include/wx250s_interface/wx250s_interface/action/detail/joint_ptp__functions.h
[0.687s] -- Up-to-date: /home/robot/ros2jazzy/GitRepo/MXEN3005/mxen_ws/install/wx250s_interface/include/wx250s_interface/wx250s_interface/action/detail/joint_ptp__functions.c
[0.687s] -- Up-to-date: /home/robot/ros2jazzy/GitRepo/MXEN3005/mxen_ws/install/wx250s_interface/include/wx250s_interface/wx250s_interface/action/detail/joint_ptp__type_support.c
[0.687s] -- Up-to-date: /home/robot/ros2jazzy/GitRepo/MXEN3005/mxen_ws/install/wx250s_interface/include/wx250s_interface/wx250s_interface/msg
[0.687s] -- Up-to-date: /home/robot/ros2jazzy/GitRepo/MXEN3005/mxen_ws/install/wx250s_interface/include/wx250s_interface/wx250s_interface/msg/rosidl_generator_c__visibility_control.h
[0.687s] -- Up-to-date: /home/robot/ros2jazzy/GitRepo/MXEN3005/mxen_ws/install/wx250s_interface/share/wx250s_interface/environment/library_path.sh
[0.687s] -- Up-to-date: /home/robot/ros2jazzy/GitRepo/MXEN3005/mxen_ws/install/wx250s_interface/share/wx250s_interface/environment/library_path.dsv
[0.687s] -- Up-to-date: /home/robot/ros2jazzy/GitRepo/MXEN3005/mxen_ws/install/wx250s_interface/lib/libwx250s_interface__rosidl_generator_c.so
[0.687s] -- Up-to-date: /home/robot/ros2jazzy/GitRepo/MXEN3005/mxen_ws/install/wx250s_interface/include/wx250s_interface/wx250s_interface
[0.687s] -- Up-to-date: /home/robot/ros2jazzy/GitRepo/MXEN3005/mxen_ws/install/wx250s_interface/include/wx250s_interface/wx250s_interface/action
[0.687s] -- Up-to-date: /home/robot/ros2jazzy/GitRepo/MXEN3005/mxen_ws/install/wx250s_interface/include/wx250s_interface/wx250s_interface/action/detail
[0.687s] -- Up-to-date: /home/robot/ros2jazzy/GitRepo/MXEN3005/mxen_ws/install/wx250s_interface/include/wx250s_interface/wx250s_interface/action/detail/joint_ptp__rosidl_typesupport_fastrtps_c.h
[0.687s] -- Up-to-date: /home/robot/ros2jazzy/GitRepo/MXEN3005/mxen_ws/install/wx250s_interface/include/wx250s_interface/wx250s_interface/msg
[0.687s] -- Up-to-date: /home/robot/ros2jazzy/GitRepo/MXEN3005/mxen_ws/install/wx250s_interface/include/wx250s_interface/wx250s_interface/msg/rosidl_typesupport_fastrtps_c__visibility_control.h
[0.687s] -- Up-to-date: /home/robot/ros2jazzy/GitRepo/MXEN3005/mxen_ws/install/wx250s_interface/lib/libwx250s_interface__rosidl_typesupport_fastrtps_c.so
[0.687s] -- Up-to-date: /home/robot/ros2jazzy/GitRepo/MXEN3005/mxen_ws/install/wx250s_interface/include/wx250s_interface/wx250s_interface
[0.687s] -- Up-to-date: /home/robot/ros2jazzy/GitRepo/MXEN3005/mxen_ws/install/wx250s_interface/include/wx250s_interface/wx250s_interface/action
[0.687s] -- Up-to-date: /home/robot/ros2jazzy/GitRepo/MXEN3005/mxen_ws/install/wx250s_interface/include/wx250s_interface/wx250s_interface/action/detail
[0.688s] -- Up-to-date: /home/robot/ros2jazzy/GitRepo/MXEN3005/mxen_ws/install/wx250s_interface/include/wx250s_interface/wx250s_interface/action/detail/joint_ptp__rosidl_typesupport_introspection_c.h
[0.688s] -- Up-to-date: /home/robot/ros2jazzy/GitRepo/MXEN3005/mxen_ws/install/wx250s_interface/include/wx250s_interface/wx250s_interface/action/detail/joint_ptp__type_support.c
[0.688s] -- Up-to-date: /home/robot/ros2jazzy/GitRepo/MXEN3005/mxen_ws/install/wx250s_interface/include/wx250s_interface/wx250s_interface/msg
[0.688s] -- Up-to-date: /home/robot/ros2jazzy/GitRepo/MXEN3005/mxen_ws/install/wx250s_interface/include/wx250s_interface/wx250s_interface/msg/rosidl_typesupport_introspection_c__visibility_control.h
[0.688s] -- Up-to-date: /home/robot/ros2jazzy/GitRepo/MXEN3005/mxen_ws/install/wx250s_interface/lib/libwx250s_interface__rosidl_typesupport_introspection_c.so
[0.688s] -- Up-to-date: /home/robot/ros2jazzy/GitRepo/MXEN3005/mxen_ws/install/wx250s_interface/lib/libwx250s_interface__rosidl_typesupport_c.so
[0.688s] -- Up-to-date: /home/robot/ros2jazzy/GitRepo/MXEN3005/mxen_ws/install/wx250s_interface/include/wx250s_interface/wx250s_interface
[0.688s] -- Up-to-date: /home/robot/ros2jazzy/GitRepo/MXEN3005/mxen_ws/install/wx250s_interface/include/wx250s_interface/wx250s_interface/action
[0.688s] -- Up-to-date: /home/robot/ros2jazzy/GitRepo/MXEN3005/mxen_ws/install/wx250s_interface/include/wx250s_interface/wx250s_interface/action/detail
[0.688s] -- Up-to-date: /home/robot/ros2jazzy/GitRepo/MXEN3005/mxen_ws/install/wx250s_interface/include/wx250s_interface/wx250s_interface/action/detail/joint_ptp__type_support.hpp
[0.688s] -- Up-to-date: /home/robot/ros2jazzy/GitRepo/MXEN3005/mxen_ws/install/wx250s_interface/include/wx250s_interface/wx250s_interface/action/detail/joint_ptp__struct.hpp
[0.688s] -- Up-to-date: /home/robot/ros2jazzy/GitRepo/MXEN3005/mxen_ws/install/wx250s_interface/include/wx250s_interface/wx250s_interface/action/detail/joint_ptp__builder.hpp
[0.688s] -- Up-to-date: /home/robot/ros2jazzy/GitRepo/MXEN3005/mxen_ws/install/wx250s_interface/include/wx250s_interface/wx250s_interface/action/detail/joint_ptp__traits.hpp
[0.688s] -- Up-to-date: /home/robot/ros2jazzy/GitRepo/MXEN3005/mxen_ws/install/wx250s_interface/include/wx250s_interface/wx250s_interface/action/joint_ptp.hpp
[0.688s] -- Up-to-date: /home/robot/ros2jazzy/GitRepo/MXEN3005/mxen_ws/install/wx250s_interface/include/wx250s_interface/wx250s_interface/msg
[0.688s] -- Up-to-date: /home/robot/ros2jazzy/GitRepo/MXEN3005/mxen_ws/install/wx250s_interface/include/wx250s_interface/wx250s_interface/msg/rosidl_generator_cpp__visibility_control.hpp
[0.688s] -- Up-to-date: /home/robot/ros2jazzy/GitRepo/MXEN3005/mxen_ws/install/wx250s_interface/include/wx250s_interface/wx250s_interface
[0.688s] -- Up-to-date: /home/robot/ros2jazzy/GitRepo/MXEN3005/mxen_ws/install/wx250s_interface/include/wx250s_interface/wx250s_interface/action
[0.688s] -- Up-to-date: /home/robot/ros2jazzy/GitRepo/MXEN3005/mxen_ws/install/wx250s_interface/include/wx250s_interface/wx250s_interface/action/detail
[0.688s] -- Up-to-date: /home/robot/ros2jazzy/GitRepo/MXEN3005/mxen_ws/install/wx250s_interface/include/wx250s_interface/wx250s_interface/action/detail/joint_ptp__rosidl_typesupport_fastrtps_cpp.hpp
[0.688s] -- Up-to-date: /home/robot/ros2jazzy/GitRepo/MXEN3005/mxen_ws/install/wx250s_interface/include/wx250s_interface/wx250s_interface/action/detail/dds_fastrtps
[0.689s] -- Up-to-date: /home/robot/ros2jazzy/GitRepo/MXEN3005/mxen_ws/install/wx250s_interface/include/wx250s_interface/wx250s_interface/msg
[0.689s] -- Up-to-date: /home/robot/ros2jazzy/GitRepo/MXEN3005/mxen_ws/install/wx250s_interface/include/wx250s_interface/wx250s_interface/msg/rosidl_typesupport_fastrtps_cpp__visibility_control.h
[0.689s] -- Up-to-date: /home/robot/ros2jazzy/GitRepo/MXEN3005/mxen_ws/install/wx250s_interface/lib/libwx250s_interface__rosidl_typesupport_fastrtps_cpp.so
[0.689s] -- Up-to-date: /home/robot/ros2jazzy/GitRepo/MXEN3005/mxen_ws/install/wx250s_interface/include/wx250s_interface/wx250s_interface
[0.689s] -- Up-to-date: /home/robot/ros2jazzy/GitRepo/MXEN3005/mxen_ws/install/wx250s_interface/include/wx250s_interface/wx250s_interface/action
[0.689s] -- Up-to-date: /home/robot/ros2jazzy/GitRepo/MXEN3005/mxen_ws/install/wx250s_interface/include/wx250s_interface/wx250s_interface/action/detail
[0.689s] -- Up-to-date: /home/robot/ros2jazzy/GitRepo/MXEN3005/mxen_ws/install/wx250s_interface/include/wx250s_interface/wx250s_interface/action/detail/joint_ptp__rosidl_typesupport_introspection_cpp.hpp
[0.689s] -- Up-to-date: /home/robot/ros2jazzy/GitRepo/MXEN3005/mxen_ws/install/wx250s_interface/include/wx250s_interface/wx250s_interface/action/detail/joint_ptp__type_support.cpp
[0.689s] -- Up-to-date: /home/robot/ros2jazzy/GitRepo/MXEN3005/mxen_ws/install/wx250s_interface/lib/libwx250s_interface__rosidl_typesupport_introspection_cpp.so
[0.689s] -- Up-to-date: /home/robot/ros2jazzy/GitRepo/MXEN3005/mxen_ws/install/wx250s_interface/lib/libwx250s_interface__rosidl_typesupport_cpp.so
[0.689s] -- Up-to-date: /home/robot/ros2jazzy/GitRepo/MXEN3005/mxen_ws/install/wx250s_interface/share/wx250s_interface/environment/pythonpath.sh
[0.689s] -- Up-to-date: /home/robot/ros2jazzy/GitRepo/MXEN3005/mxen_ws/install/wx250s_interface/share/wx250s_interface/environment/pythonpath.dsv
[0.689s] -- Up-to-date: /home/robot/ros2jazzy/GitRepo/MXEN3005/mxen_ws/install/wx250s_interface/lib/python3.12/site-packages/wx250s_interface-0.0.0-py3.12.egg-info
[0.689s] -- Installing: /home/robot/ros2jazzy/GitRepo/MXEN3005/mxen_ws/install/wx250s_interface/lib/python3.12/site-packages/wx250s_interface-0.0.0-py3.12.egg-info/top_level.txt
[0.689s] -- Installing: /home/robot/ros2jazzy/GitRepo/MXEN3005/mxen_ws/install/wx250s_interface/lib/python3.12/site-packages/wx250s_interface-0.0.0-py3.12.egg-info/PKG-INFO
[0.689s] -- Installing: /home/robot/ros2jazzy/GitRepo/MXEN3005/mxen_ws/install/wx250s_interface/lib/python3.12/site-packages/wx250s_interface-0.0.0-py3.12.egg-info/SOURCES.txt
[0.689s] -- Installing: /home/robot/ros2jazzy/GitRepo/MXEN3005/mxen_ws/install/wx250s_interface/lib/python3.12/site-packages/wx250s_interface-0.0.0-py3.12.egg-info/dependency_links.txt
[0.690s] -- Up-to-date: /home/robot/ros2jazzy/GitRepo/MXEN3005/mxen_ws/install/wx250s_interface/lib/python3.12/site-packages/wx250s_interface
[0.690s] -- Up-to-date: /home/robot/ros2jazzy/GitRepo/MXEN3005/mxen_ws/install/wx250s_interface/lib/python3.12/site-packages/wx250s_interface/action
[0.690s] -- Up-to-date: /home/robot/ros2jazzy/GitRepo/MXEN3005/mxen_ws/install/wx250s_interface/lib/python3.12/site-packages/wx250s_interface/action/__init__.py
[0.690s] -- Up-to-date: /home/robot/ros2jazzy/GitRepo/MXEN3005/mxen_ws/install/wx250s_interface/lib/python3.12/site-packages/wx250s_interface/action/_joint_ptp_s.c
[0.690s] -- Up-to-date: /home/robot/ros2jazzy/GitRepo/MXEN3005/mxen_ws/install/wx250s_interface/lib/python3.12/site-packages/wx250s_interface/action/_joint_ptp.py
[0.690s] -- Up-to-date: /home/robot/ros2jazzy/GitRepo/MXEN3005/mxen_ws/install/wx250s_interface/lib/python3.12/site-packages/wx250s_interface/__init__.py
[0.690s] -- Up-to-date: /home/robot/ros2jazzy/GitRepo/MXEN3005/mxen_ws/install/wx250s_interface/lib/python3.12/site-packages/wx250s_interface/wx250s_interface_s__rosidl_typesupport_fastrtps_c.so
[0.690s] -- Up-to-date: /home/robot/ros2jazzy/GitRepo/MXEN3005/mxen_ws/install/wx250s_interface/lib/python3.12/site-packages/wx250s_interface/_wx250s_interface_s.ep.rosidl_typesupport_c.c
[0.690s] -- Up-to-date: /home/robot/ros2jazzy/GitRepo/MXEN3005/mxen_ws/install/wx250s_interface/lib/python3.12/site-packages/wx250s_interface/_wx250s_interface_s.ep.rosidl_typesupport_introspection_c.c
[0.690s] -- Up-to-date: /home/robot/ros2jazzy/GitRepo/MXEN3005/mxen_ws/install/wx250s_interface/lib/python3.12/site-packages/wx250s_interface/wx250s_interface_s__rosidl_typesupport_c.so
[0.690s] -- Up-to-date: /home/robot/ros2jazzy/GitRepo/MXEN3005/mxen_ws/install/wx250s_interface/lib/python3.12/site-packages/wx250s_interface/_wx250s_interface_s.ep.rosidl_typesupport_fastrtps_c.c
[0.690s] -- Up-to-date: /home/robot/ros2jazzy/GitRepo/MXEN3005/mxen_ws/install/wx250s_interface/lib/python3.12/site-packages/wx250s_interface/wx250s_interface_s__rosidl_typesupport_introspection_c.so
[0.724s] Listing '/home/robot/ros2jazzy/GitRepo/MXEN3005/mxen_ws/install/wx250s_interface/lib/python3.12/site-packages/wx250s_interface'...
[0.724s] Listing '/home/robot/ros2jazzy/GitRepo/MXEN3005/mxen_ws/install/wx250s_interface/lib/python3.12/site-packages/wx250s_interface/action'...
[0.731s] -- Up-to-date: /home/robot/ros2jazzy/GitRepo/MXEN3005/mxen_ws/install/wx250s_interface/lib/python3.12/site-packages/wx250s_interface/wx250s_interface_s__rosidl_typesupport_fastrtps_c.so
[0.737s] -- Up-to-date: /home/robot/ros2jazzy/GitRepo/MXEN3005/mxen_ws/install/wx250s_interface/lib/python3.12/site-packages/wx250s_interface/wx250s_interface_s__rosidl_typesupport_introspection_c.so
[0.738s] -- Up-to-date: /home/robot/ros2jazzy/GitRepo/MXEN3005/mxen_ws/install/wx250s_interface/lib/python3.12/site-packages/wx250s_interface/wx250s_interface_s__rosidl_typesupport_c.so
[0.740s] -- Up-to-date: /home/robot/ros2jazzy/GitRepo/MXEN3005/mxen_ws/install/wx250s_interface/lib/libwx250s_interface__rosidl_generator_py.so
[0.740s] -- Up-to-date: /home/robot/ros2jazzy/GitRepo/MXEN3005/mxen_ws/install/wx250s_interface/share/wx250s_interface/action/JointPTP.idl
[0.741s] -- Up-to-date: /home/robot/ros2jazzy/GitRepo/MXEN3005/mxen_ws/install/wx250s_interface/share/wx250s_interface/action/JointPTP.action
[0.742s] -- Up-to-date: /home/robot/ros2jazzy/GitRepo/MXEN3005/mxen_ws/install/wx250s_interface/share/ament_index/resource_index/package_run_dependencies/wx250s_interface
[0.742s] -- Up-to-date: /home/robot/ros2jazzy/GitRepo/MXEN3005/mxen_ws/install/wx250s_interface/share/ament_index/resource_index/parent_prefix_path/wx250s_interface
[0.742s] -- Up-to-date: /home/robot/ros2jazzy/GitRepo/MXEN3005/mxen_ws/install/wx250s_interface/share/wx250s_interface/environment/ament_prefix_path.sh
[0.742s] -- Up-to-date: /home/robot/ros2jazzy/GitRepo/MXEN3005/mxen_ws/install/wx250s_interface/share/wx250s_interface/environment/ament_prefix_path.dsv
[0.742s] -- Up-to-date: /home/robot/ros2jazzy/GitRepo/MXEN3005/mxen_ws/install/wx250s_interface/share/wx250s_interface/environment/path.sh
[0.742s] -- Up-to-date: /home/robot/ros2jazzy/GitRepo/MXEN3005/mxen_ws/install/wx250s_interface/share/wx250s_interface/environment/path.dsv
[0.742s] -- Up-to-date: /home/robot/ros2jazzy/GitRepo/MXEN3005/mxen_ws/install/wx250s_interface/share/wx250s_interface/local_setup.bash
[0.742s] -- Up-to-date: /home/robot/ros2jazzy/GitRepo/MXEN3005/mxen_ws/install/wx250s_interface/share/wx250s_interface/local_setup.sh
[0.742s] -- Up-to-date: /home/robot/ros2jazzy/GitRepo/MXEN3005/mxen_ws/install/wx250s_interface/share/wx250s_interface/local_setup.zsh
[0.742s] -- Up-to-date: /home/robot/ros2jazzy/GitRepo/MXEN3005/mxen_ws/install/wx250s_interface/share/wx250s_interface/local_setup.dsv
[0.742s] -- Installing: /home/robot/ros2jazzy/GitRepo/MXEN3005/mxen_ws/install/wx250s_interface/share/wx250s_interface/package.dsv
[0.742s] -- Up-to-date: /home/robot/ros2jazzy/GitRepo/MXEN3005/mxen_ws/install/wx250s_interface/share/ament_index/resource_index/packages/wx250s_interface
[0.742s] -- Up-to-date: /home/robot/ros2jazzy/GitRepo/MXEN3005/mxen_ws/install/wx250s_interface/share/wx250s_interface/cmake/export_wx250s_interface__rosidl_generator_cExport.cmake
[0.742s] -- Up-to-date: /home/robot/ros2jazzy/GitRepo/MXEN3005/mxen_ws/install/wx250s_interface/share/wx250s_interface/cmake/export_wx250s_interface__rosidl_generator_cExport-noconfig.cmake
[0.742s] -- Up-to-date: /home/robot/ros2jazzy/GitRepo/MXEN3005/mxen_ws/install/wx250s_interface/share/wx250s_interface/cmake/export_wx250s_interface__rosidl_typesupport_fastrtps_cExport.cmake
[0.742s] -- Up-to-date: /home/robot/ros2jazzy/GitRepo/MXEN3005/mxen_ws/install/wx250s_interface/share/wx250s_interface/cmake/export_wx250s_interface__rosidl_typesupport_fastrtps_cExport-noconfig.cmake
[0.742s] -- Up-to-date: /home/robot/ros2jazzy/GitRepo/MXEN3005/mxen_ws/install/wx250s_interface/share/wx250s_interface/cmake/wx250s_interface__rosidl_typesupport_introspection_cExport.cmake
[0.742s] -- Up-to-date: /home/robot/ros2jazzy/GitRepo/MXEN3005/mxen_ws/install/wx250s_interface/share/wx250s_interface/cmake/wx250s_interface__rosidl_typesupport_introspection_cExport-noconfig.cmake
[0.743s] -- Up-to-date: /home/robot/ros2jazzy/GitRepo/MXEN3005/mxen_ws/install/wx250s_interface/share/wx250s_interface/cmake/wx250s_interface__rosidl_typesupport_cExport.cmake
[0.743s] -- Up-to-date: /home/robot/ros2jazzy/GitRepo/MXEN3005/mxen_ws/install/wx250s_interface/share/wx250s_interface/cmake/wx250s_interface__rosidl_typesupport_cExport-noconfig.cmake
[0.743s] -- Up-to-date: /home/robot/ros2jazzy/GitRepo/MXEN3005/mxen_ws/install/wx250s_interface/share/wx250s_interface/cmake/export_wx250s_interface__rosidl_generator_cppExport.cmake
[0.743s] -- Up-to-date: /home/robot/ros2jazzy/GitRepo/MXEN3005/mxen_ws/install/wx250s_interface/share/wx250s_interface/cmake/export_wx250s_interface__rosidl_typesupport_fastrtps_cppExport.cmake
[0.743s] -- Up-to-date: /home/robot/ros2jazzy/GitRepo/MXEN3005/mxen_ws/install/wx250s_interface/share/wx250s_interface/cmake/export_wx250s_interface__rosidl_typesupport_fastrtps_cppExport-noconfig.cmake
[0.743s] -- Up-to-date: /home/robot/ros2jazzy/GitRepo/MXEN3005/mxen_ws/install/wx250s_interface/share/wx250s_interface/cmake/wx250s_interface__rosidl_typesupport_introspection_cppExport.cmake
[0.743s] -- Up-to-date: /home/robot/ros2jazzy/GitRepo/MXEN3005/mxen_ws/install/wx250s_interface/share/wx250s_interface/cmake/wx250s_interface__rosidl_typesupport_introspection_cppExport-noconfig.cmake
[0.743s] -- Up-to-date: /home/robot/ros2jazzy/GitRepo/MXEN3005/mxen_ws/install/wx250s_interface/share/wx250s_interface/cmake/wx250s_interface__rosidl_typesupport_cppExport.cmake
[0.745s] -- Up-to-date: /home/robot/ros2jazzy/GitRepo/MXEN3005/mxen_ws/install/wx250s_interface/share/wx250s_interface/cmake/wx250s_interface__rosidl_typesupport_cppExport-noconfig.cmake
[0.745s] -- Up-to-date: /home/robot/ros2jazzy/GitRepo/MXEN3005/mxen_ws/install/wx250s_interface/share/wx250s_interface/cmake/export_wx250s_interface__rosidl_generator_pyExport.cmake
[0.745s] -- Up-to-date: /home/robot/ros2jazzy/GitRepo/MXEN3005/mxen_ws/install/wx250s_interface/share/wx250s_interface/cmake/export_wx250s_interface__rosidl_generator_pyExport-noconfig.cmake
[0.745s] -- Up-to-date: /home/robot/ros2jazzy/GitRepo/MXEN3005/mxen_ws/install/wx250s_interface/share/wx250s_interface/cmake/rosidl_cmake-extras.cmake
[0.746s] -- Up-to-date: /home/robot/ros2jazzy/GitRepo/MXEN3005/mxen_ws/install/wx250s_interface/share/wx250s_interface/cmake/ament_cmake_export_dependencies-extras.cmake
[0.747s] -- Up-to-date: /home/robot/ros2jazzy/GitRepo/MXEN3005/mxen_ws/install/wx250s_interface/share/wx250s_interface/cmake/ament_cmake_export_include_directories-extras.cmake
[0.747s] -- Up-to-date: /home/robot/ros2jazzy/GitRepo/MXEN3005/mxen_ws/install/wx250s_interface/share/wx250s_interface/cmake/ament_cmake_export_libraries-extras.cmake
[0.747s] -- Up-to-date: /home/robot/ros2jazzy/GitRepo/MXEN3005/mxen_ws/install/wx250s_interface/share/wx250s_interface/cmake/ament_cmake_export_targets-extras.cmake
[0.747s] -- Up-to-date: /home/robot/ros2jazzy/GitRepo/MXEN3005/mxen_ws/install/wx250s_interface/share/wx250s_interface/cmake/rosidl_cmake_export_typesupport_targets-extras.cmake
[0.747s] -- Up-to-date: /home/robot/ros2jazzy/GitRepo/MXEN3005/mxen_ws/install/wx250s_interface/share/wx250s_interface/cmake/rosidl_cmake_export_typesupport_libraries-extras.cmake
[0.747s] -- Up-to-date: /home/robot/ros2jazzy/GitRepo/MXEN3005/mxen_ws/install/wx250s_interface/share/wx250s_interface/cmake/wx250s_interfaceConfig.cmake
[0.747s] -- Up-to-date: /home/robot/ros2jazzy/GitRepo/MXEN3005/mxen_ws/install/wx250s_interface/share/wx250s_interface/cmake/wx250s_interfaceConfig-version.cmake
[0.747s] -- Up-to-date: /home/robot/ros2jazzy/GitRepo/MXEN3005/mxen_ws/install/wx250s_interface/share/wx250s_interface/package.xml
[0.747s] Invoked command in '/home/robot/ros2jazzy/GitRepo/MXEN3005/mxen_ws/build/wx250s_interface' returned '0': CMAKE_PREFIX_PATH=${CMAKE_PREFIX_PATH}:/opt/ros/jazzy DEBUGINFOD_URLS=https://debuginfod.ubuntu.com VIRTUAL_ENV_PROMPT=(.ros2jazzyvenv) /usr/bin/cmake --install /home/robot/ros2jazzy/GitRepo/MXEN3005/mxen_ws/build/wx250s_interface
