-- Found ament_cmake: 2.5.3 (/opt/ros/jazzy/share/ament_cmake/cmake)
-- Found Python3: /home/robot/ros2jazzy/.ros2jazzyvenv/bin/python3 (found version "3.12.3") found components: Interpreter 
-- Found rosidl_default_generators: 1.6.0 (/opt/ros/jazzy/share/rosidl_default_generators/cmake)
-- Using all available rosidl_typesupport_c: rosidl_typesupport_fastrtps_c;rosidl_typesupport_introspection_c
-- Using all available rosidl_typesupport_cpp: rosidl_typesupport_fastrtps_cpp;rosidl_typesupport_introspection_cpp
-- Found rosidl_adapter: 4.6.5 (/opt/ros/jazzy/share/rosidl_adapter/cmake)
-- Found ament_cmake_ros: 0.12.0 (/opt/ros/jazzy/share/ament_cmake_ros/cmake)
-- Using all available rosidl_typesupport_c: rosidl_typesupport_fastrtps_c;rosidl_typesupport_introspection_c
-- Using all available rosidl_typesupport_cpp: rosidl_typesupport_fastrtps_cpp;rosidl_typesupport_introspection_cpp
-- Found python_cmake_module: 0.11.1 (/opt/ros/jazzy/share/python_cmake_module/cmake)
-- Found Python3: /home/robot/ros2jazzy/.ros2jazzyvenv/bin/python3 (found version "3.12.3") found components: Interpreter Development NumPy Development.Module Development.Embed 
-- Found ament_lint_auto: 0.17.1 (/opt/ros/jazzy/share/ament_lint_auto/cmake)
-- Added test 'lint_cmake' to check CMake code style
-- Added test 'xmllint' to check XML markup files
-- Configuring done (1.3s)
-- Generating done (0.0s)
-- Build files have been written to: /home/robot/ros2jazzy/GitRepo/MXEN3005/mxen_ws/build/wx250s_interface
[  2%] Built target wx250s_interface__rosidl_generator_type_description
[  2%] Built target ament_cmake_python_copy_wx250s_interface
[  5%] Built target wx250s_interface__cpp
[  8%] [32mBuilding C object CMakeFiles/wx250s_interface__rosidl_generator_c.dir/rosidl_generator_c/wx250s_interface/action/detail/joint_ptp__description.c.o[0m
[ 11%] [32mBuilding C object CMakeFiles/wx250s_interface__rosidl_generator_c.dir/rosidl_generator_c/wx250s_interface/action/detail/joint_ptp__functions.c.o[0m
[ 14%] [32mBuilding C object CMakeFiles/wx250s_interface__rosidl_generator_c.dir/rosidl_generator_c/wx250s_interface/action/detail/joint_ptp__type_support.c.o[0m
[ 17%] [32m[1mLinking C shared library libwx250s_interface__rosidl_generator_c.so[0m
[ 20%] Built target wx250s_interface__rosidl_generator_c
running egg_info
writing wx250s_interface.egg-info/PKG-INFO
writing dependency_links to wx250s_interface.egg-info/dependency_links.txt
writing top-level names to wx250s_interface.egg-info/top_level.txt
[ 23%] [32mBuilding CXX object CMakeFiles/wx250s_interface__rosidl_typesupport_fastrtps_c.dir/rosidl_typesupport_fastrtps_c/wx250s_interface/action/detail/joint_ptp__type_support_c.cpp.o[0m
[ 26%] [32mBuilding CXX object CMakeFiles/wx250s_interface__rosidl_typesupport_cpp.dir/rosidl_typesupport_cpp/wx250s_interface/action/joint_ptp__type_support.cpp.o[0m
[ 29%] [32mBuilding C object CMakeFiles/wx250s_interface__rosidl_typesupport_introspection_c.dir/rosidl_typesupport_introspection_c/wx250s_interface/action/detail/joint_ptp__type_support.c.o[0m
reading manifest file 'wx250s_interface.egg-info/SOURCES.txt'
writing manifest file 'wx250s_interface.egg-info/SOURCES.txt'
[ 29%] Built target ament_cmake_python_build_wx250s_interface_egg
[ 32%] [32m[1mLinking C shared library libwx250s_interface__rosidl_typesupport_introspection_c.so[0m
[ 35%] [32mBuilding CXX object CMakeFiles/wx250s_interface__rosidl_typesupport_c.dir/rosidl_typesupport_c/wx250s_interface/action/joint_ptp__type_support.cpp.o[0m
[ 38%] Built target wx250s_interface__rosidl_typesupport_introspection_c
[ 41%] [32mBuilding CXX object CMakeFiles/wx250s_interface__rosidl_typesupport_fastrtps_cpp.dir/rosidl_typesupport_fastrtps_cpp/wx250s_interface/action/detail/dds_fastrtps/joint_ptp__type_support.cpp.o[0m
[ 44%] [32m[1mLinking CXX shared library libwx250s_interface__rosidl_typesupport_c.so[0m
[ 47%] [32m[1mLinking CXX shared library libwx250s_interface__rosidl_typesupport_fastrtps_c.so[0m
[ 50%] Built target wx250s_interface__rosidl_typesupport_c
[ 52%] [32m[1mLinking CXX shared library libwx250s_interface__rosidl_typesupport_cpp.so[0m
[ 55%] [32mBuilding CXX object CMakeFiles/wx250s_interface__rosidl_typesupport_introspection_cpp.dir/rosidl_typesupport_introspection_cpp/wx250s_interface/action/detail/joint_ptp__type_support.cpp.o[0m
[ 58%] Built target wx250s_interface__rosidl_typesupport_fastrtps_c
[ 61%] Built target wx250s_interface__rosidl_typesupport_cpp
[ 64%] [32m[1mLinking CXX shared library libwx250s_interface__rosidl_typesupport_fastrtps_cpp.so[0m
[ 67%] Built target wx250s_interface__rosidl_typesupport_fastrtps_cpp
[ 70%] [32m[1mLinking CXX shared library libwx250s_interface__rosidl_typesupport_introspection_cpp.so[0m
[ 73%] Built target wx250s_interface__rosidl_typesupport_introspection_cpp
[ 73%] Built target wx250s_interface
[ 76%] Built target wx250s_interface__py
[ 79%] [32mBuilding C object CMakeFiles/wx250s_interface__rosidl_generator_py.dir/rosidl_generator_py/wx250s_interface/action/_joint_ptp_s.c.o[0m
[ 82%] [32m[1mLinking C shared library libwx250s_interface__rosidl_generator_py.so[0m
[ 82%] Built target wx250s_interface__rosidl_generator_py
[ 85%] [32mBuilding C object CMakeFiles/wx250s_interface_s__rosidl_typesupport_c.dir/rosidl_generator_py/wx250s_interface/_wx250s_interface_s.ep.rosidl_typesupport_c.c.o[0m
[ 88%] [32mBuilding C object CMakeFiles/wx250s_interface_s__rosidl_typesupport_fastrtps_c.dir/rosidl_generator_py/wx250s_interface/_wx250s_interface_s.ep.rosidl_typesupport_fastrtps_c.c.o[0m
[ 91%] [32mBuilding C object CMakeFiles/wx250s_interface_s__rosidl_typesupport_introspection_c.dir/rosidl_generator_py/wx250s_interface/_wx250s_interface_s.ep.rosidl_typesupport_introspection_c.c.o[0m
[ 97%] [32m[1mLinking C shared module rosidl_generator_py/wx250s_interface/wx250s_interface_s__rosidl_typesupport_c.so[0m
[ 97%] [32m[1mLinking C shared module rosidl_generator_py/wx250s_interface/wx250s_interface_s__rosidl_typesupport_fastrtps_c.so[0m
[100%] [32m[1mLinking C shared module rosidl_generator_py/wx250s_interface/wx250s_interface_s__rosidl_typesupport_introspection_c.so[0m
[100%] Built target wx250s_interface_s__rosidl_typesupport_c
[100%] Built target wx250s_interface_s__rosidl_typesupport_fastrtps_c
[100%] Built target wx250s_interface_s__rosidl_typesupport_introspection_c
-- Install configuration: ""
-- Up-to-date: /home/robot/ros2jazzy/GitRepo/MXEN3005/mxen_ws/install/wx250s_interface/share/ament_index/resource_index/rosidl_interfaces/wx250s_interface
-- Up-to-date: /home/robot/ros2jazzy/GitRepo/MXEN3005/mxen_ws/install/wx250s_interface/share/wx250s_interface/action/JointPTP.json
-- Up-to-date: /home/robot/ros2jazzy/GitRepo/MXEN3005/mxen_ws/install/wx250s_interface/include/wx250s_interface/wx250s_interface
-- Up-to-date: /home/robot/ros2jazzy/GitRepo/MXEN3005/mxen_ws/install/wx250s_interface/include/wx250s_interface/wx250s_interface/action
-- Up-to-date: /home/robot/ros2jazzy/GitRepo/MXEN3005/mxen_ws/install/wx250s_interface/include/wx250s_interface/wx250s_interface/action/joint_ptp.h
-- Up-to-date: /home/robot/ros2jazzy/GitRepo/MXEN3005/mxen_ws/install/wx250s_interface/include/wx250s_interface/wx250s_interface/action/detail
-- Up-to-date: /home/robot/ros2jazzy/GitRepo/MXEN3005/mxen_ws/install/wx250s_interface/include/wx250s_interface/wx250s_interface/action/detail/joint_ptp__description.c
-- Up-to-date: /home/robot/ros2jazzy/GitRepo/MXEN3005/mxen_ws/install/wx250s_interface/include/wx250s_interface/wx250s_interface/action/detail/joint_ptp__struct.h
-- Up-to-date: /home/robot/ros2jazzy/GitRepo/MXEN3005/mxen_ws/install/wx250s_interface/include/wx250s_interface/wx250s_interface/action/detail/joint_ptp__type_support.h
-- Up-to-date: /home/robot/ros2jazzy/GitRepo/MXEN3005/mxen_ws/install/wx250s_interface/include/wx250s_interface/wx250s_interface/action/detail/joint_ptp__functions.h
-- Up-to-date: /home/robot/ros2jazzy/GitRepo/MXEN3005/mxen_ws/install/wx250s_interface/include/wx250s_interface/wx250s_interface/action/detail/joint_ptp__functions.c
-- Up-to-date: /home/robot/ros2jazzy/GitRepo/MXEN3005/mxen_ws/install/wx250s_interface/include/wx250s_interface/wx250s_interface/action/detail/joint_ptp__type_support.c
-- Up-to-date: /home/robot/ros2jazzy/GitRepo/MXEN3005/mxen_ws/install/wx250s_interface/include/wx250s_interface/wx250s_interface/msg
-- Up-to-date: /home/robot/ros2jazzy/GitRepo/MXEN3005/mxen_ws/install/wx250s_interface/include/wx250s_interface/wx250s_interface/msg/rosidl_generator_c__visibility_control.h
-- Installing: /home/robot/ros2jazzy/GitRepo/MXEN3005/mxen_ws/install/wx250s_interface/share/wx250s_interface/environment/library_path.sh
-- Up-to-date: /home/robot/ros2jazzy/GitRepo/MXEN3005/mxen_ws/install/wx250s_interface/share/wx250s_interface/environment/library_path.dsv
-- Installing: /home/robot/ros2jazzy/GitRepo/MXEN3005/mxen_ws/install/wx250s_interface/lib/libwx250s_interface__rosidl_generator_c.so
-- Set non-toolchain portion of runtime path of "/home/robot/ros2jazzy/GitRepo/MXEN3005/mxen_ws/install/wx250s_interface/lib/libwx250s_interface__rosidl_generator_c.so" to ""
-- Up-to-date: /home/robot/ros2jazzy/GitRepo/MXEN3005/mxen_ws/install/wx250s_interface/include/wx250s_interface/wx250s_interface
-- Up-to-date: /home/robot/ros2jazzy/GitRepo/MXEN3005/mxen_ws/install/wx250s_interface/include/wx250s_interface/wx250s_interface/action
-- Up-to-date: /home/robot/ros2jazzy/GitRepo/MXEN3005/mxen_ws/install/wx250s_interface/include/wx250s_interface/wx250s_interface/action/detail
-- Up-to-date: /home/robot/ros2jazzy/GitRepo/MXEN3005/mxen_ws/install/wx250s_interface/include/wx250s_interface/wx250s_interface/action/detail/joint_ptp__rosidl_typesupport_fastrtps_c.h
-- Up-to-date: /home/robot/ros2jazzy/GitRepo/MXEN3005/mxen_ws/install/wx250s_interface/include/wx250s_interface/wx250s_interface/msg
-- Up-to-date: /home/robot/ros2jazzy/GitRepo/MXEN3005/mxen_ws/install/wx250s_interface/include/wx250s_interface/wx250s_interface/msg/rosidl_typesupport_fastrtps_c__visibility_control.h
-- Installing: /home/robot/ros2jazzy/GitRepo/MXEN3005/mxen_ws/install/wx250s_interface/lib/libwx250s_interface__rosidl_typesupport_fastrtps_c.so
-- Set non-toolchain portion of runtime path of "/home/robot/ros2jazzy/GitRepo/MXEN3005/mxen_ws/install/wx250s_interface/lib/libwx250s_interface__rosidl_typesupport_fastrtps_c.so" to ""
-- Up-to-date: /home/robot/ros2jazzy/GitRepo/MXEN3005/mxen_ws/install/wx250s_interface/include/wx250s_interface/wx250s_interface
-- Up-to-date: /home/robot/ros2jazzy/GitRepo/MXEN3005/mxen_ws/install/wx250s_interface/include/wx250s_interface/wx250s_interface/action
-- Up-to-date: /home/robot/ros2jazzy/GitRepo/MXEN3005/mxen_ws/install/wx250s_interface/include/wx250s_interface/wx250s_interface/action/detail
-- Up-to-date: /home/robot/ros2jazzy/GitRepo/MXEN3005/mxen_ws/install/wx250s_interface/include/wx250s_interface/wx250s_interface/action/detail/joint_ptp__rosidl_typesupport_introspection_c.h
-- Up-to-date: /home/robot/ros2jazzy/GitRepo/MXEN3005/mxen_ws/install/wx250s_interface/include/wx250s_interface/wx250s_interface/action/detail/joint_ptp__type_support.c
-- Up-to-date: /home/robot/ros2jazzy/GitRepo/MXEN3005/mxen_ws/install/wx250s_interface/include/wx250s_interface/wx250s_interface/msg
-- Up-to-date: /home/robot/ros2jazzy/GitRepo/MXEN3005/mxen_ws/install/wx250s_interface/include/wx250s_interface/wx250s_interface/msg/rosidl_typesupport_introspection_c__visibility_control.h
-- Installing: /home/robot/ros2jazzy/GitRepo/MXEN3005/mxen_ws/install/wx250s_interface/lib/libwx250s_interface__rosidl_typesupport_introspection_c.so
-- Set non-toolchain portion of runtime path of "/home/robot/ros2jazzy/GitRepo/MXEN3005/mxen_ws/install/wx250s_interface/lib/libwx250s_interface__rosidl_typesupport_introspection_c.so" to ""
-- Installing: /home/robot/ros2jazzy/GitRepo/MXEN3005/mxen_ws/install/wx250s_interface/lib/libwx250s_interface__rosidl_typesupport_c.so
-- Set non-toolchain portion of runtime path of "/home/robot/ros2jazzy/GitRepo/MXEN3005/mxen_ws/install/wx250s_interface/lib/libwx250s_interface__rosidl_typesupport_c.so" to ""
-- Up-to-date: /home/robot/ros2jazzy/GitRepo/MXEN3005/mxen_ws/install/wx250s_interface/include/wx250s_interface/wx250s_interface
-- Up-to-date: /home/robot/ros2jazzy/GitRepo/MXEN3005/mxen_ws/install/wx250s_interface/include/wx250s_interface/wx250s_interface/action
-- Up-to-date: /home/robot/ros2jazzy/GitRepo/MXEN3005/mxen_ws/install/wx250s_interface/include/wx250s_interface/wx250s_interface/action/detail
-- Up-to-date: /home/robot/ros2jazzy/GitRepo/MXEN3005/mxen_ws/install/wx250s_interface/include/wx250s_interface/wx250s_interface/action/detail/joint_ptp__type_support.hpp
-- Up-to-date: /home/robot/ros2jazzy/GitRepo/MXEN3005/mxen_ws/install/wx250s_interface/include/wx250s_interface/wx250s_interface/action/detail/joint_ptp__struct.hpp
-- Up-to-date: /home/robot/ros2jazzy/GitRepo/MXEN3005/mxen_ws/install/wx250s_interface/include/wx250s_interface/wx250s_interface/action/detail/joint_ptp__builder.hpp
-- Up-to-date: /home/robot/ros2jazzy/GitRepo/MXEN3005/mxen_ws/install/wx250s_interface/include/wx250s_interface/wx250s_interface/action/detail/joint_ptp__traits.hpp
-- Up-to-date: /home/robot/ros2jazzy/GitRepo/MXEN3005/mxen_ws/install/wx250s_interface/include/wx250s_interface/wx250s_interface/action/joint_ptp.hpp
-- Up-to-date: /home/robot/ros2jazzy/GitRepo/MXEN3005/mxen_ws/install/wx250s_interface/include/wx250s_interface/wx250s_interface/msg
-- Up-to-date: /home/robot/ros2jazzy/GitRepo/MXEN3005/mxen_ws/install/wx250s_interface/include/wx250s_interface/wx250s_interface/msg/rosidl_generator_cpp__visibility_control.hpp
-- Up-to-date: /home/robot/ros2jazzy/GitRepo/MXEN3005/mxen_ws/install/wx250s_interface/include/wx250s_interface/wx250s_interface
-- Up-to-date: /home/robot/ros2jazzy/GitRepo/MXEN3005/mxen_ws/install/wx250s_interface/include/wx250s_interface/wx250s_interface/action
-- Up-to-date: /home/robot/ros2jazzy/GitRepo/MXEN3005/mxen_ws/install/wx250s_interface/include/wx250s_interface/wx250s_interface/action/detail
-- Up-to-date: /home/robot/ros2jazzy/GitRepo/MXEN3005/mxen_ws/install/wx250s_interface/include/wx250s_interface/wx250s_interface/action/detail/joint_ptp__rosidl_typesupport_fastrtps_cpp.hpp
-- Installing: /home/robot/ros2jazzy/GitRepo/MXEN3005/mxen_ws/install/wx250s_interface/include/wx250s_interface/wx250s_interface/action/detail/dds_fastrtps
-- Up-to-date: /home/robot/ros2jazzy/GitRepo/MXEN3005/mxen_ws/install/wx250s_interface/include/wx250s_interface/wx250s_interface/msg
-- Up-to-date: /home/robot/ros2jazzy/GitRepo/MXEN3005/mxen_ws/install/wx250s_interface/include/wx250s_interface/wx250s_interface/msg/rosidl_typesupport_fastrtps_cpp__visibility_control.h
-- Installing: /home/robot/ros2jazzy/GitRepo/MXEN3005/mxen_ws/install/wx250s_interface/lib/libwx250s_interface__rosidl_typesupport_fastrtps_cpp.so
-- Set non-toolchain portion of runtime path of "/home/robot/ros2jazzy/GitRepo/MXEN3005/mxen_ws/install/wx250s_interface/lib/libwx250s_interface__rosidl_typesupport_fastrtps_cpp.so" to ""
-- Up-to-date: /home/robot/ros2jazzy/GitRepo/MXEN3005/mxen_ws/install/wx250s_interface/include/wx250s_interface/wx250s_interface
-- Up-to-date: /home/robot/ros2jazzy/GitRepo/MXEN3005/mxen_ws/install/wx250s_interface/include/wx250s_interface/wx250s_interface/action
-- Up-to-date: /home/robot/ros2jazzy/GitRepo/MXEN3005/mxen_ws/install/wx250s_interface/include/wx250s_interface/wx250s_interface/action/detail
-- Up-to-date: /home/robot/ros2jazzy/GitRepo/MXEN3005/mxen_ws/install/wx250s_interface/include/wx250s_interface/wx250s_interface/action/detail/joint_ptp__rosidl_typesupport_introspection_cpp.hpp
-- Up-to-date: /home/robot/ros2jazzy/GitRepo/MXEN3005/mxen_ws/install/wx250s_interface/include/wx250s_interface/wx250s_interface/action/detail/joint_ptp__type_support.cpp
-- Installing: /home/robot/ros2jazzy/GitRepo/MXEN3005/mxen_ws/install/wx250s_interface/lib/libwx250s_interface__rosidl_typesupport_introspection_cpp.so
-- Set non-toolchain portion of runtime path of "/home/robot/ros2jazzy/GitRepo/MXEN3005/mxen_ws/install/wx250s_interface/lib/libwx250s_interface__rosidl_typesupport_introspection_cpp.so" to ""
-- Installing: /home/robot/ros2jazzy/GitRepo/MXEN3005/mxen_ws/install/wx250s_interface/lib/libwx250s_interface__rosidl_typesupport_cpp.so
-- Set non-toolchain portion of runtime path of "/home/robot/ros2jazzy/GitRepo/MXEN3005/mxen_ws/install/wx250s_interface/lib/libwx250s_interface__rosidl_typesupport_cpp.so" to ""
-- Up-to-date: /home/robot/ros2jazzy/GitRepo/MXEN3005/mxen_ws/install/wx250s_interface/share/wx250s_interface/environment/pythonpath.sh
-- Up-to-date: /home/robot/ros2jazzy/GitRepo/MXEN3005/mxen_ws/install/wx250s_interface/share/wx250s_interface/environment/pythonpath.dsv
-- Up-to-date: /home/robot/ros2jazzy/GitRepo/MXEN3005/mxen_ws/install/wx250s_interface/lib/python3.12/site-packages/wx250s_interface-0.0.0-py3.12.egg-info
-- Installing: /home/robot/ros2jazzy/GitRepo/MXEN3005/mxen_ws/install/wx250s_interface/lib/python3.12/site-packages/wx250s_interface-0.0.0-py3.12.egg-info/top_level.txt
-- Installing: /home/robot/ros2jazzy/GitRepo/MXEN3005/mxen_ws/install/wx250s_interface/lib/python3.12/site-packages/wx250s_interface-0.0.0-py3.12.egg-info/PKG-INFO
-- Installing: /home/robot/ros2jazzy/GitRepo/MXEN3005/mxen_ws/install/wx250s_interface/lib/python3.12/site-packages/wx250s_interface-0.0.0-py3.12.egg-info/SOURCES.txt
-- Installing: /home/robot/ros2jazzy/GitRepo/MXEN3005/mxen_ws/install/wx250s_interface/lib/python3.12/site-packages/wx250s_interface-0.0.0-py3.12.egg-info/dependency_links.txt
-- Up-to-date: /home/robot/ros2jazzy/GitRepo/MXEN3005/mxen_ws/install/wx250s_interface/lib/python3.12/site-packages/wx250s_interface
-- Up-to-date: /home/robot/ros2jazzy/GitRepo/MXEN3005/mxen_ws/install/wx250s_interface/lib/python3.12/site-packages/wx250s_interface/action
-- Up-to-date: /home/robot/ros2jazzy/GitRepo/MXEN3005/mxen_ws/install/wx250s_interface/lib/python3.12/site-packages/wx250s_interface/action/__init__.py
-- Up-to-date: /home/robot/ros2jazzy/GitRepo/MXEN3005/mxen_ws/install/wx250s_interface/lib/python3.12/site-packages/wx250s_interface/action/_joint_ptp_s.c
-- Up-to-date: /home/robot/ros2jazzy/GitRepo/MXEN3005/mxen_ws/install/wx250s_interface/lib/python3.12/site-packages/wx250s_interface/action/_joint_ptp.py
-- Installing: /home/robot/ros2jazzy/GitRepo/MXEN3005/mxen_ws/install/wx250s_interface/lib/python3.12/site-packages/wx250s_interface/__init__.py
-- Installing: /home/robot/ros2jazzy/GitRepo/MXEN3005/mxen_ws/install/wx250s_interface/lib/python3.12/site-packages/wx250s_interface/wx250s_interface_s__rosidl_typesupport_fastrtps_c.so
-- Up-to-date: /home/robot/ros2jazzy/GitRepo/MXEN3005/mxen_ws/install/wx250s_interface/lib/python3.12/site-packages/wx250s_interface/_wx250s_interface_s.ep.rosidl_typesupport_c.c
-- Up-to-date: /home/robot/ros2jazzy/GitRepo/MXEN3005/mxen_ws/install/wx250s_interface/lib/python3.12/site-packages/wx250s_interface/_wx250s_interface_s.ep.rosidl_typesupport_introspection_c.c
-- Installing: /home/robot/ros2jazzy/GitRepo/MXEN3005/mxen_ws/install/wx250s_interface/lib/python3.12/site-packages/wx250s_interface/wx250s_interface_s__rosidl_typesupport_c.so
-- Up-to-date: /home/robot/ros2jazzy/GitRepo/MXEN3005/mxen_ws/install/wx250s_interface/lib/python3.12/site-packages/wx250s_interface/_wx250s_interface_s.ep.rosidl_typesupport_fastrtps_c.c
-- Installing: /home/robot/ros2jazzy/GitRepo/MXEN3005/mxen_ws/install/wx250s_interface/lib/python3.12/site-packages/wx250s_interface/wx250s_interface_s__rosidl_typesupport_introspection_c.so
Listing '/home/robot/ros2jazzy/GitRepo/MXEN3005/mxen_ws/install/wx250s_interface/lib/python3.12/site-packages/wx250s_interface'...
Compiling '/home/robot/ros2jazzy/GitRepo/MXEN3005/mxen_ws/install/wx250s_interface/lib/python3.12/site-packages/wx250s_interface/__init__.py'...
Listing '/home/robot/ros2jazzy/GitRepo/MXEN3005/mxen_ws/install/wx250s_interface/lib/python3.12/site-packages/wx250s_interface/action'...
Compiling '/home/robot/ros2jazzy/GitRepo/MXEN3005/mxen_ws/install/wx250s_interface/lib/python3.12/site-packages/wx250s_interface/action/__init__.py'...
Compiling '/home/robot/ros2jazzy/GitRepo/MXEN3005/mxen_ws/install/wx250s_interface/lib/python3.12/site-packages/wx250s_interface/action/_joint_ptp.py'...
-- Installing: /home/robot/ros2jazzy/GitRepo/MXEN3005/mxen_ws/install/wx250s_interface/lib/python3.12/site-packages/wx250s_interface/wx250s_interface_s__rosidl_typesupport_fastrtps_c.so
-- Set non-toolchain portion of runtime path of "/home/robot/ros2jazzy/GitRepo/MXEN3005/mxen_ws/install/wx250s_interface/lib/python3.12/site-packages/wx250s_interface/wx250s_interface_s__rosidl_typesupport_fastrtps_c.so" to ""
-- Installing: /home/robot/ros2jazzy/GitRepo/MXEN3005/mxen_ws/install/wx250s_interface/lib/python3.12/site-packages/wx250s_interface/wx250s_interface_s__rosidl_typesupport_introspection_c.so
-- Set non-toolchain portion of runtime path of "/home/robot/ros2jazzy/GitRepo/MXEN3005/mxen_ws/install/wx250s_interface/lib/python3.12/site-packages/wx250s_interface/wx250s_interface_s__rosidl_typesupport_introspection_c.so" to ""
-- Installing: /home/robot/ros2jazzy/GitRepo/MXEN3005/mxen_ws/install/wx250s_interface/lib/python3.12/site-packages/wx250s_interface/wx250s_interface_s__rosidl_typesupport_c.so
-- Set non-toolchain portion of runtime path of "/home/robot/ros2jazzy/GitRepo/MXEN3005/mxen_ws/install/wx250s_interface/lib/python3.12/site-packages/wx250s_interface/wx250s_interface_s__rosidl_typesupport_c.so" to ""
-- Installing: /home/robot/ros2jazzy/GitRepo/MXEN3005/mxen_ws/install/wx250s_interface/lib/libwx250s_interface__rosidl_generator_py.so
-- Set non-toolchain portion of runtime path of "/home/robot/ros2jazzy/GitRepo/MXEN3005/mxen_ws/install/wx250s_interface/lib/libwx250s_interface__rosidl_generator_py.so" to ""
-- Up-to-date: /home/robot/ros2jazzy/GitRepo/MXEN3005/mxen_ws/install/wx250s_interface/share/wx250s_interface/action/JointPTP.idl
-- Up-to-date: /home/robot/ros2jazzy/GitRepo/MXEN3005/mxen_ws/install/wx250s_interface/share/wx250s_interface/action/JointPTP.action
-- Up-to-date: /home/robot/ros2jazzy/GitRepo/MXEN3005/mxen_ws/install/wx250s_interface/share/ament_index/resource_index/package_run_dependencies/wx250s_interface
-- Up-to-date: /home/robot/ros2jazzy/GitRepo/MXEN3005/mxen_ws/install/wx250s_interface/share/ament_index/resource_index/parent_prefix_path/wx250s_interface
-- Installing: /home/robot/ros2jazzy/GitRepo/MXEN3005/mxen_ws/install/wx250s_interface/share/wx250s_interface/environment/ament_prefix_path.sh
-- Up-to-date: /home/robot/ros2jazzy/GitRepo/MXEN3005/mxen_ws/install/wx250s_interface/share/wx250s_interface/environment/ament_prefix_path.dsv
-- Installing: /home/robot/ros2jazzy/GitRepo/MXEN3005/mxen_ws/install/wx250s_interface/share/wx250s_interface/environment/path.sh
-- Up-to-date: /home/robot/ros2jazzy/GitRepo/MXEN3005/mxen_ws/install/wx250s_interface/share/wx250s_interface/environment/path.dsv
-- Up-to-date: /home/robot/ros2jazzy/GitRepo/MXEN3005/mxen_ws/install/wx250s_interface/share/wx250s_interface/local_setup.bash
-- Up-to-date: /home/robot/ros2jazzy/GitRepo/MXEN3005/mxen_ws/install/wx250s_interface/share/wx250s_interface/local_setup.sh
-- Up-to-date: /home/robot/ros2jazzy/GitRepo/MXEN3005/mxen_ws/install/wx250s_interface/share/wx250s_interface/local_setup.zsh
-- Up-to-date: /home/robot/ros2jazzy/GitRepo/MXEN3005/mxen_ws/install/wx250s_interface/share/wx250s_interface/local_setup.dsv
-- Up-to-date: /home/robot/ros2jazzy/GitRepo/MXEN3005/mxen_ws/install/wx250s_interface/share/wx250s_interface/package.dsv
-- Up-to-date: /home/robot/ros2jazzy/GitRepo/MXEN3005/mxen_ws/install/wx250s_interface/share/ament_index/resource_index/packages/wx250s_interface
-- Up-to-date: /home/robot/ros2jazzy/GitRepo/MXEN3005/mxen_ws/install/wx250s_interface/share/wx250s_interface/cmake/export_wx250s_interface__rosidl_generator_cExport.cmake
-- Up-to-date: /home/robot/ros2jazzy/GitRepo/MXEN3005/mxen_ws/install/wx250s_interface/share/wx250s_interface/cmake/export_wx250s_interface__rosidl_generator_cExport-noconfig.cmake
-- Up-to-date: /home/robot/ros2jazzy/GitRepo/MXEN3005/mxen_ws/install/wx250s_interface/share/wx250s_interface/cmake/export_wx250s_interface__rosidl_typesupport_fastrtps_cExport.cmake
-- Up-to-date: /home/robot/ros2jazzy/GitRepo/MXEN3005/mxen_ws/install/wx250s_interface/share/wx250s_interface/cmake/export_wx250s_interface__rosidl_typesupport_fastrtps_cExport-noconfig.cmake
-- Up-to-date: /home/robot/ros2jazzy/GitRepo/MXEN3005/mxen_ws/install/wx250s_interface/share/wx250s_interface/cmake/wx250s_interface__rosidl_typesupport_introspection_cExport.cmake
-- Up-to-date: /home/robot/ros2jazzy/GitRepo/MXEN3005/mxen_ws/install/wx250s_interface/share/wx250s_interface/cmake/wx250s_interface__rosidl_typesupport_introspection_cExport-noconfig.cmake
-- Up-to-date: /home/robot/ros2jazzy/GitRepo/MXEN3005/mxen_ws/install/wx250s_interface/share/wx250s_interface/cmake/wx250s_interface__rosidl_typesupport_cExport.cmake
-- Up-to-date: /home/robot/ros2jazzy/GitRepo/MXEN3005/mxen_ws/install/wx250s_interface/share/wx250s_interface/cmake/wx250s_interface__rosidl_typesupport_cExport-noconfig.cmake
-- Up-to-date: /home/robot/ros2jazzy/GitRepo/MXEN3005/mxen_ws/install/wx250s_interface/share/wx250s_interface/cmake/export_wx250s_interface__rosidl_generator_cppExport.cmake
-- Up-to-date: /home/robot/ros2jazzy/GitRepo/MXEN3005/mxen_ws/install/wx250s_interface/share/wx250s_interface/cmake/export_wx250s_interface__rosidl_typesupport_fastrtps_cppExport.cmake
-- Up-to-date: /home/robot/ros2jazzy/GitRepo/MXEN3005/mxen_ws/install/wx250s_interface/share/wx250s_interface/cmake/export_wx250s_interface__rosidl_typesupport_fastrtps_cppExport-noconfig.cmake
-- Up-to-date: /home/robot/ros2jazzy/GitRepo/MXEN3005/mxen_ws/install/wx250s_interface/share/wx250s_interface/cmake/wx250s_interface__rosidl_typesupport_introspection_cppExport.cmake
-- Up-to-date: /home/robot/ros2jazzy/GitRepo/MXEN3005/mxen_ws/install/wx250s_interface/share/wx250s_interface/cmake/wx250s_interface__rosidl_typesupport_introspection_cppExport-noconfig.cmake
-- Up-to-date: /home/robot/ros2jazzy/GitRepo/MXEN3005/mxen_ws/install/wx250s_interface/share/wx250s_interface/cmake/wx250s_interface__rosidl_typesupport_cppExport.cmake
-- Up-to-date: /home/robot/ros2jazzy/GitRepo/MXEN3005/mxen_ws/install/wx250s_interface/share/wx250s_interface/cmake/wx250s_interface__rosidl_typesupport_cppExport-noconfig.cmake
-- Up-to-date: /home/robot/ros2jazzy/GitRepo/MXEN3005/mxen_ws/install/wx250s_interface/share/wx250s_interface/cmake/export_wx250s_interface__rosidl_generator_pyExport.cmake
-- Up-to-date: /home/robot/ros2jazzy/GitRepo/MXEN3005/mxen_ws/install/wx250s_interface/share/wx250s_interface/cmake/export_wx250s_interface__rosidl_generator_pyExport-noconfig.cmake
-- Up-to-date: /home/robot/ros2jazzy/GitRepo/MXEN3005/mxen_ws/install/wx250s_interface/share/wx250s_interface/cmake/rosidl_cmake-extras.cmake
-- Up-to-date: /home/robot/ros2jazzy/GitRepo/MXEN3005/mxen_ws/install/wx250s_interface/share/wx250s_interface/cmake/ament_cmake_export_dependencies-extras.cmake
-- Up-to-date: /home/robot/ros2jazzy/GitRepo/MXEN3005/mxen_ws/install/wx250s_interface/share/wx250s_interface/cmake/ament_cmake_export_include_directories-extras.cmake
-- Up-to-date: /home/robot/ros2jazzy/GitRepo/MXEN3005/mxen_ws/install/wx250s_interface/share/wx250s_interface/cmake/ament_cmake_export_libraries-extras.cmake
-- Up-to-date: /home/robot/ros2jazzy/GitRepo/MXEN3005/mxen_ws/install/wx250s_interface/share/wx250s_interface/cmake/ament_cmake_export_targets-extras.cmake
-- Up-to-date: /home/robot/ros2jazzy/GitRepo/MXEN3005/mxen_ws/install/wx250s_interface/share/wx250s_interface/cmake/rosidl_cmake_export_typesupport_targets-extras.cmake
-- Up-to-date: /home/robot/ros2jazzy/GitRepo/MXEN3005/mxen_ws/install/wx250s_interface/share/wx250s_interface/cmake/rosidl_cmake_export_typesupport_libraries-extras.cmake
-- Up-to-date: /home/robot/ros2jazzy/GitRepo/MXEN3005/mxen_ws/install/wx250s_interface/share/wx250s_interface/cmake/wx250s_interfaceConfig.cmake
-- Up-to-date: /home/robot/ros2jazzy/GitRepo/MXEN3005/mxen_ws/install/wx250s_interface/share/wx250s_interface/cmake/wx250s_interfaceConfig-version.cmake
-- Up-to-date: /home/robot/ros2jazzy/GitRepo/MXEN3005/mxen_ws/install/wx250s_interface/share/wx250s_interface/package.xml
