[0.023s] Invoking command in '/home/robot/ros2jazzy/GitRepo/MXEN3005/mxen_ws/build/wx250s_interface': CMAKE_PREFIX_PATH=${CMAKE_PREFIX_PATH}:/opt/ros/jazzy DEBUGINFOD_URLS=https://debuginfod.ubuntu.com VIRTUAL_ENV_PROMPT=(.ros2jazzyvenv) /usr/bin/cmake --build /home/robot/ros2jazzy/GitRepo/MXEN3005/mxen_ws/build/wx250s_interface -- -j4 -l4
[0.069s] -- Found ament_cmake: 2.5.3 (/opt/ros/jazzy/share/ament_cmake/cmake)
[0.105s] -- Found Python3: /home/robot/ros2jazzy/.ros2jazzyvenv/bin/python3 (found version "3.12.3") found components: Interpreter 
[0.198s] -- Found rosidl_default_generators: 1.6.0 (/opt/ros/jazzy/share/rosidl_default_generators/cmake)
[0.198s] -- Using all available rosidl_typesupport_c: rosidl_typesupport_fastrtps_c;rosidl_typesupport_introspection_c
[0.232s] -- Using all available rosidl_typesupport_cpp: rosidl_typesupport_fastrtps_cpp;rosidl_typesupport_introspection_cpp
[0.267s] -- Found rosidl_adapter: 4.6.5 (/opt/ros/jazzy/share/rosidl_adapter/cmake)
[0.654s] -- Found ament_cmake_ros: 0.12.0 (/opt/ros/jazzy/share/ament_cmake_ros/cmake)
[0.810s] -- Using all available rosidl_typesupport_c: rosidl_typesupport_fastrtps_c;rosidl_typesupport_introspection_c
[0.998s] -- Using all available rosidl_typesupport_cpp: rosidl_typesupport_fastrtps_cpp;rosidl_typesupport_introspection_cpp
[0.998s] -- Found python_cmake_module: 0.11.1 (/opt/ros/jazzy/share/python_cmake_module/cmake)
[1.299s] -- Found Python3: /home/robot/ros2jazzy/.ros2jazzyvenv/bin/python3 (found version "3.12.3") found components: Interpreter Development NumPy Development.Module Development.Embed 
[1.315s] -- Found ament_lint_auto: 0.17.1 (/opt/ros/jazzy/share/ament_lint_auto/cmake)
[1.324s] -- Added test 'lint_cmake' to check CMake code style
[1.329s] -- Added test 'xmllint' to check XML markup files
[1.329s] -- Configuring done (1.3s)
[1.387s] -- Generating done (0.0s)
[1.409s] -- Build files have been written to: /home/robot/ros2jazzy/GitRepo/MXEN3005/mxen_ws/build/wx250s_interface
[1.454s] [  2%] Built target wx250s_interface__rosidl_generator_type_description
[1.466s] [  2%] Built target ament_cmake_python_copy_wx250s_interface
[1.491s] [  5%] Built target wx250s_interface__cpp
[1.505s] [  8%] [32mBuilding C object CMakeFiles/wx250s_interface__rosidl_generator_c.dir/rosidl_generator_c/wx250s_interface/action/detail/joint_ptp__description.c.o[0m
[1.513s] [ 11%] [32mBuilding C object CMakeFiles/wx250s_interface__rosidl_generator_c.dir/rosidl_generator_c/wx250s_interface/action/detail/joint_ptp__functions.c.o[0m
[1.526s] [ 14%] [32mBuilding C object CMakeFiles/wx250s_interface__rosidl_generator_c.dir/rosidl_generator_c/wx250s_interface/action/detail/joint_ptp__type_support.c.o[0m
[1.677s] [ 17%] [32m[1mLinking C shared library libwx250s_interface__rosidl_generator_c.so[0m
[1.741s] [ 20%] Built target wx250s_interface__rosidl_generator_c
[1.762s] running egg_info
[1.783s] writing wx250s_interface.egg-info/PKG-INFO
[1.784s] writing dependency_links to wx250s_interface.egg-info/dependency_links.txt
[1.785s] writing top-level names to wx250s_interface.egg-info/top_level.txt
[1.786s] [ 23%] [32mBuilding CXX object CMakeFiles/wx250s_interface__rosidl_typesupport_fastrtps_c.dir/rosidl_typesupport_fastrtps_c/wx250s_interface/action/detail/joint_ptp__type_support_c.cpp.o[0m
[1.808s] [ 26%] [32mBuilding CXX object CMakeFiles/wx250s_interface__rosidl_typesupport_cpp.dir/rosidl_typesupport_cpp/wx250s_interface/action/joint_ptp__type_support.cpp.o[0m
[1.828s] [ 29%] [32mBuilding C object CMakeFiles/wx250s_interface__rosidl_typesupport_introspection_c.dir/rosidl_typesupport_introspection_c/wx250s_interface/action/detail/joint_ptp__type_support.c.o[0m
[1.866s] reading manifest file 'wx250s_interface.egg-info/SOURCES.txt'
[1.866s] writing manifest file 'wx250s_interface.egg-info/SOURCES.txt'
[1.914s] [ 29%] Built target ament_cmake_python_build_wx250s_interface_egg
[1.926s] [ 32%] [32m[1mLinking C shared library libwx250s_interface__rosidl_typesupport_introspection_c.so[0m
[1.973s] [ 35%] [32mBuilding CXX object CMakeFiles/wx250s_interface__rosidl_typesupport_c.dir/rosidl_typesupport_c/wx250s_interface/action/joint_ptp__type_support.cpp.o[0m
[1.988s] [ 38%] Built target wx250s_interface__rosidl_typesupport_introspection_c
[2.050s] [ 41%] [32mBuilding CXX object CMakeFiles/wx250s_interface__rosidl_typesupport_fastrtps_cpp.dir/rosidl_typesupport_fastrtps_cpp/wx250s_interface/action/detail/dds_fastrtps/joint_ptp__type_support.cpp.o[0m
[2.068s] [ 44%] [32m[1mLinking CXX shared library libwx250s_interface__rosidl_typesupport_c.so[0m
[2.502s] [ 47%] [32m[1mLinking CXX shared library libwx250s_interface__rosidl_typesupport_fastrtps_c.so[0m
[2.522s] [ 50%] Built target wx250s_interface__rosidl_typesupport_c
[2.610s] [ 52%] [32m[1mLinking CXX shared library libwx250s_interface__rosidl_typesupport_cpp.so[0m
[2.612s] [ 55%] [32mBuilding CXX object CMakeFiles/wx250s_interface__rosidl_typesupport_introspection_cpp.dir/rosidl_typesupport_introspection_cpp/wx250s_interface/action/detail/joint_ptp__type_support.cpp.o[0m
[2.641s] [ 58%] Built target wx250s_interface__rosidl_typesupport_fastrtps_c
[2.882s] [ 61%] Built target wx250s_interface__rosidl_typesupport_cpp
[3.096s] [ 64%] [32m[1mLinking CXX shared library libwx250s_interface__rosidl_typesupport_fastrtps_cpp.so[0m
[3.194s] [ 67%] Built target wx250s_interface__rosidl_typesupport_fastrtps_cpp
[3.308s] [ 70%] [32m[1mLinking CXX shared library libwx250s_interface__rosidl_typesupport_introspection_cpp.so[0m
[3.396s] [ 73%] Built target wx250s_interface__rosidl_typesupport_introspection_cpp
[3.436s] [ 73%] Built target wx250s_interface
[3.466s] [ 76%] Built target wx250s_interface__py
[3.510s] [ 79%] [32mBuilding C object CMakeFiles/wx250s_interface__rosidl_generator_py.dir/rosidl_generator_py/wx250s_interface/action/_joint_ptp_s.c.o[0m
[3.684s] [ 82%] [32m[1mLinking C shared library libwx250s_interface__rosidl_generator_py.so[0m
[3.743s] [ 82%] Built target wx250s_interface__rosidl_generator_py
[3.795s] [ 85%] [32mBuilding C object CMakeFiles/wx250s_interface_s__rosidl_typesupport_c.dir/rosidl_generator_py/wx250s_interface/_wx250s_interface_s.ep.rosidl_typesupport_c.c.o[0m
[3.796s] [ 88%] [32mBuilding C object CMakeFiles/wx250s_interface_s__rosidl_typesupport_fastrtps_c.dir/rosidl_generator_py/wx250s_interface/_wx250s_interface_s.ep.rosidl_typesupport_fastrtps_c.c.o[0m
[3.798s] [ 91%] [32mBuilding C object CMakeFiles/wx250s_interface_s__rosidl_typesupport_introspection_c.dir/rosidl_generator_py/wx250s_interface/_wx250s_interface_s.ep.rosidl_typesupport_introspection_c.c.o[0m
[3.960s] [ 97%] [32m[1mLinking C shared module rosidl_generator_py/wx250s_interface/wx250s_interface_s__rosidl_typesupport_c.so[0m
[3.961s] [ 97%] [32m[1mLinking C shared module rosidl_generator_py/wx250s_interface/wx250s_interface_s__rosidl_typesupport_fastrtps_c.so[0m
[4.016s] [100%] [32m[1mLinking C shared module rosidl_generator_py/wx250s_interface/wx250s_interface_s__rosidl_typesupport_introspection_c.so[0m
[4.029s] [100%] Built target wx250s_interface_s__rosidl_typesupport_c
[4.035s] [100%] Built target wx250s_interface_s__rosidl_typesupport_fastrtps_c
[4.063s] [100%] Built target wx250s_interface_s__rosidl_typesupport_introspection_c
[4.079s] Invoked command in '/home/robot/ros2jazzy/GitRepo/MXEN3005/mxen_ws/build/wx250s_interface' returned '0': CMAKE_PREFIX_PATH=${CMAKE_PREFIX_PATH}:/opt/ros/jazzy DEBUGINFOD_URLS=https://debuginfod.ubuntu.com VIRTUAL_ENV_PROMPT=(.ros2jazzyvenv) /usr/bin/cmake --build /home/robot/ros2jazzy/GitRepo/MXEN3005/mxen_ws/build/wx250s_interface -- -j4 -l4
[4.092s] Invoking command in '/home/robot/ros2jazzy/GitRepo/MXEN3005/mxen_ws/build/wx250s_interface': CMAKE_PREFIX_PATH=${CMAKE_PREFIX_PATH}:/opt/ros/jazzy DEBUGINFOD_URLS=https://debuginfod.ubuntu.com VIRTUAL_ENV_PROMPT=(.ros2jazzyvenv) /usr/bin/cmake --install /home/robot/ros2jazzy/GitRepo/MXEN3005/mxen_ws/build/wx250s_interface
[4.103s] -- Install configuration: ""
[4.104s] -- Up-to-date: /home/robot/ros2jazzy/GitRepo/MXEN3005/mxen_ws/install/wx250s_interface/share/ament_index/resource_index/rosidl_interfaces/wx250s_interface
[4.104s] -- Up-to-date: /home/robot/ros2jazzy/GitRepo/MXEN3005/mxen_ws/install/wx250s_interface/share/wx250s_interface/action/JointPTP.json
[4.104s] -- Up-to-date: /home/robot/ros2jazzy/GitRepo/MXEN3005/mxen_ws/install/wx250s_interface/include/wx250s_interface/wx250s_interface
[4.104s] -- Up-to-date: /home/robot/ros2jazzy/GitRepo/MXEN3005/mxen_ws/install/wx250s_interface/include/wx250s_interface/wx250s_interface/action
[4.104s] -- Up-to-date: /home/robot/ros2jazzy/GitRepo/MXEN3005/mxen_ws/install/wx250s_interface/include/wx250s_interface/wx250s_interface/action/joint_ptp.h
[4.104s] -- Up-to-date: /home/robot/ros2jazzy/GitRepo/MXEN3005/mxen_ws/install/wx250s_interface/include/wx250s_interface/wx250s_interface/action/detail
[4.104s] -- Up-to-date: /home/robot/ros2jazzy/GitRepo/MXEN3005/mxen_ws/install/wx250s_interface/include/wx250s_interface/wx250s_interface/action/detail/joint_ptp__description.c
[4.105s] -- Up-to-date: /home/robot/ros2jazzy/GitRepo/MXEN3005/mxen_ws/install/wx250s_interface/include/wx250s_interface/wx250s_interface/action/detail/joint_ptp__struct.h
[4.105s] -- Up-to-date: /home/robot/ros2jazzy/GitRepo/MXEN3005/mxen_ws/install/wx250s_interface/include/wx250s_interface/wx250s_interface/action/detail/joint_ptp__type_support.h
[4.105s] -- Up-to-date: /home/robot/ros2jazzy/GitRepo/MXEN3005/mxen_ws/install/wx250s_interface/include/wx250s_interface/wx250s_interface/action/detail/joint_ptp__functions.h
[4.105s] -- Up-to-date: /home/robot/ros2jazzy/GitRepo/MXEN3005/mxen_ws/install/wx250s_interface/include/wx250s_interface/wx250s_interface/action/detail/joint_ptp__functions.c
[4.105s] -- Up-to-date: /home/robot/ros2jazzy/GitRepo/MXEN3005/mxen_ws/install/wx250s_interface/include/wx250s_interface/wx250s_interface/action/detail/joint_ptp__type_support.c
[4.105s] -- Up-to-date: /home/robot/ros2jazzy/GitRepo/MXEN3005/mxen_ws/install/wx250s_interface/include/wx250s_interface/wx250s_interface/msg
[4.105s] -- Up-to-date: /home/robot/ros2jazzy/GitRepo/MXEN3005/mxen_ws/install/wx250s_interface/include/wx250s_interface/wx250s_interface/msg/rosidl_generator_c__visibility_control.h
[4.105s] -- Installing: /home/robot/ros2jazzy/GitRepo/MXEN3005/mxen_ws/install/wx250s_interface/share/wx250s_interface/environment/library_path.sh
[4.105s] -- Up-to-date: /home/robot/ros2jazzy/GitRepo/MXEN3005/mxen_ws/install/wx250s_interface/share/wx250s_interface/environment/library_path.dsv
[4.106s] -- Installing: /home/robot/ros2jazzy/GitRepo/MXEN3005/mxen_ws/install/wx250s_interface/lib/libwx250s_interface__rosidl_generator_c.so
[4.106s] -- Set non-toolchain portion of runtime path of "/home/robot/ros2jazzy/GitRepo/MXEN3005/mxen_ws/install/wx250s_interface/lib/libwx250s_interface__rosidl_generator_c.so" to ""
[4.106s] -- Up-to-date: /home/robot/ros2jazzy/GitRepo/MXEN3005/mxen_ws/install/wx250s_interface/include/wx250s_interface/wx250s_interface
[4.106s] -- Up-to-date: /home/robot/ros2jazzy/GitRepo/MXEN3005/mxen_ws/install/wx250s_interface/include/wx250s_interface/wx250s_interface/action
[4.106s] -- Up-to-date: /home/robot/ros2jazzy/GitRepo/MXEN3005/mxen_ws/install/wx250s_interface/include/wx250s_interface/wx250s_interface/action/detail
[4.106s] -- Up-to-date: /home/robot/ros2jazzy/GitRepo/MXEN3005/mxen_ws/install/wx250s_interface/include/wx250s_interface/wx250s_interface/action/detail/joint_ptp__rosidl_typesupport_fastrtps_c.h
[4.106s] -- Up-to-date: /home/robot/ros2jazzy/GitRepo/MXEN3005/mxen_ws/install/wx250s_interface/include/wx250s_interface/wx250s_interface/msg
[4.106s] -- Up-to-date: /home/robot/ros2jazzy/GitRepo/MXEN3005/mxen_ws/install/wx250s_interface/include/wx250s_interface/wx250s_interface/msg/rosidl_typesupport_fastrtps_c__visibility_control.h
[4.106s] -- Installing: /home/robot/ros2jazzy/GitRepo/MXEN3005/mxen_ws/install/wx250s_interface/lib/libwx250s_interface__rosidl_typesupport_fastrtps_c.so
[4.111s] -- Set non-toolchain portion of runtime path of "/home/robot/ros2jazzy/GitRepo/MXEN3005/mxen_ws/install/wx250s_interface/lib/libwx250s_interface__rosidl_typesupport_fastrtps_c.so" to ""
[4.111s] -- Up-to-date: /home/robot/ros2jazzy/GitRepo/MXEN3005/mxen_ws/install/wx250s_interface/include/wx250s_interface/wx250s_interface
[4.111s] -- Up-to-date: /home/robot/ros2jazzy/GitRepo/MXEN3005/mxen_ws/install/wx250s_interface/include/wx250s_interface/wx250s_interface/action
[4.111s] -- Up-to-date: /home/robot/ros2jazzy/GitRepo/MXEN3005/mxen_ws/install/wx250s_interface/include/wx250s_interface/wx250s_interface/action/detail
[4.111s] -- Up-to-date: /home/robot/ros2jazzy/GitRepo/MXEN3005/mxen_ws/install/wx250s_interface/include/wx250s_interface/wx250s_interface/action/detail/joint_ptp__rosidl_typesupport_introspection_c.h
[4.111s] -- Up-to-date: /home/robot/ros2jazzy/GitRepo/MXEN3005/mxen_ws/install/wx250s_interface/include/wx250s_interface/wx250s_interface/action/detail/joint_ptp__type_support.c
[4.111s] -- Up-to-date: /home/robot/ros2jazzy/GitRepo/MXEN3005/mxen_ws/install/wx250s_interface/include/wx250s_interface/wx250s_interface/msg
[4.111s] -- Up-to-date: /home/robot/ros2jazzy/GitRepo/MXEN3005/mxen_ws/install/wx250s_interface/include/wx250s_interface/wx250s_interface/msg/rosidl_typesupport_introspection_c__visibility_control.h
[4.111s] -- Installing: /home/robot/ros2jazzy/GitRepo/MXEN3005/mxen_ws/install/wx250s_interface/lib/libwx250s_interface__rosidl_typesupport_introspection_c.so
[4.111s] -- Set non-toolchain portion of runtime path of "/home/robot/ros2jazzy/GitRepo/MXEN3005/mxen_ws/install/wx250s_interface/lib/libwx250s_interface__rosidl_typesupport_introspection_c.so" to ""
[4.111s] -- Installing: /home/robot/ros2jazzy/GitRepo/MXEN3005/mxen_ws/install/wx250s_interface/lib/libwx250s_interface__rosidl_typesupport_c.so
[4.111s] -- Set non-toolchain portion of runtime path of "/home/robot/ros2jazzy/GitRepo/MXEN3005/mxen_ws/install/wx250s_interface/lib/libwx250s_interface__rosidl_typesupport_c.so" to ""
[4.111s] -- Up-to-date: /home/robot/ros2jazzy/GitRepo/MXEN3005/mxen_ws/install/wx250s_interface/include/wx250s_interface/wx250s_interface
[4.111s] -- Up-to-date: /home/robot/ros2jazzy/GitRepo/MXEN3005/mxen_ws/install/wx250s_interface/include/wx250s_interface/wx250s_interface/action
[4.111s] -- Up-to-date: /home/robot/ros2jazzy/GitRepo/MXEN3005/mxen_ws/install/wx250s_interface/include/wx250s_interface/wx250s_interface/action/detail
[4.111s] -- Up-to-date: /home/robot/ros2jazzy/GitRepo/MXEN3005/mxen_ws/install/wx250s_interface/include/wx250s_interface/wx250s_interface/action/detail/joint_ptp__type_support.hpp
[4.111s] -- Up-to-date: /home/robot/ros2jazzy/GitRepo/MXEN3005/mxen_ws/install/wx250s_interface/include/wx250s_interface/wx250s_interface/action/detail/joint_ptp__struct.hpp
[4.111s] -- Up-to-date: /home/robot/ros2jazzy/GitRepo/MXEN3005/mxen_ws/install/wx250s_interface/include/wx250s_interface/wx250s_interface/action/detail/joint_ptp__builder.hpp
[4.111s] -- Up-to-date: /home/robot/ros2jazzy/GitRepo/MXEN3005/mxen_ws/install/wx250s_interface/include/wx250s_interface/wx250s_interface/action/detail/joint_ptp__traits.hpp
[4.111s] -- Up-to-date: /home/robot/ros2jazzy/GitRepo/MXEN3005/mxen_ws/install/wx250s_interface/include/wx250s_interface/wx250s_interface/action/joint_ptp.hpp
[4.112s] -- Up-to-date: /home/robot/ros2jazzy/GitRepo/MXEN3005/mxen_ws/install/wx250s_interface/include/wx250s_interface/wx250s_interface/msg
[4.112s] -- Up-to-date: /home/robot/ros2jazzy/GitRepo/MXEN3005/mxen_ws/install/wx250s_interface/include/wx250s_interface/wx250s_interface/msg/rosidl_generator_cpp__visibility_control.hpp
[4.112s] -- Up-to-date: /home/robot/ros2jazzy/GitRepo/MXEN3005/mxen_ws/install/wx250s_interface/include/wx250s_interface/wx250s_interface
[4.112s] -- Up-to-date: /home/robot/ros2jazzy/GitRepo/MXEN3005/mxen_ws/install/wx250s_interface/include/wx250s_interface/wx250s_interface/action
[4.113s] -- Up-to-date: /home/robot/ros2jazzy/GitRepo/MXEN3005/mxen_ws/install/wx250s_interface/include/wx250s_interface/wx250s_interface/action/detail
[4.115s] -- Up-to-date: /home/robot/ros2jazzy/GitRepo/MXEN3005/mxen_ws/install/wx250s_interface/include/wx250s_interface/wx250s_interface/action/detail/joint_ptp__rosidl_typesupport_fastrtps_cpp.hpp
[4.115s] -- Installing: /home/robot/ros2jazzy/GitRepo/MXEN3005/mxen_ws/install/wx250s_interface/include/wx250s_interface/wx250s_interface/action/detail/dds_fastrtps
[4.115s] -- Up-to-date: /home/robot/ros2jazzy/GitRepo/MXEN3005/mxen_ws/install/wx250s_interface/include/wx250s_interface/wx250s_interface/msg
[4.116s] -- Up-to-date: /home/robot/ros2jazzy/GitRepo/MXEN3005/mxen_ws/install/wx250s_interface/include/wx250s_interface/wx250s_interface/msg/rosidl_typesupport_fastrtps_cpp__visibility_control.h
[4.116s] -- Installing: /home/robot/ros2jazzy/GitRepo/MXEN3005/mxen_ws/install/wx250s_interface/lib/libwx250s_interface__rosidl_typesupport_fastrtps_cpp.so
[4.116s] -- Set non-toolchain portion of runtime path of "/home/robot/ros2jazzy/GitRepo/MXEN3005/mxen_ws/install/wx250s_interface/lib/libwx250s_interface__rosidl_typesupport_fastrtps_cpp.so" to ""
[4.116s] -- Up-to-date: /home/robot/ros2jazzy/GitRepo/MXEN3005/mxen_ws/install/wx250s_interface/include/wx250s_interface/wx250s_interface
[4.116s] -- Up-to-date: /home/robot/ros2jazzy/GitRepo/MXEN3005/mxen_ws/install/wx250s_interface/include/wx250s_interface/wx250s_interface/action
[4.116s] -- Up-to-date: /home/robot/ros2jazzy/GitRepo/MXEN3005/mxen_ws/install/wx250s_interface/include/wx250s_interface/wx250s_interface/action/detail
[4.116s] -- Up-to-date: /home/robot/ros2jazzy/GitRepo/MXEN3005/mxen_ws/install/wx250s_interface/include/wx250s_interface/wx250s_interface/action/detail/joint_ptp__rosidl_typesupport_introspection_cpp.hpp
[4.116s] -- Up-to-date: /home/robot/ros2jazzy/GitRepo/MXEN3005/mxen_ws/install/wx250s_interface/include/wx250s_interface/wx250s_interface/action/detail/joint_ptp__type_support.cpp
[4.116s] -- Installing: /home/robot/ros2jazzy/GitRepo/MXEN3005/mxen_ws/install/wx250s_interface/lib/libwx250s_interface__rosidl_typesupport_introspection_cpp.so
[4.116s] -- Set non-toolchain portion of runtime path of "/home/robot/ros2jazzy/GitRepo/MXEN3005/mxen_ws/install/wx250s_interface/lib/libwx250s_interface__rosidl_typesupport_introspection_cpp.so" to ""
[4.116s] -- Installing: /home/robot/ros2jazzy/GitRepo/MXEN3005/mxen_ws/install/wx250s_interface/lib/libwx250s_interface__rosidl_typesupport_cpp.so
[4.116s] -- Set non-toolchain portion of runtime path of "/home/robot/ros2jazzy/GitRepo/MXEN3005/mxen_ws/install/wx250s_interface/lib/libwx250s_interface__rosidl_typesupport_cpp.so" to ""
[4.116s] -- Up-to-date: /home/robot/ros2jazzy/GitRepo/MXEN3005/mxen_ws/install/wx250s_interface/share/wx250s_interface/environment/pythonpath.sh
[4.116s] -- Up-to-date: /home/robot/ros2jazzy/GitRepo/MXEN3005/mxen_ws/install/wx250s_interface/share/wx250s_interface/environment/pythonpath.dsv
[4.116s] -- Up-to-date: /home/robot/ros2jazzy/GitRepo/MXEN3005/mxen_ws/install/wx250s_interface/lib/python3.12/site-packages/wx250s_interface-0.0.0-py3.12.egg-info
[4.116s] -- Installing: /home/robot/ros2jazzy/GitRepo/MXEN3005/mxen_ws/install/wx250s_interface/lib/python3.12/site-packages/wx250s_interface-0.0.0-py3.12.egg-info/top_level.txt
[4.116s] -- Installing: /home/robot/ros2jazzy/GitRepo/MXEN3005/mxen_ws/install/wx250s_interface/lib/python3.12/site-packages/wx250s_interface-0.0.0-py3.12.egg-info/PKG-INFO
[4.116s] -- Installing: /home/robot/ros2jazzy/GitRepo/MXEN3005/mxen_ws/install/wx250s_interface/lib/python3.12/site-packages/wx250s_interface-0.0.0-py3.12.egg-info/SOURCES.txt
[4.116s] -- Installing: /home/robot/ros2jazzy/GitRepo/MXEN3005/mxen_ws/install/wx250s_interface/lib/python3.12/site-packages/wx250s_interface-0.0.0-py3.12.egg-info/dependency_links.txt
[4.116s] -- Up-to-date: /home/robot/ros2jazzy/GitRepo/MXEN3005/mxen_ws/install/wx250s_interface/lib/python3.12/site-packages/wx250s_interface
[4.116s] -- Up-to-date: /home/robot/ros2jazzy/GitRepo/MXEN3005/mxen_ws/install/wx250s_interface/lib/python3.12/site-packages/wx250s_interface/action
[4.117s] -- Up-to-date: /home/robot/ros2jazzy/GitRepo/MXEN3005/mxen_ws/install/wx250s_interface/lib/python3.12/site-packages/wx250s_interface/action/__init__.py
[4.117s] -- Up-to-date: /home/robot/ros2jazzy/GitRepo/MXEN3005/mxen_ws/install/wx250s_interface/lib/python3.12/site-packages/wx250s_interface/action/_joint_ptp_s.c
[4.117s] -- Up-to-date: /home/robot/ros2jazzy/GitRepo/MXEN3005/mxen_ws/install/wx250s_interface/lib/python3.12/site-packages/wx250s_interface/action/_joint_ptp.py
[4.117s] -- Installing: /home/robot/ros2jazzy/GitRepo/MXEN3005/mxen_ws/install/wx250s_interface/lib/python3.12/site-packages/wx250s_interface/__init__.py
[4.117s] -- Installing: /home/robot/ros2jazzy/GitRepo/MXEN3005/mxen_ws/install/wx250s_interface/lib/python3.12/site-packages/wx250s_interface/wx250s_interface_s__rosidl_typesupport_fastrtps_c.so
[4.117s] -- Up-to-date: /home/robot/ros2jazzy/GitRepo/MXEN3005/mxen_ws/install/wx250s_interface/lib/python3.12/site-packages/wx250s_interface/_wx250s_interface_s.ep.rosidl_typesupport_c.c
[4.117s] -- Up-to-date: /home/robot/ros2jazzy/GitRepo/MXEN3005/mxen_ws/install/wx250s_interface/lib/python3.12/site-packages/wx250s_interface/_wx250s_interface_s.ep.rosidl_typesupport_introspection_c.c
[4.117s] -- Installing: /home/robot/ros2jazzy/GitRepo/MXEN3005/mxen_ws/install/wx250s_interface/lib/python3.12/site-packages/wx250s_interface/wx250s_interface_s__rosidl_typesupport_c.so
[4.117s] -- Up-to-date: /home/robot/ros2jazzy/GitRepo/MXEN3005/mxen_ws/install/wx250s_interface/lib/python3.12/site-packages/wx250s_interface/_wx250s_interface_s.ep.rosidl_typesupport_fastrtps_c.c
[4.117s] -- Installing: /home/robot/ros2jazzy/GitRepo/MXEN3005/mxen_ws/install/wx250s_interface/lib/python3.12/site-packages/wx250s_interface/wx250s_interface_s__rosidl_typesupport_introspection_c.so
[4.167s] Listing '/home/robot/ros2jazzy/GitRepo/MXEN3005/mxen_ws/install/wx250s_interface/lib/python3.12/site-packages/wx250s_interface'...
[4.167s] Compiling '/home/robot/ros2jazzy/GitRepo/MXEN3005/mxen_ws/install/wx250s_interface/lib/python3.12/site-packages/wx250s_interface/__init__.py'...
[4.167s] Listing '/home/robot/ros2jazzy/GitRepo/MXEN3005/mxen_ws/install/wx250s_interface/lib/python3.12/site-packages/wx250s_interface/action'...
[4.167s] Compiling '/home/robot/ros2jazzy/GitRepo/MXEN3005/mxen_ws/install/wx250s_interface/lib/python3.12/site-packages/wx250s_interface/action/__init__.py'...
[4.167s] Compiling '/home/robot/ros2jazzy/GitRepo/MXEN3005/mxen_ws/install/wx250s_interface/lib/python3.12/site-packages/wx250s_interface/action/_joint_ptp.py'...
[4.172s] -- Installing: /home/robot/ros2jazzy/GitRepo/MXEN3005/mxen_ws/install/wx250s_interface/lib/python3.12/site-packages/wx250s_interface/wx250s_interface_s__rosidl_typesupport_fastrtps_c.so
[4.172s] -- Set non-toolchain portion of runtime path of "/home/robot/ros2jazzy/GitRepo/MXEN3005/mxen_ws/install/wx250s_interface/lib/python3.12/site-packages/wx250s_interface/wx250s_interface_s__rosidl_typesupport_fastrtps_c.so" to ""
[4.173s] -- Installing: /home/robot/ros2jazzy/GitRepo/MXEN3005/mxen_ws/install/wx250s_interface/lib/python3.12/site-packages/wx250s_interface/wx250s_interface_s__rosidl_typesupport_introspection_c.so
[4.173s] -- Set non-toolchain portion of runtime path of "/home/robot/ros2jazzy/GitRepo/MXEN3005/mxen_ws/install/wx250s_interface/lib/python3.12/site-packages/wx250s_interface/wx250s_interface_s__rosidl_typesupport_introspection_c.so" to ""
[4.173s] -- Installing: /home/robot/ros2jazzy/GitRepo/MXEN3005/mxen_ws/install/wx250s_interface/lib/python3.12/site-packages/wx250s_interface/wx250s_interface_s__rosidl_typesupport_c.so
[4.173s] -- Set non-toolchain portion of runtime path of "/home/robot/ros2jazzy/GitRepo/MXEN3005/mxen_ws/install/wx250s_interface/lib/python3.12/site-packages/wx250s_interface/wx250s_interface_s__rosidl_typesupport_c.so" to ""
[4.173s] -- Installing: /home/robot/ros2jazzy/GitRepo/MXEN3005/mxen_ws/install/wx250s_interface/lib/libwx250s_interface__rosidl_generator_py.so
[4.174s] -- Set non-toolchain portion of runtime path of "/home/robot/ros2jazzy/GitRepo/MXEN3005/mxen_ws/install/wx250s_interface/lib/libwx250s_interface__rosidl_generator_py.so" to ""
[4.174s] -- Up-to-date: /home/robot/ros2jazzy/GitRepo/MXEN3005/mxen_ws/install/wx250s_interface/share/wx250s_interface/action/JointPTP.idl
[4.174s] -- Up-to-date: /home/robot/ros2jazzy/GitRepo/MXEN3005/mxen_ws/install/wx250s_interface/share/wx250s_interface/action/JointPTP.action
[4.174s] -- Up-to-date: /home/robot/ros2jazzy/GitRepo/MXEN3005/mxen_ws/install/wx250s_interface/share/ament_index/resource_index/package_run_dependencies/wx250s_interface
[4.175s] -- Up-to-date: /home/robot/ros2jazzy/GitRepo/MXEN3005/mxen_ws/install/wx250s_interface/share/ament_index/resource_index/parent_prefix_path/wx250s_interface
[4.175s] -- Installing: /home/robot/ros2jazzy/GitRepo/MXEN3005/mxen_ws/install/wx250s_interface/share/wx250s_interface/environment/ament_prefix_path.sh
[4.175s] -- Up-to-date: /home/robot/ros2jazzy/GitRepo/MXEN3005/mxen_ws/install/wx250s_interface/share/wx250s_interface/environment/ament_prefix_path.dsv
[4.175s] -- Installing: /home/robot/ros2jazzy/GitRepo/MXEN3005/mxen_ws/install/wx250s_interface/share/wx250s_interface/environment/path.sh
[4.175s] -- Up-to-date: /home/robot/ros2jazzy/GitRepo/MXEN3005/mxen_ws/install/wx250s_interface/share/wx250s_interface/environment/path.dsv
[4.175s] -- Up-to-date: /home/robot/ros2jazzy/GitRepo/MXEN3005/mxen_ws/install/wx250s_interface/share/wx250s_interface/local_setup.bash
[4.176s] -- Up-to-date: /home/robot/ros2jazzy/GitRepo/MXEN3005/mxen_ws/install/wx250s_interface/share/wx250s_interface/local_setup.sh
[4.176s] -- Up-to-date: /home/robot/ros2jazzy/GitRepo/MXEN3005/mxen_ws/install/wx250s_interface/share/wx250s_interface/local_setup.zsh
[4.176s] -- Up-to-date: /home/robot/ros2jazzy/GitRepo/MXEN3005/mxen_ws/install/wx250s_interface/share/wx250s_interface/local_setup.dsv
[4.176s] -- Up-to-date: /home/robot/ros2jazzy/GitRepo/MXEN3005/mxen_ws/install/wx250s_interface/share/wx250s_interface/package.dsv
[4.176s] -- Up-to-date: /home/robot/ros2jazzy/GitRepo/MXEN3005/mxen_ws/install/wx250s_interface/share/ament_index/resource_index/packages/wx250s_interface
[4.176s] -- Up-to-date: /home/robot/ros2jazzy/GitRepo/MXEN3005/mxen_ws/install/wx250s_interface/share/wx250s_interface/cmake/export_wx250s_interface__rosidl_generator_cExport.cmake
[4.176s] -- Up-to-date: /home/robot/ros2jazzy/GitRepo/MXEN3005/mxen_ws/install/wx250s_interface/share/wx250s_interface/cmake/export_wx250s_interface__rosidl_generator_cExport-noconfig.cmake
[4.176s] -- Up-to-date: /home/robot/ros2jazzy/GitRepo/MXEN3005/mxen_ws/install/wx250s_interface/share/wx250s_interface/cmake/export_wx250s_interface__rosidl_typesupport_fastrtps_cExport.cmake
[4.176s] -- Up-to-date: /home/robot/ros2jazzy/GitRepo/MXEN3005/mxen_ws/install/wx250s_interface/share/wx250s_interface/cmake/export_wx250s_interface__rosidl_typesupport_fastrtps_cExport-noconfig.cmake
[4.176s] -- Up-to-date: /home/robot/ros2jazzy/GitRepo/MXEN3005/mxen_ws/install/wx250s_interface/share/wx250s_interface/cmake/wx250s_interface__rosidl_typesupport_introspection_cExport.cmake
[4.176s] -- Up-to-date: /home/robot/ros2jazzy/GitRepo/MXEN3005/mxen_ws/install/wx250s_interface/share/wx250s_interface/cmake/wx250s_interface__rosidl_typesupport_introspection_cExport-noconfig.cmake
[4.176s] -- Up-to-date: /home/robot/ros2jazzy/GitRepo/MXEN3005/mxen_ws/install/wx250s_interface/share/wx250s_interface/cmake/wx250s_interface__rosidl_typesupport_cExport.cmake
[4.176s] -- Up-to-date: /home/robot/ros2jazzy/GitRepo/MXEN3005/mxen_ws/install/wx250s_interface/share/wx250s_interface/cmake/wx250s_interface__rosidl_typesupport_cExport-noconfig.cmake
[4.176s] -- Up-to-date: /home/robot/ros2jazzy/GitRepo/MXEN3005/mxen_ws/install/wx250s_interface/share/wx250s_interface/cmake/export_wx250s_interface__rosidl_generator_cppExport.cmake
[4.176s] -- Up-to-date: /home/robot/ros2jazzy/GitRepo/MXEN3005/mxen_ws/install/wx250s_interface/share/wx250s_interface/cmake/export_wx250s_interface__rosidl_typesupport_fastrtps_cppExport.cmake
[4.176s] -- Up-to-date: /home/robot/ros2jazzy/GitRepo/MXEN3005/mxen_ws/install/wx250s_interface/share/wx250s_interface/cmake/export_wx250s_interface__rosidl_typesupport_fastrtps_cppExport-noconfig.cmake
[4.177s] -- Up-to-date: /home/robot/ros2jazzy/GitRepo/MXEN3005/mxen_ws/install/wx250s_interface/share/wx250s_interface/cmake/wx250s_interface__rosidl_typesupport_introspection_cppExport.cmake
[4.177s] -- Up-to-date: /home/robot/ros2jazzy/GitRepo/MXEN3005/mxen_ws/install/wx250s_interface/share/wx250s_interface/cmake/wx250s_interface__rosidl_typesupport_introspection_cppExport-noconfig.cmake
[4.177s] -- Up-to-date: /home/robot/ros2jazzy/GitRepo/MXEN3005/mxen_ws/install/wx250s_interface/share/wx250s_interface/cmake/wx250s_interface__rosidl_typesupport_cppExport.cmake
[4.177s] -- Up-to-date: /home/robot/ros2jazzy/GitRepo/MXEN3005/mxen_ws/install/wx250s_interface/share/wx250s_interface/cmake/wx250s_interface__rosidl_typesupport_cppExport-noconfig.cmake
[4.177s] -- Up-to-date: /home/robot/ros2jazzy/GitRepo/MXEN3005/mxen_ws/install/wx250s_interface/share/wx250s_interface/cmake/export_wx250s_interface__rosidl_generator_pyExport.cmake
[4.177s] -- Up-to-date: /home/robot/ros2jazzy/GitRepo/MXEN3005/mxen_ws/install/wx250s_interface/share/wx250s_interface/cmake/export_wx250s_interface__rosidl_generator_pyExport-noconfig.cmake
[4.177s] -- Up-to-date: /home/robot/ros2jazzy/GitRepo/MXEN3005/mxen_ws/install/wx250s_interface/share/wx250s_interface/cmake/rosidl_cmake-extras.cmake
[4.177s] -- Up-to-date: /home/robot/ros2jazzy/GitRepo/MXEN3005/mxen_ws/install/wx250s_interface/share/wx250s_interface/cmake/ament_cmake_export_dependencies-extras.cmake
[4.177s] -- Up-to-date: /home/robot/ros2jazzy/GitRepo/MXEN3005/mxen_ws/install/wx250s_interface/share/wx250s_interface/cmake/ament_cmake_export_include_directories-extras.cmake
[4.177s] -- Up-to-date: /home/robot/ros2jazzy/GitRepo/MXEN3005/mxen_ws/install/wx250s_interface/share/wx250s_interface/cmake/ament_cmake_export_libraries-extras.cmake
[4.177s] -- Up-to-date: /home/robot/ros2jazzy/GitRepo/MXEN3005/mxen_ws/install/wx250s_interface/share/wx250s_interface/cmake/ament_cmake_export_targets-extras.cmake
[4.177s] -- Up-to-date: /home/robot/ros2jazzy/GitRepo/MXEN3005/mxen_ws/install/wx250s_interface/share/wx250s_interface/cmake/rosidl_cmake_export_typesupport_targets-extras.cmake
[4.177s] -- Up-to-date: /home/robot/ros2jazzy/GitRepo/MXEN3005/mxen_ws/install/wx250s_interface/share/wx250s_interface/cmake/rosidl_cmake_export_typesupport_libraries-extras.cmake
[4.177s] -- Up-to-date: /home/robot/ros2jazzy/GitRepo/MXEN3005/mxen_ws/install/wx250s_interface/share/wx250s_interface/cmake/wx250s_interfaceConfig.cmake
[4.178s] -- Up-to-date: /home/robot/ros2jazzy/GitRepo/MXEN3005/mxen_ws/install/wx250s_interface/share/wx250s_interface/cmake/wx250s_interfaceConfig-version.cmake
[4.178s] -- Up-to-date: /home/robot/ros2jazzy/GitRepo/MXEN3005/mxen_ws/install/wx250s_interface/share/wx250s_interface/package.xml
[4.180s] Invoked command in '/home/robot/ros2jazzy/GitRepo/MXEN3005/mxen_ws/build/wx250s_interface' returned '0': CMAKE_PREFIX_PATH=${CMAKE_PREFIX_PATH}:/opt/ros/jazzy DEBUGINFOD_URLS=https://debuginfod.ubuntu.com VIRTUAL_ENV_PROMPT=(.ros2jazzyvenv) /usr/bin/cmake --install /home/robot/ros2jazzy/GitRepo/MXEN3005/mxen_ws/build/wx250s_interface
